[ 2016-10-25T20:06:37+08:00 ] ::1 /MyProject/PHP/think_blog/
INFO: [ app_init ] --START--
INFO: Run Behavior\BuildLiteBehavior [ RunTime:0.000029s ]
INFO: [ app_init ] --END-- [ RunTime:0.029913s ]
INFO: [ app_begin ] --START--
INFO: Run Behavior\ReadHtmlCacheBehavior [ RunTime:0.014364s ]
INFO: [ app_begin ] --END-- [ RunTime:0.014590s ]
SQL: SHOW COLUMNS FROM `think_blog_article` [ RunTime:0.0518s ]
SQL: SELECT `aid`,`title` FROM `think_blog_article` WHERE `is_show` = 1 AND `is_delete` = 0 AND `is_top` = 1 ORDER BY aid desc  [ RunTime:0.0004s ]
SQL: SHOW COLUMNS FROM `think_blog_category` [ RunTime:0.0604s ]
SQL: SELECT * FROM `think_blog_category` ORDER BY csort  [ RunTime:0.0004s ]
SQL: SHOW COLUMNS FROM `think_blog_tag` [ RunTime:0.0394s ]
SQL: SELECT * FROM `think_blog_tag`  [ RunTime:0.0003s ]
SQL: SHOW COLUMNS FROM `think_blog_article_tag` [ RunTime:0.0483s ]
SQL: SELECT COUNT(*) AS tp_count FROM `think_blog_article_tag` WHERE `tag_tid` = 1 LIMIT 1   [ RunTime:0.0003s ]
SQL: SELECT COUNT(*) AS tp_count FROM `think_blog_article_tag` WHERE `tag_tid` = 2 LIMIT 1   [ RunTime:0.0003s ]
SQL: SELECT COUNT(*) AS tp_count FROM `think_blog_article_tag` WHERE `tag_tid` = 3 LIMIT 1   [ RunTime:0.0002s ]
SQL: SELECT COUNT(*) AS tp_count FROM `think_blog_article_tag` WHERE `tag_tid` = 4 LIMIT 1   [ RunTime:0.0002s ]
SQL: SELECT COUNT(*) AS tp_count FROM `think_blog_article_tag` WHERE `tag_tid` = 5 LIMIT 1   [ RunTime:0.0002s ]
SQL: SELECT COUNT(*) AS tp_count FROM `think_blog_article_tag` WHERE `tag_tid` = 6 LIMIT 1   [ RunTime:0.0002s ]
SQL: SELECT COUNT(*) AS tp_count FROM `think_blog_article_tag` WHERE `tag_tid` = 7 LIMIT 1   [ RunTime:0.0002s ]
SQL: SELECT COUNT(*) AS tp_count FROM `think_blog_article_tag` WHERE `tag_tid` = 8 LIMIT 1   [ RunTime:0.0002s ]
SQL: SELECT COUNT(*) AS tp_count FROM `think_blog_article_tag` WHERE `tag_tid` = 9 LIMIT 1   [ RunTime:0.0002s ]
SQL: SELECT COUNT(*) AS tp_count FROM `think_blog_article_tag` WHERE `tag_tid` = 10 LIMIT 1   [ RunTime:0.0003s ]
SQL: SELECT COUNT(*) AS tp_count FROM `think_blog_article_tag` WHERE `tag_tid` = 11 LIMIT 1   [ RunTime:0.0004s ]
SQL: SELECT COUNT(*) AS tp_count FROM `think_blog_article_tag` WHERE `tag_tid` = 12 LIMIT 1   [ RunTime:0.0002s ]
NOTIC: [8] Undefined variable: new_comment D:\wamp\www\MyProject\PHP\think_blog\Application\Common\Controller\HomeBaseController.class.php 第 38 行.

[ 2016-10-25T20:06:47+08:00 ] ::1 /MyProject/PHP/think_blog/
INFO: [ app_init ] --START--
INFO: Run Behavior\BuildLiteBehavior [ RunTime:0.000024s ]
INFO: [ app_init ] --END-- [ RunTime:0.000470s ]
INFO: [ app_begin ] --START--
INFO: Run Behavior\ReadHtmlCacheBehavior [ RunTime:0.000946s ]
INFO: [ app_begin ] --END-- [ RunTime:0.001103s ]
SQL: SHOW COLUMNS FROM `think_blog_article` [ RunTime:0.0113s ]
SQL: SELECT `aid`,`title` FROM `think_blog_article` WHERE `is_show` = 1 AND `is_delete` = 0 AND `is_top` = 1 ORDER BY aid desc  [ RunTime:0.0004s ]
SQL: SHOW COLUMNS FROM `think_blog_category` [ RunTime:0.0078s ]
SQL: SELECT * FROM `think_blog_category` ORDER BY csort  [ RunTime:0.0004s ]
SQL: SHOW COLUMNS FROM `think_blog_tag` [ RunTime:0.0070s ]
SQL: SELECT * FROM `think_blog_tag`  [ RunTime:0.0004s ]
SQL: SHOW COLUMNS FROM `think_blog_article_tag` [ RunTime:0.0064s ]
SQL: SELECT COUNT(*) AS tp_count FROM `think_blog_article_tag` WHERE `tag_tid` = 1 LIMIT 1   [ RunTime:0.0003s ]
SQL: SELECT COUNT(*) AS tp_count FROM `think_blog_article_tag` WHERE `tag_tid` = 2 LIMIT 1   [ RunTime:0.0003s ]
SQL: SELECT COUNT(*) AS tp_count FROM `think_blog_article_tag` WHERE `tag_tid` = 3 LIMIT 1   [ RunTime:0.0002s ]
SQL: SELECT COUNT(*) AS tp_count FROM `think_blog_article_tag` WHERE `tag_tid` = 4 LIMIT 1   [ RunTime:0.0002s ]
SQL: SELECT COUNT(*) AS tp_count FROM `think_blog_article_tag` WHERE `tag_tid` = 5 LIMIT 1   [ RunTime:0.0002s ]
SQL: SELECT COUNT(*) AS tp_count FROM `think_blog_article_tag` WHERE `tag_tid` = 6 LIMIT 1   [ RunTime:0.0002s ]
SQL: SELECT COUNT(*) AS tp_count FROM `think_blog_article_tag` WHERE `tag_tid` = 7 LIMIT 1   [ RunTime:0.0002s ]
SQL: SELECT COUNT(*) AS tp_count FROM `think_blog_article_tag` WHERE `tag_tid` = 8 LIMIT 1   [ RunTime:0.0002s ]
SQL: SELECT COUNT(*) AS tp_count FROM `think_blog_article_tag` WHERE `tag_tid` = 9 LIMIT 1   [ RunTime:0.0002s ]
SQL: SELECT COUNT(*) AS tp_count FROM `think_blog_article_tag` WHERE `tag_tid` = 10 LIMIT 1   [ RunTime:0.0002s ]
SQL: SELECT COUNT(*) AS tp_count FROM `think_blog_article_tag` WHERE `tag_tid` = 11 LIMIT 1   [ RunTime:0.0002s ]
SQL: SELECT COUNT(*) AS tp_count FROM `think_blog_article_tag` WHERE `tag_tid` = 12 LIMIT 1   [ RunTime:0.0002s ]
NOTIC: [8] Undefined variable: new_comment D:\wamp\www\MyProject\PHP\think_blog\Application\Common\Controller\HomeBaseController.class.php 第 38 行.

[ 2016-10-25T20:07:30+08:00 ] ::1 /MyProject/PHP/think_blog/
INFO: [ app_init ] --START--
INFO: Run Behavior\BuildLiteBehavior [ RunTime:0.000025s ]
INFO: [ app_init ] --END-- [ RunTime:0.000964s ]
INFO: [ app_begin ] --START--
INFO: Run Behavior\ReadHtmlCacheBehavior [ RunTime:0.003200s ]
INFO: [ app_begin ] --END-- [ RunTime:0.003334s ]
SQL: SHOW COLUMNS FROM `think_blog_article` [ RunTime:0.0109s ]
SQL: SELECT `aid`,`title` FROM `think_blog_article` WHERE `is_show` = 1 AND `is_delete` = 0 AND `is_top` = 1 ORDER BY aid desc  [ RunTime:0.0004s ]
SQL: SHOW COLUMNS FROM `think_blog_category` [ RunTime:0.0095s ]
SQL: SELECT * FROM `think_blog_category` ORDER BY csort  [ RunTime:0.0004s ]
SQL: SHOW COLUMNS FROM `think_blog_tag` [ RunTime:0.0082s ]
SQL: SELECT * FROM `think_blog_tag`  [ RunTime:0.0003s ]
SQL: SHOW COLUMNS FROM `think_blog_article_tag` [ RunTime:0.0049s ]
SQL: SELECT COUNT(*) AS tp_count FROM `think_blog_article_tag` WHERE `tag_tid` = 1 LIMIT 1   [ RunTime:0.0003s ]
SQL: SELECT COUNT(*) AS tp_count FROM `think_blog_article_tag` WHERE `tag_tid` = 2 LIMIT 1   [ RunTime:0.0002s ]
SQL: SELECT COUNT(*) AS tp_count FROM `think_blog_article_tag` WHERE `tag_tid` = 3 LIMIT 1   [ RunTime:0.0002s ]
SQL: SELECT COUNT(*) AS tp_count FROM `think_blog_article_tag` WHERE `tag_tid` = 4 LIMIT 1   [ RunTime:0.0002s ]
SQL: SELECT COUNT(*) AS tp_count FROM `think_blog_article_tag` WHERE `tag_tid` = 5 LIMIT 1   [ RunTime:0.0002s ]
SQL: SELECT COUNT(*) AS tp_count FROM `think_blog_article_tag` WHERE `tag_tid` = 6 LIMIT 1   [ RunTime:0.0002s ]
SQL: SELECT COUNT(*) AS tp_count FROM `think_blog_article_tag` WHERE `tag_tid` = 7 LIMIT 1   [ RunTime:0.0002s ]
SQL: SELECT COUNT(*) AS tp_count FROM `think_blog_article_tag` WHERE `tag_tid` = 8 LIMIT 1   [ RunTime:0.0002s ]
SQL: SELECT COUNT(*) AS tp_count FROM `think_blog_article_tag` WHERE `tag_tid` = 9 LIMIT 1   [ RunTime:0.0002s ]
SQL: SELECT COUNT(*) AS tp_count FROM `think_blog_article_tag` WHERE `tag_tid` = 10 LIMIT 1   [ RunTime:0.0002s ]
SQL: SELECT COUNT(*) AS tp_count FROM `think_blog_article_tag` WHERE `tag_tid` = 11 LIMIT 1   [ RunTime:0.0002s ]
SQL: SELECT COUNT(*) AS tp_count FROM `think_blog_article_tag` WHERE `tag_tid` = 12 LIMIT 1   [ RunTime:0.0002s ]
NOTIC: [8] Undefined variable: new_comment D:\wamp\www\MyProject\PHP\think_blog\Application\Common\Controller\HomeBaseController.class.php 第 38 行.

[ 2016-10-25T20:07:33+08:00 ] ::1 /MyProject/PHP/think_blog/
INFO: [ app_init ] --START--
INFO: Run Behavior\BuildLiteBehavior [ RunTime:0.000025s ]
INFO: [ app_init ] --END-- [ RunTime:0.001005s ]
INFO: [ app_begin ] --START--
INFO: Run Behavior\ReadHtmlCacheBehavior [ RunTime:0.002603s ]
INFO: [ app_begin ] --END-- [ RunTime:0.002723s ]
SQL: SHOW COLUMNS FROM `think_blog_article` [ RunTime:0.0122s ]
SQL: SELECT `aid`,`title` FROM `think_blog_article` WHERE `is_show` = 1 AND `is_delete` = 0 AND `is_top` = 1 ORDER BY aid desc  [ RunTime:0.0004s ]
SQL: SHOW COLUMNS FROM `think_blog_category` [ RunTime:0.0071s ]
SQL: SELECT * FROM `think_blog_category` ORDER BY csort  [ RunTime:0.0004s ]
SQL: SHOW COLUMNS FROM `think_blog_tag` [ RunTime:0.0075s ]
SQL: SELECT * FROM `think_blog_tag`  [ RunTime:0.0003s ]
SQL: SHOW COLUMNS FROM `think_blog_article_tag` [ RunTime:0.0057s ]
SQL: SELECT COUNT(*) AS tp_count FROM `think_blog_article_tag` WHERE `tag_tid` = 1 LIMIT 1   [ RunTime:0.0003s ]
SQL: SELECT COUNT(*) AS tp_count FROM `think_blog_article_tag` WHERE `tag_tid` = 2 LIMIT 1   [ RunTime:0.0002s ]
SQL: SELECT COUNT(*) AS tp_count FROM `think_blog_article_tag` WHERE `tag_tid` = 3 LIMIT 1   [ RunTime:0.0002s ]
SQL: SELECT COUNT(*) AS tp_count FROM `think_blog_article_tag` WHERE `tag_tid` = 4 LIMIT 1   [ RunTime:0.0002s ]
SQL: SELECT COUNT(*) AS tp_count FROM `think_blog_article_tag` WHERE `tag_tid` = 5 LIMIT 1   [ RunTime:0.0002s ]
SQL: SELECT COUNT(*) AS tp_count FROM `think_blog_article_tag` WHERE `tag_tid` = 6 LIMIT 1   [ RunTime:0.0002s ]
SQL: SELECT COUNT(*) AS tp_count FROM `think_blog_article_tag` WHERE `tag_tid` = 7 LIMIT 1   [ RunTime:0.0002s ]
SQL: SELECT COUNT(*) AS tp_count FROM `think_blog_article_tag` WHERE `tag_tid` = 8 LIMIT 1   [ RunTime:0.0002s ]
SQL: SELECT COUNT(*) AS tp_count FROM `think_blog_article_tag` WHERE `tag_tid` = 9 LIMIT 1   [ RunTime:0.0003s ]
SQL: SELECT COUNT(*) AS tp_count FROM `think_blog_article_tag` WHERE `tag_tid` = 10 LIMIT 1   [ RunTime:0.0003s ]
SQL: SELECT COUNT(*) AS tp_count FROM `think_blog_article_tag` WHERE `tag_tid` = 11 LIMIT 1   [ RunTime:0.0002s ]
SQL: SELECT COUNT(*) AS tp_count FROM `think_blog_article_tag` WHERE `tag_tid` = 12 LIMIT 1   [ RunTime:0.0002s ]
NOTIC: [8] Undefined variable: new_comment D:\wamp\www\MyProject\PHP\think_blog\Application\Common\Controller\HomeBaseController.class.php 第 38 行.

