[ 2016-10-17T15:32:07+08:00 ] ::1 /all_demo/think_blog/
INFO: [ app_init ] --START--
INFO: Run Behavior\BuildLiteBehavior [ RunTime:0.000050s ]
INFO: [ app_init ] --END-- [ RunTime:0.010312s ]
INFO: [ app_begin ] --START--
INFO: Run Behavior\ReadHtmlCacheBehavior [ RunTime:0.001866s ]
INFO: [ app_begin ] --END-- [ RunTime:0.001993s ]
SQL: SHOW COLUMNS FROM `think_blog_article` [ RunTime:0.0846s ]
SQL: SELECT `aid`,`title` FROM `think_blog_article` WHERE `is_show` = 1 AND `is_delete` = 0 AND `is_top` = 1 ORDER BY aid desc  [ RunTime:0.0260s ]
SQL: SHOW COLUMNS FROM `think_blog_category` [ RunTime:0.0428s ]
SQL: SELECT * FROM `think_blog_category` ORDER BY csort  [ RunTime:0.0004s ]
SQL: SHOW COLUMNS FROM `think_blog_tag` [ RunTime:0.0283s ]
SQL: SELECT * FROM `think_blog_tag`  [ RunTime:0.0004s ]
SQL: SHOW COLUMNS FROM `think_blog_article_tag` [ RunTime:0.0660s ]
SQL: SELECT COUNT(*) AS tp_count FROM `think_blog_article_tag` WHERE `tag_tid` = 1 LIMIT 1   [ RunTime:0.0538s ]
SQL: SELECT COUNT(*) AS tp_count FROM `think_blog_article_tag` WHERE `tag_tid` = 2 LIMIT 1   [ RunTime:0.0003s ]
SQL: SELECT COUNT(*) AS tp_count FROM `think_blog_article_tag` WHERE `tag_tid` = 3 LIMIT 1   [ RunTime:0.0002s ]
SQL: SELECT COUNT(*) AS tp_count FROM `think_blog_article_tag` WHERE `tag_tid` = 4 LIMIT 1   [ RunTime:0.0002s ]
SQL: SELECT COUNT(*) AS tp_count FROM `think_blog_article_tag` WHERE `tag_tid` = 5 LIMIT 1   [ RunTime:0.0002s ]
SQL: SELECT COUNT(*) AS tp_count FROM `think_blog_article_tag` WHERE `tag_tid` = 6 LIMIT 1   [ RunTime:0.0003s ]
SQL: SELECT COUNT(*) AS tp_count FROM `think_blog_article_tag` WHERE `tag_tid` = 7 LIMIT 1   [ RunTime:0.0002s ]
SQL: SELECT COUNT(*) AS tp_count FROM `think_blog_article_tag` WHERE `tag_tid` = 8 LIMIT 1   [ RunTime:0.0003s ]
SQL: SELECT COUNT(*) AS tp_count FROM `think_blog_article_tag` WHERE `tag_tid` = 9 LIMIT 1   [ RunTime:0.0003s ]
SQL: SELECT COUNT(*) AS tp_count FROM `think_blog_article_tag` WHERE `tag_tid` = 10 LIMIT 1   [ RunTime:0.0002s ]
SQL: SELECT COUNT(*) AS tp_count FROM `think_blog_article_tag` WHERE `tag_tid` = 11 LIMIT 1   [ RunTime:0.0002s ]
SQL: SELECT COUNT(*) AS tp_count FROM `think_blog_article_tag` WHERE `tag_tid` = 12 LIMIT 1   [ RunTime:0.0002s ]
NOTIC: [8] Undefined variable: new_comment D:\wamp\www\all_demo\think_blog\Application\Common\Controller\HomeBaseController.class.php 第 38 行.

[ 2016-10-17T15:42:03+08:00 ] ::1 /MyProject/PHP/think_blog/
INFO: [ app_init ] --START--
INFO: Run Behavior\BuildLiteBehavior [ RunTime:0.000034s ]
INFO: [ app_init ] --END-- [ RunTime:0.000700s ]
INFO: [ app_begin ] --START--
INFO: Run Behavior\ReadHtmlCacheBehavior [ RunTime:0.000806s ]
INFO: [ app_begin ] --END-- [ RunTime:0.000938s ]
SQL: SHOW COLUMNS FROM `think_blog_article` [ RunTime:0.0164s ]
SQL: SELECT `aid`,`title` FROM `think_blog_article` WHERE `is_show` = 1 AND `is_delete` = 0 AND `is_top` = 1 ORDER BY aid desc  [ RunTime:0.0007s ]
SQL: SHOW COLUMNS FROM `think_blog_category` [ RunTime:0.0140s ]
SQL: SELECT * FROM `think_blog_category` ORDER BY csort  [ RunTime:0.0004s ]
SQL: SHOW COLUMNS FROM `think_blog_tag` [ RunTime:0.0108s ]
SQL: SELECT * FROM `think_blog_tag`  [ RunTime:0.0003s ]
SQL: SHOW COLUMNS FROM `think_blog_article_tag` [ RunTime:0.0083s ]
SQL: SELECT COUNT(*) AS tp_count FROM `think_blog_article_tag` WHERE `tag_tid` = 1 LIMIT 1   [ RunTime:0.0004s ]
SQL: SELECT COUNT(*) AS tp_count FROM `think_blog_article_tag` WHERE `tag_tid` = 2 LIMIT 1   [ RunTime:0.0003s ]
SQL: SELECT COUNT(*) AS tp_count FROM `think_blog_article_tag` WHERE `tag_tid` = 3 LIMIT 1   [ RunTime:0.0003s ]
SQL: SELECT COUNT(*) AS tp_count FROM `think_blog_article_tag` WHERE `tag_tid` = 4 LIMIT 1   [ RunTime:0.0002s ]
SQL: SELECT COUNT(*) AS tp_count FROM `think_blog_article_tag` WHERE `tag_tid` = 5 LIMIT 1   [ RunTime:0.0002s ]
SQL: SELECT COUNT(*) AS tp_count FROM `think_blog_article_tag` WHERE `tag_tid` = 6 LIMIT 1   [ RunTime:0.0002s ]
SQL: SELECT COUNT(*) AS tp_count FROM `think_blog_article_tag` WHERE `tag_tid` = 7 LIMIT 1   [ RunTime:0.0003s ]
SQL: SELECT COUNT(*) AS tp_count FROM `think_blog_article_tag` WHERE `tag_tid` = 8 LIMIT 1   [ RunTime:0.0002s ]
SQL: SELECT COUNT(*) AS tp_count FROM `think_blog_article_tag` WHERE `tag_tid` = 9 LIMIT 1   [ RunTime:0.0002s ]
SQL: SELECT COUNT(*) AS tp_count FROM `think_blog_article_tag` WHERE `tag_tid` = 10 LIMIT 1   [ RunTime:0.0002s ]
SQL: SELECT COUNT(*) AS tp_count FROM `think_blog_article_tag` WHERE `tag_tid` = 11 LIMIT 1   [ RunTime:0.0002s ]
SQL: SELECT COUNT(*) AS tp_count FROM `think_blog_article_tag` WHERE `tag_tid` = 12 LIMIT 1   [ RunTime:0.0002s ]
NOTIC: [8] Undefined variable: new_comment D:\wamp\www\MyProject\PHP\think_blog\Application\Common\Controller\HomeBaseController.class.php 第 38 行.

[ 2016-10-17T16:34:45+08:00 ] ::1 /MyProject/PHP/think_blog/index.php/Home/Index/index.html
INFO: [ app_init ] --START--
INFO: Run Behavior\BuildLiteBehavior [ RunTime:0.000029s ]
INFO: [ app_init ] --END-- [ RunTime:0.001346s ]
INFO: [ app_begin ] --START--
INFO: Run Behavior\ReadHtmlCacheBehavior [ RunTime:0.001890s ]
INFO: [ app_begin ] --END-- [ RunTime:0.002113s ]
SQL: SHOW COLUMNS FROM `think_blog_article` [ RunTime:0.0118s ]
SQL: SELECT `aid`,`title` FROM `think_blog_article` WHERE `is_show` = 1 AND `is_delete` = 0 AND `is_top` = 1 ORDER BY aid desc  [ RunTime:0.0009s ]
SQL: SHOW COLUMNS FROM `think_blog_category` [ RunTime:0.0085s ]
SQL: SELECT * FROM `think_blog_category` ORDER BY csort  [ RunTime:0.0004s ]
SQL: SHOW COLUMNS FROM `think_blog_tag` [ RunTime:0.0084s ]
SQL: SELECT * FROM `think_blog_tag`  [ RunTime:0.0004s ]
SQL: SHOW COLUMNS FROM `think_blog_article_tag` [ RunTime:0.0067s ]
SQL: SELECT COUNT(*) AS tp_count FROM `think_blog_article_tag` WHERE `tag_tid` = 1 LIMIT 1   [ RunTime:0.0004s ]
SQL: SELECT COUNT(*) AS tp_count FROM `think_blog_article_tag` WHERE `tag_tid` = 2 LIMIT 1   [ RunTime:0.0006s ]
SQL: SELECT COUNT(*) AS tp_count FROM `think_blog_article_tag` WHERE `tag_tid` = 3 LIMIT 1   [ RunTime:0.0002s ]
SQL: SELECT COUNT(*) AS tp_count FROM `think_blog_article_tag` WHERE `tag_tid` = 4 LIMIT 1   [ RunTime:0.0002s ]
SQL: SELECT COUNT(*) AS tp_count FROM `think_blog_article_tag` WHERE `tag_tid` = 5 LIMIT 1   [ RunTime:0.0002s ]
SQL: SELECT COUNT(*) AS tp_count FROM `think_blog_article_tag` WHERE `tag_tid` = 6 LIMIT 1   [ RunTime:0.0002s ]
SQL: SELECT COUNT(*) AS tp_count FROM `think_blog_article_tag` WHERE `tag_tid` = 7 LIMIT 1   [ RunTime:0.0002s ]
SQL: SELECT COUNT(*) AS tp_count FROM `think_blog_article_tag` WHERE `tag_tid` = 8 LIMIT 1   [ RunTime:0.0002s ]
SQL: SELECT COUNT(*) AS tp_count FROM `think_blog_article_tag` WHERE `tag_tid` = 9 LIMIT 1   [ RunTime:0.0002s ]
SQL: SELECT COUNT(*) AS tp_count FROM `think_blog_article_tag` WHERE `tag_tid` = 10 LIMIT 1   [ RunTime:0.0002s ]
SQL: SELECT COUNT(*) AS tp_count FROM `think_blog_article_tag` WHERE `tag_tid` = 11 LIMIT 1   [ RunTime:0.0002s ]
SQL: SELECT COUNT(*) AS tp_count FROM `think_blog_article_tag` WHERE `tag_tid` = 12 LIMIT 1   [ RunTime:0.0002s ]
NOTIC: [8] Undefined variable: new_comment D:\wamp\www\MyProject\PHP\think_blog\Application\Common\Controller\HomeBaseController.class.php 第 38 行.

[ 2016-10-17T18:20:21+08:00 ] ::1 /MyProject/PHP/think_blog/index.php/Home/Index/index.html
INFO: [ app_init ] --START--
INFO: Run Behavior\BuildLiteBehavior [ RunTime:0.000032s ]
INFO: [ app_init ] --END-- [ RunTime:0.000838s ]
INFO: [ app_begin ] --START--
INFO: Run Behavior\ReadHtmlCacheBehavior [ RunTime:0.000999s ]
INFO: [ app_begin ] --END-- [ RunTime:0.001113s ]
SQL: SHOW COLUMNS FROM `think_blog_article` [ RunTime:0.0132s ]
SQL: SELECT `aid`,`title` FROM `think_blog_article` WHERE `is_show` = 1 AND `is_delete` = 0 AND `is_top` = 1 ORDER BY aid desc  [ RunTime:0.0005s ]
SQL: SHOW COLUMNS FROM `think_blog_category` [ RunTime:0.0105s ]
SQL: SELECT * FROM `think_blog_category` ORDER BY csort  [ RunTime:0.0005s ]
SQL: SHOW COLUMNS FROM `think_blog_tag` [ RunTime:0.0076s ]
SQL: SELECT * FROM `think_blog_tag`  [ RunTime:0.0004s ]
SQL: SHOW COLUMNS FROM `think_blog_article_tag` [ RunTime:0.0068s ]
SQL: SELECT COUNT(*) AS tp_count FROM `think_blog_article_tag` WHERE `tag_tid` = 1 LIMIT 1   [ RunTime:0.0004s ]
SQL: SELECT COUNT(*) AS tp_count FROM `think_blog_article_tag` WHERE `tag_tid` = 2 LIMIT 1   [ RunTime:0.0003s ]
SQL: SELECT COUNT(*) AS tp_count FROM `think_blog_article_tag` WHERE `tag_tid` = 3 LIMIT 1   [ RunTime:0.0002s ]
SQL: SELECT COUNT(*) AS tp_count FROM `think_blog_article_tag` WHERE `tag_tid` = 4 LIMIT 1   [ RunTime:0.0002s ]
SQL: SELECT COUNT(*) AS tp_count FROM `think_blog_article_tag` WHERE `tag_tid` = 5 LIMIT 1   [ RunTime:0.0002s ]
SQL: SELECT COUNT(*) AS tp_count FROM `think_blog_article_tag` WHERE `tag_tid` = 6 LIMIT 1   [ RunTime:0.0002s ]
SQL: SELECT COUNT(*) AS tp_count FROM `think_blog_article_tag` WHERE `tag_tid` = 7 LIMIT 1   [ RunTime:0.0002s ]
SQL: SELECT COUNT(*) AS tp_count FROM `think_blog_article_tag` WHERE `tag_tid` = 8 LIMIT 1   [ RunTime:0.0002s ]
SQL: SELECT COUNT(*) AS tp_count FROM `think_blog_article_tag` WHERE `tag_tid` = 9 LIMIT 1   [ RunTime:0.0002s ]
SQL: SELECT COUNT(*) AS tp_count FROM `think_blog_article_tag` WHERE `tag_tid` = 10 LIMIT 1   [ RunTime:0.0002s ]
SQL: SELECT COUNT(*) AS tp_count FROM `think_blog_article_tag` WHERE `tag_tid` = 11 LIMIT 1   [ RunTime:0.0003s ]
SQL: SELECT COUNT(*) AS tp_count FROM `think_blog_article_tag` WHERE `tag_tid` = 12 LIMIT 1   [ RunTime:0.0007s ]
NOTIC: [8] Undefined variable: new_comment D:\wamp\www\MyProject\PHP\think_blog\Application\Common\Controller\HomeBaseController.class.php 第 38 行.

