[ 2016-09-09T11:17:04+08:00 ] ::1 /think_blog/Template/default/Home/Public/css/index.css
INFO: [ app_init ] --START--
INFO: Run Behavior\BuildLiteBehavior [ RunTime:0.000041s ]
INFO: [ app_init ] --END-- [ RunTime:0.000680s ]
ERR: 无法加载模块:Template

[ 2016-09-09T11:17:04+08:00 ] ::1 /think_blog/Template/default/Home/Public/js/index.js
INFO: [ app_init ] --START--
INFO: Run Behavior\BuildLiteBehavior [ RunTime:0.000029s ]
INFO: [ app_init ] --END-- [ RunTime:0.000545s ]
ERR: 无法加载模块:Template

[ 2016-09-09T11:17:04+08:00 ] ::1 /think_blog/Template/default/Home/Public/js/index.js
INFO: [ app_init ] --START--
INFO: Run Behavior\BuildLiteBehavior [ RunTime:0.000043s ]
INFO: [ app_init ] --END-- [ RunTime:0.000708s ]
ERR: 无法加载模块:Template

[ 2016-09-09T11:17:04+08:00 ] ::1 /think_blog/Template/default/Home/Public/css/index.css
INFO: [ app_init ] --START--
INFO: Run Behavior\BuildLiteBehavior [ RunTime:0.000041s ]
INFO: [ app_init ] --END-- [ RunTime:0.000659s ]
ERR: 无法加载模块:Template

[ 2016-09-09T11:17:04+08:00 ] ::1 /think_blog/Template/default/Home/Public/js/index.js
INFO: [ app_init ] --START--
INFO: Run Behavior\BuildLiteBehavior [ RunTime:0.000042s ]
INFO: [ app_init ] --END-- [ RunTime:0.001338s ]
ERR: 无法加载模块:Template

[ 2016-09-09T11:17:05+08:00 ] ::1 /think_blog/Template/default/Home/Public/js/index.js
INFO: [ app_init ] --START--
INFO: Run Behavior\BuildLiteBehavior [ RunTime:0.000025s ]
INFO: [ app_init ] --END-- [ RunTime:0.000430s ]
ERR: 无法加载模块:Template

[ 2016-09-09T11:17:06+08:00 ] ::1 /think_blog/Template/default/Home/Public/js/index.js
INFO: [ app_init ] --START--
INFO: Run Behavior\BuildLiteBehavior [ RunTime:0.000042s ]
INFO: [ app_init ] --END-- [ RunTime:0.000680s ]
ERR: 无法加载模块:Template

[ 2016-09-09T11:17:06+08:00 ] ::1 /think_blog/Template/default/Home/Public/css/index.css
INFO: [ app_init ] --START--
INFO: Run Behavior\BuildLiteBehavior [ RunTime:0.000063s ]
INFO: [ app_init ] --END-- [ RunTime:0.000962s ]
ERR: 无法加载模块:Template

[ 2016-09-09T11:17:06+08:00 ] ::1 /think_blog/Template/default/Home/Public/js/index.js
INFO: [ app_init ] --START--
INFO: Run Behavior\BuildLiteBehavior [ RunTime:0.000026s ]
INFO: [ app_init ] --END-- [ RunTime:0.000462s ]
ERR: 无法加载模块:Template

[ 2016-09-09T11:17:11+08:00 ] ::1 /think_blog/Template/default/Home/Public/css/index.css
INFO: [ app_init ] --START--
INFO: Run Behavior\BuildLiteBehavior [ RunTime:0.000044s ]
INFO: [ app_init ] --END-- [ RunTime:0.000931s ]
ERR: 无法加载模块:Template

[ 2016-09-09T11:17:11+08:00 ] ::1 /think_blog/Template/default/Home/Public/js/index.js
INFO: [ app_init ] --START--
INFO: Run Behavior\BuildLiteBehavior [ RunTime:0.000052s ]
INFO: [ app_init ] --END-- [ RunTime:0.001881s ]
ERR: 无法加载模块:Template

[ 2016-09-09T11:17:11+08:00 ] ::1 /think_blog/Template/default/Home/Public/js/index.js
INFO: [ app_init ] --START--
INFO: Run Behavior\BuildLiteBehavior [ RunTime:0.000025s ]
INFO: [ app_init ] --END-- [ RunTime:0.000424s ]
ERR: 无法加载模块:Template

[ 2016-09-09T11:17:12+08:00 ] ::1 /think_blog/Template/default/Home/Public/css/index.css
INFO: [ app_init ] --START--
INFO: Run Behavior\BuildLiteBehavior [ RunTime:0.000044s ]
INFO: [ app_init ] --END-- [ RunTime:0.000799s ]
ERR: 无法加载模块:Template

[ 2016-09-09T11:17:12+08:00 ] ::1 /think_blog/Template/default/Home/Public/js/index.js
INFO: [ app_init ] --START--
INFO: Run Behavior\BuildLiteBehavior [ RunTime:0.000026s ]
INFO: [ app_init ] --END-- [ RunTime:0.000437s ]
ERR: 无法加载模块:Template

[ 2016-09-09T11:17:12+08:00 ] ::1 /think_blog/Template/default/Home/Public/js/index.js
INFO: [ app_init ] --START--
INFO: Run Behavior\BuildLiteBehavior [ RunTime:0.000036s ]
INFO: [ app_init ] --END-- [ RunTime:0.000699s ]
ERR: 无法加载模块:Template

[ 2016-09-09T11:17:13+08:00 ] ::1 /think_blog/Template/default/Home/Public/css/index.css
INFO: [ app_init ] --START--
INFO: Run Behavior\BuildLiteBehavior [ RunTime:0.000042s ]
INFO: [ app_init ] --END-- [ RunTime:0.000672s ]
ERR: 无法加载模块:Template

[ 2016-09-09T11:17:13+08:00 ] ::1 /think_blog/Template/default/Home/Public/js/index.js
INFO: [ app_init ] --START--
INFO: Run Behavior\BuildLiteBehavior [ RunTime:0.000045s ]
INFO: [ app_init ] --END-- [ RunTime:0.001376s ]
ERR: 无法加载模块:Template

[ 2016-09-09T11:17:13+08:00 ] ::1 /think_blog/Template/default/Home/Public/js/index.js
INFO: [ app_init ] --START--
INFO: Run Behavior\BuildLiteBehavior [ RunTime:0.000034s ]
INFO: [ app_init ] --END-- [ RunTime:0.001665s ]
ERR: 无法加载模块:Template

[ 2016-09-09T11:41:16+08:00 ] ::1 /think_blog/Template/default/Home/Public/js/index.js
INFO: [ app_init ] --START--
INFO: Run Behavior\BuildLiteBehavior [ RunTime:0.000029s ]
INFO: [ app_init ] --END-- [ RunTime:0.000563s ]
ERR: 无法加载模块:Template


[ 2016-09-09T11:41:16+08:00 ] ::1 /think_blog/Template/default/Home/Public/js/index.js
INFO: [ app_init ] --START--
INFO: Run Behavior\BuildLiteBehavior [ RunTime:0.000084s ]
INFO: [ app_init ] --END-- [ RunTime:0.001037s ]
ERR: 无法加载模块:Template

