[ 2016-09-10T22:15:24+08:00 ] ::1 /think_blog/index.php/Admin/Index/index
INFO: [ app_init ] --START--
INFO: Run Behavior\BuildLiteBehavior [ RunTime:0.000028s ]
INFO: [ app_init ] --END-- [ RunTime:0.000590s ]
INFO: [ app_begin ] --START--
INFO: Run Behavior\ReadHtmlCacheBehavior [ RunTime:0.000648s ]
INFO: [ app_begin ] --END-- [ RunTime:0.000763s ]
NOTIC: [8] Undefined index: admin D:\wamp\www\think_blog\Application\Common\Controller\AdminController.class.php 第 10 行.

[ 2016-09-10T22:15:24+08:00 ] ::1 /think_blog/index.php/Admin/Login/index.html
INFO: [ app_init ] --START--
INFO: Run Behavior\BuildLiteBehavior [ RunTime:0.000023s ]
INFO: [ app_init ] --END-- [ RunTime:0.000390s ]
INFO: [ app_begin ] --START--
INFO: Run Behavior\ReadHtmlCacheBehavior [ RunTime:0.000503s ]
INFO: [ app_begin ] --END-- [ RunTime:0.000620s ]
INFO: [ view_parse ] --START--
INFO: [ template_filter ] --START--
INFO: Run Behavior\ContentReplaceBehavior [ RunTime:0.012661s ]
INFO: [ template_filter ] --END-- [ RunTime:0.012882s ]
NOTIC: [8] Undefined index: ADMIN_PASSWORD D:\wamp\www\think_blog\Application\Runtime\Cache\Admin\2e3d368ee8be4d087dfaba7b5436b61c.php 第 19 行.
INFO: Run Behavior\ParseTemplateBehavior [ RunTime:0.117414s ]
INFO: [ view_parse ] --END-- [ RunTime:0.117582s ]
INFO: [ view_filter ] --START--
INFO: Run Behavior\WriteHtmlCacheBehavior [ RunTime:0.000835s ]
INFO: [ view_filter ] --END-- [ RunTime:0.001004s ]
INFO: [ app_end ] --START--
INFO: Run Behavior\ShowPageTraceBehavior [ RunTime:0.001235s ]
INFO: [ app_end ] --END-- [ RunTime:0.001444s ]

[ 2016-09-10T22:15:25+08:00 ] ::1 /think_blog/index.php/Admin/Login/showVerify
INFO: [ app_init ] --START--
INFO: Run Behavior\BuildLiteBehavior [ RunTime:0.000044s ]
INFO: [ app_init ] --END-- [ RunTime:0.000675s ]
INFO: [ app_begin ] --START--
INFO: Run Behavior\ReadHtmlCacheBehavior [ RunTime:0.000966s ]
INFO: [ app_begin ] --END-- [ RunTime:0.001172s ]
INFO: [ app_end ] --START--
INFO: Run Behavior\ShowPageTraceBehavior [ RunTime:0.000769s ]
INFO: [ app_end ] --END-- [ RunTime:0.000911s ]

[ 2016-09-10T22:15:31+08:00 ] ::1 /think_blog/index.php/Admin/Login/index.html
INFO: [ app_init ] --START--
INFO: Run Behavior\BuildLiteBehavior [ RunTime:0.000048s ]
INFO: [ app_init ] --END-- [ RunTime:0.000749s ]
INFO: [ app_begin ] --START--
INFO: Run Behavior\ReadHtmlCacheBehavior [ RunTime:0.000607s ]
INFO: [ app_begin ] --END-- [ RunTime:0.000764s ]
SQL: SHOW COLUMNS FROM `think_blog_admin_user` [ RunTime:0.1024s ]
SQL: SELECT * FROM `think_blog_admin_user` WHERE `username` = 'admin' AND `password` = '21232f297a57a5a743894a0e4a801fc3' LIMIT 1   [ RunTime:0.0340s ]

[ 2016-09-10T22:15:31+08:00 ] ::1 /think_blog/index.php/Admin/Index/index.html
INFO: [ app_init ] --START--
INFO: Run Behavior\BuildLiteBehavior [ RunTime:0.000023s ]
INFO: [ app_init ] --END-- [ RunTime:0.000391s ]
INFO: [ app_begin ] --START--
INFO: Run Behavior\ReadHtmlCacheBehavior [ RunTime:0.000452s ]
INFO: [ app_begin ] --END-- [ RunTime:0.000569s ]
INFO: [ view_parse ] --START--
INFO: [ template_filter ] --START--
INFO: Run Behavior\ContentReplaceBehavior [ RunTime:0.000181s ]
INFO: [ template_filter ] --END-- [ RunTime:0.000290s ]
INFO: Run Behavior\ParseTemplateBehavior [ RunTime:0.061588s ]
INFO: [ view_parse ] --END-- [ RunTime:0.061703s ]
INFO: [ view_filter ] --START--
INFO: Run Behavior\WriteHtmlCacheBehavior [ RunTime:0.000558s ]
INFO: [ view_filter ] --END-- [ RunTime:0.000658s ]
INFO: [ app_end ] --START--
INFO: Run Behavior\ShowPageTraceBehavior [ RunTime:0.000737s ]
INFO: [ app_end ] --END-- [ RunTime:0.000882s ]

[ 2016-09-10T22:15:31+08:00 ] ::1 /think_blog/index.php/Admin/Index/welcome.html
INFO: [ app_init ] --START--
INFO: Run Behavior\BuildLiteBehavior [ RunTime:0.000050s ]
INFO: [ app_init ] --END-- [ RunTime:0.000683s ]
INFO: [ app_begin ] --START--
INFO: Run Behavior\ReadHtmlCacheBehavior [ RunTime:0.000700s ]
INFO: [ app_begin ] --END-- [ RunTime:0.000888s ]
SQL: SHOW COLUMNS FROM `think_blog_article` [ RunTime:0.0661s ]
SQL: SELECT COUNT(*) AS tp_count FROM `think_blog_article` LIMIT 1   [ RunTime:0.0253s ]
SQL: SELECT COUNT(*) AS tp_count FROM `think_blog_article` WHERE `is_delete` = 1 LIMIT 1   [ RunTime:0.0344s ]
SQL: SELECT COUNT(*) AS tp_count FROM `think_blog_article` WHERE `is_show` = 0 LIMIT 1   [ RunTime:0.0007s ]
SQL: SHOW COLUMNS FROM `think_blog_chat` [ RunTime:0.0445s ]
SQL: SELECT COUNT(*) AS tp_count FROM `think_blog_chat` LIMIT 1   [ RunTime:0.0004s ]
SQL: SELECT COUNT(*) AS tp_count FROM `think_blog_chat` WHERE `is_delete` = 1 LIMIT 1   [ RunTime:0.0020s ]
SQL: SELECT COUNT(*) AS tp_count FROM `think_blog_chat` WHERE `is_show` = 0 LIMIT 1   [ RunTime:0.0009s ]
SQL: SHOW COLUMNS FROM `think_blog_comment` [ RunTime:0.0329s ]
SQL: SELECT COUNT(*) AS tp_count FROM `think_blog_comment` LIMIT 1   [ RunTime:0.0004s ]
INFO: [ view_parse ] --START--
INFO: [ template_filter ] --START--
INFO: Run Behavior\ContentReplaceBehavior [ RunTime:0.000203s ]
INFO: [ template_filter ] --END-- [ RunTime:0.000433s ]
INFO: Run Behavior\ParseTemplateBehavior [ RunTime:0.020718s ]
INFO: [ view_parse ] --END-- [ RunTime:0.020945s ]
INFO: [ view_filter ] --START--
INFO: Run Behavior\WriteHtmlCacheBehavior [ RunTime:0.001006s ]
INFO: [ view_filter ] --END-- [ RunTime:0.001211s ]
INFO: [ app_end ] --START--
INFO: Run Behavior\ShowPageTraceBehavior [ RunTime:0.002521s ]
INFO: [ app_end ] --END-- [ RunTime:0.002904s ]

[ 2016-09-10T22:15:32+08:00 ] ::1 /think_blog/index.php/Admin/Article/index.html
INFO: [ app_init ] --START--
INFO: Run Behavior\BuildLiteBehavior [ RunTime:0.000029s ]
INFO: [ app_init ] --END-- [ RunTime:0.000507s ]
INFO: [ app_begin ] --START--
INFO: Run Behavior\ReadHtmlCacheBehavior [ RunTime:0.000644s ]
INFO: [ app_begin ] --END-- [ RunTime:0.000841s ]
SQL: SHOW COLUMNS FROM `think_blog_article` [ RunTime:0.0038s ]
SQL: SELECT * FROM `think_blog_article` ORDER BY addtime desc  [ RunTime:0.0006s ]
INFO: [ view_parse ] --START--
INFO: [ template_filter ] --START--
INFO: Run Behavior\ContentReplaceBehavior [ RunTime:0.000124s ]
INFO: [ template_filter ] --END-- [ RunTime:0.000238s ]
NOTIC: [8] Undefined index: category D:\wamp\www\think_blog\Application\Runtime\Cache\Admin\d68c1effdec15e36d2122297104abebb.php 第 32 行.
NOTIC: [8] Undefined index: tag D:\wamp\www\think_blog\Application\Runtime\Cache\Admin\d68c1effdec15e36d2122297104abebb.php 第 36 行.
NOTIC: [8] Undefined index: is_original D:\wamp\www\think_blog\Application\Runtime\Cache\Admin\d68c1effdec15e36d2122297104abebb.php 第 39 行.
NOTIC: [8] Undefined index: category D:\wamp\www\think_blog\Application\Runtime\Cache\Admin\d68c1effdec15e36d2122297104abebb.php 第 32 行.
NOTIC: [8] Undefined index: tag D:\wamp\www\think_blog\Application\Runtime\Cache\Admin\d68c1effdec15e36d2122297104abebb.php 第 36 行.
NOTIC: [8] Undefined index: is_original D:\wamp\www\think_blog\Application\Runtime\Cache\Admin\d68c1effdec15e36d2122297104abebb.php 第 39 行.
NOTIC: [8] Undefined index: category D:\wamp\www\think_blog\Application\Runtime\Cache\Admin\d68c1effdec15e36d2122297104abebb.php 第 32 行.
NOTIC: [8] Undefined index: tag D:\wamp\www\think_blog\Application\Runtime\Cache\Admin\d68c1effdec15e36d2122297104abebb.php 第 36 行.
NOTIC: [8] Undefined index: is_original D:\wamp\www\think_blog\Application\Runtime\Cache\Admin\d68c1effdec15e36d2122297104abebb.php 第 39 行.
NOTIC: [8] Undefined index: category D:\wamp\www\think_blog\Application\Runtime\Cache\Admin\d68c1effdec15e36d2122297104abebb.php 第 32 行.
NOTIC: [8] Undefined index: tag D:\wamp\www\think_blog\Application\Runtime\Cache\Admin\d68c1effdec15e36d2122297104abebb.php 第 36 行.
NOTIC: [8] Undefined index: is_original D:\wamp\www\think_blog\Application\Runtime\Cache\Admin\d68c1effdec15e36d2122297104abebb.php 第 39 行.
NOTIC: [8] Undefined index: category D:\wamp\www\think_blog\Application\Runtime\Cache\Admin\d68c1effdec15e36d2122297104abebb.php 第 32 行.
NOTIC: [8] Undefined index: tag D:\wamp\www\think_blog\Application\Runtime\Cache\Admin\d68c1effdec15e36d2122297104abebb.php 第 36 行.
NOTIC: [8] Undefined index: is_original D:\wamp\www\think_blog\Application\Runtime\Cache\Admin\d68c1effdec15e36d2122297104abebb.php 第 39 行.
NOTIC: [8] Undefined index: category D:\wamp\www\think_blog\Application\Runtime\Cache\Admin\d68c1effdec15e36d2122297104abebb.php 第 32 行.
NOTIC: [8] Undefined index: tag D:\wamp\www\think_blog\Application\Runtime\Cache\Admin\d68c1effdec15e36d2122297104abebb.php 第 36 行.
NOTIC: [8] Undefined index: is_original D:\wamp\www\think_blog\Application\Runtime\Cache\Admin\d68c1effdec15e36d2122297104abebb.php 第 39 行.
NOTIC: [8] Undefined index: category D:\wamp\www\think_blog\Application\Runtime\Cache\Admin\d68c1effdec15e36d2122297104abebb.php 第 32 行.
NOTIC: [8] Undefined index: tag D:\wamp\www\think_blog\Application\Runtime\Cache\Admin\d68c1effdec15e36d2122297104abebb.php 第 36 行.
NOTIC: [8] Undefined index: is_original D:\wamp\www\think_blog\Application\Runtime\Cache\Admin\d68c1effdec15e36d2122297104abebb.php 第 39 行.
NOTIC: [8] Undefined index: category D:\wamp\www\think_blog\Application\Runtime\Cache\Admin\d68c1effdec15e36d2122297104abebb.php 第 32 行.
NOTIC: [8] Undefined index: tag D:\wamp\www\think_blog\Application\Runtime\Cache\Admin\d68c1effdec15e36d2122297104abebb.php 第 36 行.
NOTIC: [8] Undefined index: is_original D:\wamp\www\think_blog\Application\Runtime\Cache\Admin\d68c1effdec15e36d2122297104abebb.php 第 39 行.
NOTIC: [8] Undefined index: category D:\wamp\www\think_blog\Application\Runtime\Cache\Admin\d68c1effdec15e36d2122297104abebb.php 第 32 行.
NOTIC: [8] Undefined index: tag D:\wamp\www\think_blog\Application\Runtime\Cache\Admin\d68c1effdec15e36d2122297104abebb.php 第 36 行.
NOTIC: [8] Undefined index: is_original D:\wamp\www\think_blog\Application\Runtime\Cache\Admin\d68c1effdec15e36d2122297104abebb.php 第 39 行.
NOTIC: [8] Undefined index: category D:\wamp\www\think_blog\Application\Runtime\Cache\Admin\d68c1effdec15e36d2122297104abebb.php 第 32 行.
NOTIC: [8] Undefined index: tag D:\wamp\www\think_blog\Application\Runtime\Cache\Admin\d68c1effdec15e36d2122297104abebb.php 第 36 行.
NOTIC: [8] Undefined index: is_original D:\wamp\www\think_blog\Application\Runtime\Cache\Admin\d68c1effdec15e36d2122297104abebb.php 第 39 行.
NOTIC: [8] Undefined index: category D:\wamp\www\think_blog\Application\Runtime\Cache\Admin\d68c1effdec15e36d2122297104abebb.php 第 32 行.
NOTIC: [8] Undefined index: tag D:\wamp\www\think_blog\Application\Runtime\Cache\Admin\d68c1effdec15e36d2122297104abebb.php 第 36 行.
NOTIC: [8] Undefined index: is_original D:\wamp\www\think_blog\Application\Runtime\Cache\Admin\d68c1effdec15e36d2122297104abebb.php 第 39 行.
NOTIC: [8] Undefined index: category D:\wamp\www\think_blog\Application\Runtime\Cache\Admin\d68c1effdec15e36d2122297104abebb.php 第 32 行.
NOTIC: [8] Undefined index: tag D:\wamp\www\think_blog\Application\Runtime\Cache\Admin\d68c1effdec15e36d2122297104abebb.php 第 36 行.
NOTIC: [8] Undefined index: is_original D:\wamp\www\think_blog\Application\Runtime\Cache\Admin\d68c1effdec15e36d2122297104abebb.php 第 39 行.
NOTIC: [8] Undefined index: category D:\wamp\www\think_blog\Application\Runtime\Cache\Admin\d68c1effdec15e36d2122297104abebb.php 第 32 行.
NOTIC: [8] Undefined index: tag D:\wamp\www\think_blog\Application\Runtime\Cache\Admin\d68c1effdec15e36d2122297104abebb.php 第 36 行.
NOTIC: [8] Undefined index: is_original D:\wamp\www\think_blog\Application\Runtime\Cache\Admin\d68c1effdec15e36d2122297104abebb.php 第 39 行.
NOTIC: [8] Undefined index: category D:\wamp\www\think_blog\Application\Runtime\Cache\Admin\d68c1effdec15e36d2122297104abebb.php 第 32 行.
NOTIC: [8] Undefined index: tag D:\wamp\www\think_blog\Application\Runtime\Cache\Admin\d68c1effdec15e36d2122297104abebb.php 第 36 行.
NOTIC: [8] Undefined index: is_original D:\wamp\www\think_blog\Application\Runtime\Cache\Admin\d68c1effdec15e36d2122297104abebb.php 第 39 行.
NOTIC: [8] Undefined variable: page D:\wamp\www\think_blog\Application\Runtime\Cache\Admin\d68c1effdec15e36d2122297104abebb.php 第 62 行.
INFO: Run Behavior\ParseTemplateBehavior [ RunTime:0.087705s ]
INFO: [ view_parse ] --END-- [ RunTime:0.087906s ]
INFO: [ view_filter ] --START--
INFO: Run Behavior\WriteHtmlCacheBehavior [ RunTime:0.000771s ]
INFO: [ view_filter ] --END-- [ RunTime:0.000904s ]
INFO: [ app_end ] --START--
INFO: Run Behavior\ShowPageTraceBehavior [ RunTime:0.000697s ]
INFO: [ app_end ] --END-- [ RunTime:0.000853s ]

[ 2016-09-10T22:31:15+08:00 ] ::1 /think_blog/index.php/Admin/Article/index.html
INFO: [ app_init ] --START--
INFO: Run Behavior\BuildLiteBehavior [ RunTime:0.000024s ]
INFO: [ app_init ] --END-- [ RunTime:0.000457s ]
INFO: [ app_begin ] --START--
INFO: Run Behavior\ReadHtmlCacheBehavior [ RunTime:0.000598s ]
INFO: [ app_begin ] --END-- [ RunTime:0.000707s ]
SQL: SHOW COLUMNS FROM `think_blog_article` [ RunTime:0.0205s ]
ERR: 1146:Table 'think_blog.article_tag' doesn't exist
 [ SQL语句 ] : SELECT * FROM `think_blog_article` INNER JOIN article_tag ON aid=article.aid  ORDER BY addtime desc 
ERR: 1146:Table 'think_blog.article_tag' doesn't exist
 [ SQL语句 ] : SELECT * FROM `think_blog_article` INNER JOIN article_tag ON aid=article.aid  ORDER BY addtime desc 

[ 2016-09-10T22:31:40+08:00 ] ::1 /think_blog/index.php/Admin/Article/index.html
INFO: [ app_init ] --START--
INFO: Run Behavior\BuildLiteBehavior [ RunTime:0.000030s ]
INFO: [ app_init ] --END-- [ RunTime:0.000470s ]
INFO: [ app_begin ] --START--
INFO: Run Behavior\ReadHtmlCacheBehavior [ RunTime:0.000494s ]
INFO: [ app_begin ] --END-- [ RunTime:0.000624s ]
SQL: SHOW COLUMNS FROM `think_blog_article` [ RunTime:0.0032s ]
ERR: 1146:Table 'think_blog.__article_tag__' doesn't exist
 [ SQL语句 ] : SELECT * FROM `think_blog_article` INNER JOIN __article_tag__ ON aid=article.aid  ORDER BY addtime desc 
ERR: 1146:Table 'think_blog.__article_tag__' doesn't exist
 [ SQL语句 ] : SELECT * FROM `think_blog_article` INNER JOIN __article_tag__ ON aid=article.aid  ORDER BY addtime desc 

[ 2016-09-10T22:32:22+08:00 ] ::1 /think_blog/index.php/Admin/Article/add.html
INFO: [ app_init ] --START--
INFO: Run Behavior\BuildLiteBehavior [ RunTime:0.000036s ]
INFO: [ app_init ] --END-- [ RunTime:0.000547s ]
INFO: [ app_begin ] --START--
INFO: Run Behavior\ReadHtmlCacheBehavior [ RunTime:0.000495s ]
INFO: [ app_begin ] --END-- [ RunTime:0.000612s ]
SQL: SHOW COLUMNS FROM `think_blog_article` [ RunTime:0.0030s ]
INFO: [ view_parse ] --START--
INFO: [ template_filter ] --START--
INFO: Run Behavior\ContentReplaceBehavior [ RunTime:0.000125s ]
INFO: [ template_filter ] --END-- [ RunTime:0.000242s ]
NOTIC: [8] Undefined variable: allCategory D:\wamp\www\think_blog\Application\Runtime\Cache\Admin\2db99d7d7c6f115a3bde0ab04f840577.php 第 21 行.
NOTIC: [8] Undefined variable: allTag D:\wamp\www\think_blog\Application\Runtime\Cache\Admin\2db99d7d7c6f115a3bde0ab04f840577.php 第 40 行.
INFO: Run Behavior\ParseTemplateBehavior [ RunTime:0.034312s ]
INFO: [ view_parse ] --END-- [ RunTime:0.034514s ]
INFO: [ view_filter ] --START--
INFO: Run Behavior\WriteHtmlCacheBehavior [ RunTime:0.001085s ]
INFO: [ view_filter ] --END-- [ RunTime:0.001339s ]
INFO: [ app_end ] --START--
INFO: Run Behavior\ShowPageTraceBehavior [ RunTime:0.000954s ]
INFO: [ app_end ] --END-- [ RunTime:0.001129s ]

[ 2016-09-10T22:32:23+08:00 ] ::1 /think_blog/index.php/Admin/Article/index.html
INFO: [ app_init ] --START--
INFO: Run Behavior\BuildLiteBehavior [ RunTime:0.000048s ]
INFO: [ app_init ] --END-- [ RunTime:0.002224s ]
INFO: [ app_begin ] --START--
INFO: Run Behavior\ReadHtmlCacheBehavior [ RunTime:0.001425s ]
INFO: [ app_begin ] --END-- [ RunTime:0.001702s ]
SQL: SHOW COLUMNS FROM `think_blog_article` [ RunTime:0.0039s ]
ERR: 1146:Table 'think_blog.thik_blog_article_tag' doesn't exist
 [ SQL语句 ] : SELECT * FROM `think_blog_article` INNER JOIN thik_blog_article_tag ON aid=article.aid  ORDER BY addtime desc 
ERR: 1146:Table 'think_blog.thik_blog_article_tag' doesn't exist
 [ SQL语句 ] : SELECT * FROM `think_blog_article` INNER JOIN thik_blog_article_tag ON aid=article.aid  ORDER BY addtime desc 

[ 2016-09-10T22:32:42+08:00 ] ::1 /think_blog/index.php/Admin/Article/index.html
INFO: [ app_init ] --START--
INFO: Run Behavior\BuildLiteBehavior [ RunTime:0.000029s ]
INFO: [ app_init ] --END-- [ RunTime:0.000458s ]
INFO: [ app_begin ] --START--
INFO: Run Behavior\ReadHtmlCacheBehavior [ RunTime:0.000488s ]
INFO: [ app_begin ] --END-- [ RunTime:0.000623s ]
SQL: SHOW COLUMNS FROM `think_blog_article` [ RunTime:0.0032s ]
ERR: 1146:Table 'think_blog.thik_blog_article_tag' doesn't exist
 [ SQL语句 ] : SELECT * FROM `think_blog_article` INNER JOIN thik_blog_article_tag ON aid=article.aid  ORDER BY addtime desc 
ERR: 1146:Table 'think_blog.thik_blog_article_tag' doesn't exist
 [ SQL语句 ] : SELECT * FROM `think_blog_article` INNER JOIN thik_blog_article_tag ON aid=article.aid  ORDER BY addtime desc 

[ 2016-09-10T22:33:00+08:00 ] ::1 /think_blog/index.php/Admin/Article/index.html
INFO: [ app_init ] --START--
INFO: Run Behavior\BuildLiteBehavior [ RunTime:0.000025s ]
INFO: [ app_init ] --END-- [ RunTime:0.000425s ]
INFO: [ app_begin ] --START--
INFO: Run Behavior\ReadHtmlCacheBehavior [ RunTime:0.000416s ]
INFO: [ app_begin ] --END-- [ RunTime:0.000520s ]
SQL: SHOW COLUMNS FROM `think_blog_article` [ RunTime:0.0045s ]
ERR: 1064:You have an error in your SQL syntax; check the manual that corresponds to your MySQL server version for the right syntax to use near ''thik_blog_article_tag' ON aid=article.aid  ORDER BY addtime desc' at line 1
 [ SQL语句 ] : SELECT * FROM `think_blog_article` INNER JOIN 'thik_blog_article_tag' ON aid=article.aid  ORDER BY addtime desc 
ERR: 1064:You have an error in your SQL syntax; check the manual that corresponds to your MySQL server version for the right syntax to use near ''thik_blog_article_tag' ON aid=article.aid  ORDER BY addtime desc' at line 1
 [ SQL语句 ] : SELECT * FROM `think_blog_article` INNER JOIN 'thik_blog_article_tag' ON aid=article.aid  ORDER BY addtime desc 

[ 2016-09-10T22:33:14+08:00 ] ::1 /think_blog/index.php/Admin/Article/index.html
INFO: [ app_init ] --START--
INFO: Run Behavior\BuildLiteBehavior [ RunTime:0.000022s ]
INFO: [ app_init ] --END-- [ RunTime:0.000392s ]
INFO: [ app_begin ] --START--
INFO: Run Behavior\ReadHtmlCacheBehavior [ RunTime:0.000416s ]
INFO: [ app_begin ] --END-- [ RunTime:0.000530s ]
SQL: SHOW COLUMNS FROM `think_blog_article` [ RunTime:0.0035s ]
SQL: SELECT * FROM `think_blog_article` ORDER BY addtime desc  [ RunTime:0.0006s ]
INFO: [ view_parse ] --START--
INFO: [ template_filter ] --START--
INFO: Run Behavior\ContentReplaceBehavior [ RunTime:0.000203s ]
INFO: [ template_filter ] --END-- [ RunTime:0.000432s ]
NOTIC: [8] Undefined index: category D:\wamp\www\think_blog\Application\Runtime\Cache\Admin\d68c1effdec15e36d2122297104abebb.php 第 32 行.
NOTIC: [8] Undefined index: tag D:\wamp\www\think_blog\Application\Runtime\Cache\Admin\d68c1effdec15e36d2122297104abebb.php 第 36 行.
NOTIC: [8] Undefined index: is_original D:\wamp\www\think_blog\Application\Runtime\Cache\Admin\d68c1effdec15e36d2122297104abebb.php 第 39 行.
NOTIC: [8] Undefined index: category D:\wamp\www\think_blog\Application\Runtime\Cache\Admin\d68c1effdec15e36d2122297104abebb.php 第 32 行.
NOTIC: [8] Undefined index: tag D:\wamp\www\think_blog\Application\Runtime\Cache\Admin\d68c1effdec15e36d2122297104abebb.php 第 36 行.
NOTIC: [8] Undefined index: is_original D:\wamp\www\think_blog\Application\Runtime\Cache\Admin\d68c1effdec15e36d2122297104abebb.php 第 39 行.
NOTIC: [8] Undefined index: category D:\wamp\www\think_blog\Application\Runtime\Cache\Admin\d68c1effdec15e36d2122297104abebb.php 第 32 行.
NOTIC: [8] Undefined index: tag D:\wamp\www\think_blog\Application\Runtime\Cache\Admin\d68c1effdec15e36d2122297104abebb.php 第 36 行.
NOTIC: [8] Undefined index: is_original D:\wamp\www\think_blog\Application\Runtime\Cache\Admin\d68c1effdec15e36d2122297104abebb.php 第 39 行.
NOTIC: [8] Undefined index: category D:\wamp\www\think_blog\Application\Runtime\Cache\Admin\d68c1effdec15e36d2122297104abebb.php 第 32 行.
NOTIC: [8] Undefined index: tag D:\wamp\www\think_blog\Application\Runtime\Cache\Admin\d68c1effdec15e36d2122297104abebb.php 第 36 行.
NOTIC: [8] Undefined index: is_original D:\wamp\www\think_blog\Application\Runtime\Cache\Admin\d68c1effdec15e36d2122297104abebb.php 第 39 行.
NOTIC: [8] Undefined index: category D:\wamp\www\think_blog\Application\Runtime\Cache\Admin\d68c1effdec15e36d2122297104abebb.php 第 32 行.
NOTIC: [8] Undefined index: tag D:\wamp\www\think_blog\Application\Runtime\Cache\Admin\d68c1effdec15e36d2122297104abebb.php 第 36 行.
NOTIC: [8] Undefined index: is_original D:\wamp\www\think_blog\Application\Runtime\Cache\Admin\d68c1effdec15e36d2122297104abebb.php 第 39 行.
NOTIC: [8] Undefined index: category D:\wamp\www\think_blog\Application\Runtime\Cache\Admin\d68c1effdec15e36d2122297104abebb.php 第 32 行.
NOTIC: [8] Undefined index: tag D:\wamp\www\think_blog\Application\Runtime\Cache\Admin\d68c1effdec15e36d2122297104abebb.php 第 36 行.
NOTIC: [8] Undefined index: is_original D:\wamp\www\think_blog\Application\Runtime\Cache\Admin\d68c1effdec15e36d2122297104abebb.php 第 39 行.
NOTIC: [8] Undefined index: category D:\wamp\www\think_blog\Application\Runtime\Cache\Admin\d68c1effdec15e36d2122297104abebb.php 第 32 行.
NOTIC: [8] Undefined index: tag D:\wamp\www\think_blog\Application\Runtime\Cache\Admin\d68c1effdec15e36d2122297104abebb.php 第 36 行.
NOTIC: [8] Undefined index: is_original D:\wamp\www\think_blog\Application\Runtime\Cache\Admin\d68c1effdec15e36d2122297104abebb.php 第 39 行.
NOTIC: [8] Undefined index: category D:\wamp\www\think_blog\Application\Runtime\Cache\Admin\d68c1effdec15e36d2122297104abebb.php 第 32 行.
NOTIC: [8] Undefined index: tag D:\wamp\www\think_blog\Application\Runtime\Cache\Admin\d68c1effdec15e36d2122297104abebb.php 第 36 行.
NOTIC: [8] Undefined index: is_original D:\wamp\www\think_blog\Application\Runtime\Cache\Admin\d68c1effdec15e36d2122297104abebb.php 第 39 行.
NOTIC: [8] Undefined index: category D:\wamp\www\think_blog\Application\Runtime\Cache\Admin\d68c1effdec15e36d2122297104abebb.php 第 32 行.
NOTIC: [8] Undefined index: tag D:\wamp\www\think_blog\Application\Runtime\Cache\Admin\d68c1effdec15e36d2122297104abebb.php 第 36 行.
NOTIC: [8] Undefined index: is_original D:\wamp\www\think_blog\Application\Runtime\Cache\Admin\d68c1effdec15e36d2122297104abebb.php 第 39 行.
NOTIC: [8] Undefined index: category D:\wamp\www\think_blog\Application\Runtime\Cache\Admin\d68c1effdec15e36d2122297104abebb.php 第 32 行.
NOTIC: [8] Undefined index: tag D:\wamp\www\think_blog\Application\Runtime\Cache\Admin\d68c1effdec15e36d2122297104abebb.php 第 36 行.
NOTIC: [8] Undefined index: is_original D:\wamp\www\think_blog\Application\Runtime\Cache\Admin\d68c1effdec15e36d2122297104abebb.php 第 39 行.
NOTIC: [8] Undefined index: category D:\wamp\www\think_blog\Application\Runtime\Cache\Admin\d68c1effdec15e36d2122297104abebb.php 第 32 行.
NOTIC: [8] Undefined index: tag D:\wamp\www\think_blog\Application\Runtime\Cache\Admin\d68c1effdec15e36d2122297104abebb.php 第 36 行.
NOTIC: [8] Undefined index: is_original D:\wamp\www\think_blog\Application\Runtime\Cache\Admin\d68c1effdec15e36d2122297104abebb.php 第 39 行.
NOTIC: [8] Undefined index: category D:\wamp\www\think_blog\Application\Runtime\Cache\Admin\d68c1effdec15e36d2122297104abebb.php 第 32 行.
NOTIC: [8] Undefined index: tag D:\wamp\www\think_blog\Application\Runtime\Cache\Admin\d68c1effdec15e36d2122297104abebb.php 第 36 行.
NOTIC: [8] Undefined index: is_original D:\wamp\www\think_blog\Application\Runtime\Cache\Admin\d68c1effdec15e36d2122297104abebb.php 第 39 行.
NOTIC: [8] Undefined index: category D:\wamp\www\think_blog\Application\Runtime\Cache\Admin\d68c1effdec15e36d2122297104abebb.php 第 32 行.
NOTIC: [8] Undefined index: tag D:\wamp\www\think_blog\Application\Runtime\Cache\Admin\d68c1effdec15e36d2122297104abebb.php 第 36 行.
NOTIC: [8] Undefined index: is_original D:\wamp\www\think_blog\Application\Runtime\Cache\Admin\d68c1effdec15e36d2122297104abebb.php 第 39 行.
NOTIC: [8] Undefined index: category D:\wamp\www\think_blog\Application\Runtime\Cache\Admin\d68c1effdec15e36d2122297104abebb.php 第 32 行.
NOTIC: [8] Undefined index: tag D:\wamp\www\think_blog\Application\Runtime\Cache\Admin\d68c1effdec15e36d2122297104abebb.php 第 36 行.
NOTIC: [8] Undefined index: is_original D:\wamp\www\think_blog\Application\Runtime\Cache\Admin\d68c1effdec15e36d2122297104abebb.php 第 39 行.
NOTIC: [8] Undefined variable: page D:\wamp\www\think_blog\Application\Runtime\Cache\Admin\d68c1effdec15e36d2122297104abebb.php 第 62 行.
INFO: Run Behavior\ParseTemplateBehavior [ RunTime:0.034002s ]
INFO: [ view_parse ] --END-- [ RunTime:0.034240s ]
INFO: [ view_filter ] --START--
INFO: Run Behavior\WriteHtmlCacheBehavior [ RunTime:0.001436s ]
INFO: [ view_filter ] --END-- [ RunTime:0.001586s ]
NOTIC: [2] Cannot modify header information - headers already sent by (output started at D:\wamp\www\think_blog\Application\Common\Common\function.php:19) D:\wamp\www\think_blog\ThinkPHP\Library\Think\View.class.php 第 91 行.
NOTIC: [2] Cannot modify header information - headers already sent by (output started at D:\wamp\www\think_blog\Application\Common\Common\function.php:19) D:\wamp\www\think_blog\ThinkPHP\Library\Think\View.class.php 第 92 行.
NOTIC: [2] Cannot modify header information - headers already sent by (output started at D:\wamp\www\think_blog\Application\Common\Common\function.php:19) D:\wamp\www\think_blog\ThinkPHP\Library\Think\View.class.php 第 93 行.
INFO: [ app_end ] --START--
INFO: Run Behavior\ShowPageTraceBehavior [ RunTime:0.000803s ]
INFO: [ app_end ] --END-- [ RunTime:0.000922s ]

[ 2016-09-10T22:35:29+08:00 ] ::1 /think_blog/index.php/Admin/Article/index.html
INFO: [ app_init ] --START--
INFO: Run Behavior\BuildLiteBehavior [ RunTime:0.000023s ]
INFO: [ app_init ] --END-- [ RunTime:0.000456s ]
INFO: [ app_begin ] --START--
INFO: Run Behavior\ReadHtmlCacheBehavior [ RunTime:0.000628s ]
INFO: [ app_begin ] --END-- [ RunTime:0.000734s ]
SQL: SHOW COLUMNS FROM `think_blog_article` [ RunTime:0.0035s ]
ERR: 1054:Unknown column 'think_blog_article_tag.aid' in 'on clause'
 [ SQL语句 ] : SELECT * FROM `think_blog_article` INNER JOIN think_blog_article_tag ON think_blog_article.aid = think_blog_article_tag.aid  ORDER BY addtime desc 
ERR: 1054:Unknown column 'think_blog_article_tag.aid' in 'on clause'
 [ SQL语句 ] : SELECT * FROM `think_blog_article` INNER JOIN think_blog_article_tag ON think_blog_article.aid = think_blog_article_tag.aid  ORDER BY addtime desc 

[ 2016-09-10T22:35:36+08:00 ] ::1 /think_blog/index.php/Admin/Article/index.html
INFO: [ app_init ] --START--
INFO: Run Behavior\BuildLiteBehavior [ RunTime:0.000025s ]
INFO: [ app_init ] --END-- [ RunTime:0.000419s ]
INFO: [ app_begin ] --START--
INFO: Run Behavior\ReadHtmlCacheBehavior [ RunTime:0.000469s ]
INFO: [ app_begin ] --END-- [ RunTime:0.000587s ]
SQL: SHOW COLUMNS FROM `think_blog_article` [ RunTime:0.0029s ]
SQL: SELECT * FROM `think_blog_article` ORDER BY addtime desc  [ RunTime:0.0006s ]
INFO: [ view_parse ] --START--
INFO: [ template_filter ] --START--
INFO: Run Behavior\ContentReplaceBehavior [ RunTime:0.000193s ]
INFO: [ template_filter ] --END-- [ RunTime:0.000446s ]
NOTIC: [8] Undefined index: category D:\wamp\www\think_blog\Application\Runtime\Cache\Admin\d68c1effdec15e36d2122297104abebb.php 第 32 行.
NOTIC: [8] Undefined index: tag D:\wamp\www\think_blog\Application\Runtime\Cache\Admin\d68c1effdec15e36d2122297104abebb.php 第 36 行.
NOTIC: [8] Undefined index: is_original D:\wamp\www\think_blog\Application\Runtime\Cache\Admin\d68c1effdec15e36d2122297104abebb.php 第 39 行.
NOTIC: [8] Undefined index: category D:\wamp\www\think_blog\Application\Runtime\Cache\Admin\d68c1effdec15e36d2122297104abebb.php 第 32 行.
NOTIC: [8] Undefined index: tag D:\wamp\www\think_blog\Application\Runtime\Cache\Admin\d68c1effdec15e36d2122297104abebb.php 第 36 行.
NOTIC: [8] Undefined index: is_original D:\wamp\www\think_blog\Application\Runtime\Cache\Admin\d68c1effdec15e36d2122297104abebb.php 第 39 行.
NOTIC: [8] Undefined index: category D:\wamp\www\think_blog\Application\Runtime\Cache\Admin\d68c1effdec15e36d2122297104abebb.php 第 32 行.
NOTIC: [8] Undefined index: tag D:\wamp\www\think_blog\Application\Runtime\Cache\Admin\d68c1effdec15e36d2122297104abebb.php 第 36 行.
NOTIC: [8] Undefined index: is_original D:\wamp\www\think_blog\Application\Runtime\Cache\Admin\d68c1effdec15e36d2122297104abebb.php 第 39 行.
NOTIC: [8] Undefined index: category D:\wamp\www\think_blog\Application\Runtime\Cache\Admin\d68c1effdec15e36d2122297104abebb.php 第 32 行.
NOTIC: [8] Undefined index: tag D:\wamp\www\think_blog\Application\Runtime\Cache\Admin\d68c1effdec15e36d2122297104abebb.php 第 36 行.
NOTIC: [8] Undefined index: is_original D:\wamp\www\think_blog\Application\Runtime\Cache\Admin\d68c1effdec15e36d2122297104abebb.php 第 39 行.
NOTIC: [8] Undefined index: category D:\wamp\www\think_blog\Application\Runtime\Cache\Admin\d68c1effdec15e36d2122297104abebb.php 第 32 行.
NOTIC: [8] Undefined index: tag D:\wamp\www\think_blog\Application\Runtime\Cache\Admin\d68c1effdec15e36d2122297104abebb.php 第 36 行.
NOTIC: [8] Undefined index: is_original D:\wamp\www\think_blog\Application\Runtime\Cache\Admin\d68c1effdec15e36d2122297104abebb.php 第 39 行.
NOTIC: [8] Undefined index: category D:\wamp\www\think_blog\Application\Runtime\Cache\Admin\d68c1effdec15e36d2122297104abebb.php 第 32 行.
NOTIC: [8] Undefined index: tag D:\wamp\www\think_blog\Application\Runtime\Cache\Admin\d68c1effdec15e36d2122297104abebb.php 第 36 行.
NOTIC: [8] Undefined index: is_original D:\wamp\www\think_blog\Application\Runtime\Cache\Admin\d68c1effdec15e36d2122297104abebb.php 第 39 行.
NOTIC: [8] Undefined index: category D:\wamp\www\think_blog\Application\Runtime\Cache\Admin\d68c1effdec15e36d2122297104abebb.php 第 32 行.
NOTIC: [8] Undefined index: tag D:\wamp\www\think_blog\Application\Runtime\Cache\Admin\d68c1effdec15e36d2122297104abebb.php 第 36 行.
NOTIC: [8] Undefined index: is_original D:\wamp\www\think_blog\Application\Runtime\Cache\Admin\d68c1effdec15e36d2122297104abebb.php 第 39 行.
NOTIC: [8] Undefined index: category D:\wamp\www\think_blog\Application\Runtime\Cache\Admin\d68c1effdec15e36d2122297104abebb.php 第 32 行.
NOTIC: [8] Undefined index: tag D:\wamp\www\think_blog\Application\Runtime\Cache\Admin\d68c1effdec15e36d2122297104abebb.php 第 36 行.
NOTIC: [8] Undefined index: is_original D:\wamp\www\think_blog\Application\Runtime\Cache\Admin\d68c1effdec15e36d2122297104abebb.php 第 39 行.
NOTIC: [8] Undefined index: category D:\wamp\www\think_blog\Application\Runtime\Cache\Admin\d68c1effdec15e36d2122297104abebb.php 第 32 行.
NOTIC: [8] Undefined index: tag D:\wamp\www\think_blog\Application\Runtime\Cache\Admin\d68c1effdec15e36d2122297104abebb.php 第 36 行.
NOTIC: [8] Undefined index: is_original D:\wamp\www\think_blog\Application\Runtime\Cache\Admin\d68c1effdec15e36d2122297104abebb.php 第 39 行.
NOTIC: [8] Undefined index: category D:\wamp\www\think_blog\Application\Runtime\Cache\Admin\d68c1effdec15e36d2122297104abebb.php 第 32 行.
NOTIC: [8] Undefined index: tag D:\wamp\www\think_blog\Application\Runtime\Cache\Admin\d68c1effdec15e36d2122297104abebb.php 第 36 行.
NOTIC: [8] Undefined index: is_original D:\wamp\www\think_blog\Application\Runtime\Cache\Admin\d68c1effdec15e36d2122297104abebb.php 第 39 行.
NOTIC: [8] Undefined index: category D:\wamp\www\think_blog\Application\Runtime\Cache\Admin\d68c1effdec15e36d2122297104abebb.php 第 32 行.
NOTIC: [8] Undefined index: tag D:\wamp\www\think_blog\Application\Runtime\Cache\Admin\d68c1effdec15e36d2122297104abebb.php 第 36 行.
NOTIC: [8] Undefined index: is_original D:\wamp\www\think_blog\Application\Runtime\Cache\Admin\d68c1effdec15e36d2122297104abebb.php 第 39 行.
NOTIC: [8] Undefined index: category D:\wamp\www\think_blog\Application\Runtime\Cache\Admin\d68c1effdec15e36d2122297104abebb.php 第 32 行.
NOTIC: [8] Undefined index: tag D:\wamp\www\think_blog\Application\Runtime\Cache\Admin\d68c1effdec15e36d2122297104abebb.php 第 36 行.
NOTIC: [8] Undefined index: is_original D:\wamp\www\think_blog\Application\Runtime\Cache\Admin\d68c1effdec15e36d2122297104abebb.php 第 39 行.
NOTIC: [8] Undefined index: category D:\wamp\www\think_blog\Application\Runtime\Cache\Admin\d68c1effdec15e36d2122297104abebb.php 第 32 行.
NOTIC: [8] Undefined index: tag D:\wamp\www\think_blog\Application\Runtime\Cache\Admin\d68c1effdec15e36d2122297104abebb.php 第 36 行.
NOTIC: [8] Undefined index: is_original D:\wamp\www\think_blog\Application\Runtime\Cache\Admin\d68c1effdec15e36d2122297104abebb.php 第 39 行.
NOTIC: [8] Undefined index: category D:\wamp\www\think_blog\Application\Runtime\Cache\Admin\d68c1effdec15e36d2122297104abebb.php 第 32 行.
NOTIC: [8] Undefined index: tag D:\wamp\www\think_blog\Application\Runtime\Cache\Admin\d68c1effdec15e36d2122297104abebb.php 第 36 行.
NOTIC: [8] Undefined index: is_original D:\wamp\www\think_blog\Application\Runtime\Cache\Admin\d68c1effdec15e36d2122297104abebb.php 第 39 行.
NOTIC: [8] Undefined variable: page D:\wamp\www\think_blog\Application\Runtime\Cache\Admin\d68c1effdec15e36d2122297104abebb.php 第 62 行.
INFO: Run Behavior\ParseTemplateBehavior [ RunTime:0.031795s ]
INFO: [ view_parse ] --END-- [ RunTime:0.032019s ]
INFO: [ view_filter ] --START--
INFO: Run Behavior\WriteHtmlCacheBehavior [ RunTime:0.001015s ]
INFO: [ view_filter ] --END-- [ RunTime:0.001229s ]
NOTIC: [2] Cannot modify header information - headers already sent by (output started at D:\wamp\www\think_blog\Application\Common\Common\function.php:19) D:\wamp\www\think_blog\ThinkPHP\Library\Think\View.class.php 第 91 行.
NOTIC: [2] Cannot modify header information - headers already sent by (output started at D:\wamp\www\think_blog\Application\Common\Common\function.php:19) D:\wamp\www\think_blog\ThinkPHP\Library\Think\View.class.php 第 92 行.
NOTIC: [2] Cannot modify header information - headers already sent by (output started at D:\wamp\www\think_blog\Application\Common\Common\function.php:19) D:\wamp\www\think_blog\ThinkPHP\Library\Think\View.class.php 第 93 行.
INFO: [ app_end ] --START--
INFO: Run Behavior\ShowPageTraceBehavior [ RunTime:0.001248s ]
INFO: [ app_end ] --END-- [ RunTime:0.001639s ]

[ 2016-09-10T22:35:44+08:00 ] ::1 /think_blog/index.php/Admin/Article/index.html
INFO: [ app_init ] --START--
INFO: Run Behavior\BuildLiteBehavior [ RunTime:0.000025s ]
INFO: [ app_init ] --END-- [ RunTime:0.000428s ]
INFO: [ app_begin ] --START--
INFO: Run Behavior\ReadHtmlCacheBehavior [ RunTime:0.000642s ]
INFO: [ app_begin ] --END-- [ RunTime:0.000755s ]
SQL: SHOW COLUMNS FROM `think_blog_article` [ RunTime:0.0029s ]
SQL: SELECT * FROM `think_blog_article` ORDER BY addtime desc  [ RunTime:0.0006s ]
INFO: [ view_parse ] --START--
INFO: [ template_filter ] --START--
INFO: Run Behavior\ContentReplaceBehavior [ RunTime:0.000206s ]
INFO: [ template_filter ] --END-- [ RunTime:0.000462s ]
NOTIC: [8] Undefined index: category D:\wamp\www\think_blog\Application\Runtime\Cache\Admin\d68c1effdec15e36d2122297104abebb.php 第 32 行.
NOTIC: [8] Undefined index: tag D:\wamp\www\think_blog\Application\Runtime\Cache\Admin\d68c1effdec15e36d2122297104abebb.php 第 36 行.
NOTIC: [8] Undefined index: is_original D:\wamp\www\think_blog\Application\Runtime\Cache\Admin\d68c1effdec15e36d2122297104abebb.php 第 39 行.
NOTIC: [8] Undefined index: category D:\wamp\www\think_blog\Application\Runtime\Cache\Admin\d68c1effdec15e36d2122297104abebb.php 第 32 行.
NOTIC: [8] Undefined index: tag D:\wamp\www\think_blog\Application\Runtime\Cache\Admin\d68c1effdec15e36d2122297104abebb.php 第 36 行.
NOTIC: [8] Undefined index: is_original D:\wamp\www\think_blog\Application\Runtime\Cache\Admin\d68c1effdec15e36d2122297104abebb.php 第 39 行.
NOTIC: [8] Undefined index: category D:\wamp\www\think_blog\Application\Runtime\Cache\Admin\d68c1effdec15e36d2122297104abebb.php 第 32 行.
NOTIC: [8] Undefined index: tag D:\wamp\www\think_blog\Application\Runtime\Cache\Admin\d68c1effdec15e36d2122297104abebb.php 第 36 行.
NOTIC: [8] Undefined index: is_original D:\wamp\www\think_blog\Application\Runtime\Cache\Admin\d68c1effdec15e36d2122297104abebb.php 第 39 行.
NOTIC: [8] Undefined index: category D:\wamp\www\think_blog\Application\Runtime\Cache\Admin\d68c1effdec15e36d2122297104abebb.php 第 32 行.
NOTIC: [8] Undefined index: tag D:\wamp\www\think_blog\Application\Runtime\Cache\Admin\d68c1effdec15e36d2122297104abebb.php 第 36 行.
NOTIC: [8] Undefined index: is_original D:\wamp\www\think_blog\Application\Runtime\Cache\Admin\d68c1effdec15e36d2122297104abebb.php 第 39 行.
NOTIC: [8] Undefined index: category D:\wamp\www\think_blog\Application\Runtime\Cache\Admin\d68c1effdec15e36d2122297104abebb.php 第 32 行.
NOTIC: [8] Undefined index: tag D:\wamp\www\think_blog\Application\Runtime\Cache\Admin\d68c1effdec15e36d2122297104abebb.php 第 36 行.
NOTIC: [8] Undefined index: is_original D:\wamp\www\think_blog\Application\Runtime\Cache\Admin\d68c1effdec15e36d2122297104abebb.php 第 39 行.
NOTIC: [8] Undefined index: category D:\wamp\www\think_blog\Application\Runtime\Cache\Admin\d68c1effdec15e36d2122297104abebb.php 第 32 行.
NOTIC: [8] Undefined index: tag D:\wamp\www\think_blog\Application\Runtime\Cache\Admin\d68c1effdec15e36d2122297104abebb.php 第 36 行.
NOTIC: [8] Undefined index: is_original D:\wamp\www\think_blog\Application\Runtime\Cache\Admin\d68c1effdec15e36d2122297104abebb.php 第 39 行.
NOTIC: [8] Undefined index: category D:\wamp\www\think_blog\Application\Runtime\Cache\Admin\d68c1effdec15e36d2122297104abebb.php 第 32 行.
NOTIC: [8] Undefined index: tag D:\wamp\www\think_blog\Application\Runtime\Cache\Admin\d68c1effdec15e36d2122297104abebb.php 第 36 行.
NOTIC: [8] Undefined index: is_original D:\wamp\www\think_blog\Application\Runtime\Cache\Admin\d68c1effdec15e36d2122297104abebb.php 第 39 行.
NOTIC: [8] Undefined index: category D:\wamp\www\think_blog\Application\Runtime\Cache\Admin\d68c1effdec15e36d2122297104abebb.php 第 32 行.
NOTIC: [8] Undefined index: tag D:\wamp\www\think_blog\Application\Runtime\Cache\Admin\d68c1effdec15e36d2122297104abebb.php 第 36 行.
NOTIC: [8] Undefined index: is_original D:\wamp\www\think_blog\Application\Runtime\Cache\Admin\d68c1effdec15e36d2122297104abebb.php 第 39 行.
NOTIC: [8] Undefined index: category D:\wamp\www\think_blog\Application\Runtime\Cache\Admin\d68c1effdec15e36d2122297104abebb.php 第 32 行.
NOTIC: [8] Undefined index: tag D:\wamp\www\think_blog\Application\Runtime\Cache\Admin\d68c1effdec15e36d2122297104abebb.php 第 36 行.
NOTIC: [8] Undefined index: is_original D:\wamp\www\think_blog\Application\Runtime\Cache\Admin\d68c1effdec15e36d2122297104abebb.php 第 39 行.
NOTIC: [8] Undefined index: category D:\wamp\www\think_blog\Application\Runtime\Cache\Admin\d68c1effdec15e36d2122297104abebb.php 第 32 行.
NOTIC: [8] Undefined index: tag D:\wamp\www\think_blog\Application\Runtime\Cache\Admin\d68c1effdec15e36d2122297104abebb.php 第 36 行.
NOTIC: [8] Undefined index: is_original D:\wamp\www\think_blog\Application\Runtime\Cache\Admin\d68c1effdec15e36d2122297104abebb.php 第 39 行.
NOTIC: [8] Undefined index: category D:\wamp\www\think_blog\Application\Runtime\Cache\Admin\d68c1effdec15e36d2122297104abebb.php 第 32 行.
NOTIC: [8] Undefined index: tag D:\wamp\www\think_blog\Application\Runtime\Cache\Admin\d68c1effdec15e36d2122297104abebb.php 第 36 行.
NOTIC: [8] Undefined index: is_original D:\wamp\www\think_blog\Application\Runtime\Cache\Admin\d68c1effdec15e36d2122297104abebb.php 第 39 行.
NOTIC: [8] Undefined index: category D:\wamp\www\think_blog\Application\Runtime\Cache\Admin\d68c1effdec15e36d2122297104abebb.php 第 32 行.
NOTIC: [8] Undefined index: tag D:\wamp\www\think_blog\Application\Runtime\Cache\Admin\d68c1effdec15e36d2122297104abebb.php 第 36 行.
NOTIC: [8] Undefined index: is_original D:\wamp\www\think_blog\Application\Runtime\Cache\Admin\d68c1effdec15e36d2122297104abebb.php 第 39 行.
NOTIC: [8] Undefined index: category D:\wamp\www\think_blog\Application\Runtime\Cache\Admin\d68c1effdec15e36d2122297104abebb.php 第 32 行.
NOTIC: [8] Undefined index: tag D:\wamp\www\think_blog\Application\Runtime\Cache\Admin\d68c1effdec15e36d2122297104abebb.php 第 36 行.
NOTIC: [8] Undefined index: is_original D:\wamp\www\think_blog\Application\Runtime\Cache\Admin\d68c1effdec15e36d2122297104abebb.php 第 39 行.
NOTIC: [8] Undefined index: category D:\wamp\www\think_blog\Application\Runtime\Cache\Admin\d68c1effdec15e36d2122297104abebb.php 第 32 行.
NOTIC: [8] Undefined index: tag D:\wamp\www\think_blog\Application\Runtime\Cache\Admin\d68c1effdec15e36d2122297104abebb.php 第 36 行.
NOTIC: [8] Undefined index: is_original D:\wamp\www\think_blog\Application\Runtime\Cache\Admin\d68c1effdec15e36d2122297104abebb.php 第 39 行.
NOTIC: [8] Undefined variable: page D:\wamp\www\think_blog\Application\Runtime\Cache\Admin\d68c1effdec15e36d2122297104abebb.php 第 62 行.
INFO: Run Behavior\ParseTemplateBehavior [ RunTime:0.038963s ]
INFO: [ view_parse ] --END-- [ RunTime:0.039300s ]
INFO: [ view_filter ] --START--
INFO: Run Behavior\WriteHtmlCacheBehavior [ RunTime:0.001522s ]
INFO: [ view_filter ] --END-- [ RunTime:0.001857s ]
NOTIC: [2] Cannot modify header information - headers already sent by (output started at D:\wamp\www\think_blog\Application\Common\Common\function.php:19) D:\wamp\www\think_blog\ThinkPHP\Library\Think\View.class.php 第 91 行.
NOTIC: [2] Cannot modify header information - headers already sent by (output started at D:\wamp\www\think_blog\Application\Common\Common\function.php:19) D:\wamp\www\think_blog\ThinkPHP\Library\Think\View.class.php 第 92 行.
NOTIC: [2] Cannot modify header information - headers already sent by (output started at D:\wamp\www\think_blog\Application\Common\Common\function.php:19) D:\wamp\www\think_blog\ThinkPHP\Library\Think\View.class.php 第 93 行.
INFO: [ app_end ] --START--
INFO: Run Behavior\ShowPageTraceBehavior [ RunTime:0.002513s ]
INFO: [ app_end ] --END-- [ RunTime:0.003604s ]

[ 2016-09-10T22:35:48+08:00 ] ::1 /think_blog/index.php/Admin/Article/index.html
INFO: [ app_init ] --START--
INFO: Run Behavior\BuildLiteBehavior [ RunTime:0.000054s ]
INFO: [ app_init ] --END-- [ RunTime:0.000456s ]
INFO: [ app_begin ] --START--
INFO: Run Behavior\ReadHtmlCacheBehavior [ RunTime:0.000488s ]
INFO: [ app_begin ] --END-- [ RunTime:0.000615s ]
SQL: SHOW COLUMNS FROM `think_blog_article` [ RunTime:0.0034s ]
SQL: SELECT * FROM `think_blog_article` ORDER BY addtime desc  [ RunTime:0.0005s ]
INFO: [ view_parse ] --START--
INFO: [ template_filter ] --START--
INFO: Run Behavior\ContentReplaceBehavior [ RunTime:0.000139s ]
INFO: [ template_filter ] --END-- [ RunTime:0.000282s ]
NOTIC: [8] Undefined index: category D:\wamp\www\think_blog\Application\Runtime\Cache\Admin\d68c1effdec15e36d2122297104abebb.php 第 32 行.
NOTIC: [8] Undefined index: tag D:\wamp\www\think_blog\Application\Runtime\Cache\Admin\d68c1effdec15e36d2122297104abebb.php 第 36 行.
NOTIC: [8] Undefined index: is_original D:\wamp\www\think_blog\Application\Runtime\Cache\Admin\d68c1effdec15e36d2122297104abebb.php 第 39 行.
NOTIC: [8] Undefined index: category D:\wamp\www\think_blog\Application\Runtime\Cache\Admin\d68c1effdec15e36d2122297104abebb.php 第 32 行.
NOTIC: [8] Undefined index: tag D:\wamp\www\think_blog\Application\Runtime\Cache\Admin\d68c1effdec15e36d2122297104abebb.php 第 36 行.
NOTIC: [8] Undefined index: is_original D:\wamp\www\think_blog\Application\Runtime\Cache\Admin\d68c1effdec15e36d2122297104abebb.php 第 39 行.
NOTIC: [8] Undefined index: category D:\wamp\www\think_blog\Application\Runtime\Cache\Admin\d68c1effdec15e36d2122297104abebb.php 第 32 行.
NOTIC: [8] Undefined index: tag D:\wamp\www\think_blog\Application\Runtime\Cache\Admin\d68c1effdec15e36d2122297104abebb.php 第 36 行.
NOTIC: [8] Undefined index: is_original D:\wamp\www\think_blog\Application\Runtime\Cache\Admin\d68c1effdec15e36d2122297104abebb.php 第 39 行.
NOTIC: [8] Undefined index: category D:\wamp\www\think_blog\Application\Runtime\Cache\Admin\d68c1effdec15e36d2122297104abebb.php 第 32 行.
NOTIC: [8] Undefined index: tag D:\wamp\www\think_blog\Application\Runtime\Cache\Admin\d68c1effdec15e36d2122297104abebb.php 第 36 行.
NOTIC: [8] Undefined index: is_original D:\wamp\www\think_blog\Application\Runtime\Cache\Admin\d68c1effdec15e36d2122297104abebb.php 第 39 行.
NOTIC: [8] Undefined index: category D:\wamp\www\think_blog\Application\Runtime\Cache\Admin\d68c1effdec15e36d2122297104abebb.php 第 32 行.
NOTIC: [8] Undefined index: tag D:\wamp\www\think_blog\Application\Runtime\Cache\Admin\d68c1effdec15e36d2122297104abebb.php 第 36 行.
NOTIC: [8] Undefined index: is_original D:\wamp\www\think_blog\Application\Runtime\Cache\Admin\d68c1effdec15e36d2122297104abebb.php 第 39 行.
NOTIC: [8] Undefined index: category D:\wamp\www\think_blog\Application\Runtime\Cache\Admin\d68c1effdec15e36d2122297104abebb.php 第 32 行.
NOTIC: [8] Undefined index: tag D:\wamp\www\think_blog\Application\Runtime\Cache\Admin\d68c1effdec15e36d2122297104abebb.php 第 36 行.
NOTIC: [8] Undefined index: is_original D:\wamp\www\think_blog\Application\Runtime\Cache\Admin\d68c1effdec15e36d2122297104abebb.php 第 39 行.
NOTIC: [8] Undefined index: category D:\wamp\www\think_blog\Application\Runtime\Cache\Admin\d68c1effdec15e36d2122297104abebb.php 第 32 行.
NOTIC: [8] Undefined index: tag D:\wamp\www\think_blog\Application\Runtime\Cache\Admin\d68c1effdec15e36d2122297104abebb.php 第 36 行.
NOTIC: [8] Undefined index: is_original D:\wamp\www\think_blog\Application\Runtime\Cache\Admin\d68c1effdec15e36d2122297104abebb.php 第 39 行.
NOTIC: [8] Undefined index: category D:\wamp\www\think_blog\Application\Runtime\Cache\Admin\d68c1effdec15e36d2122297104abebb.php 第 32 行.
NOTIC: [8] Undefined index: tag D:\wamp\www\think_blog\Application\Runtime\Cache\Admin\d68c1effdec15e36d2122297104abebb.php 第 36 行.
NOTIC: [8] Undefined index: is_original D:\wamp\www\think_blog\Application\Runtime\Cache\Admin\d68c1effdec15e36d2122297104abebb.php 第 39 行.
NOTIC: [8] Undefined index: category D:\wamp\www\think_blog\Application\Runtime\Cache\Admin\d68c1effdec15e36d2122297104abebb.php 第 32 行.
NOTIC: [8] Undefined index: tag D:\wamp\www\think_blog\Application\Runtime\Cache\Admin\d68c1effdec15e36d2122297104abebb.php 第 36 行.
NOTIC: [8] Undefined index: is_original D:\wamp\www\think_blog\Application\Runtime\Cache\Admin\d68c1effdec15e36d2122297104abebb.php 第 39 行.
NOTIC: [8] Undefined index: category D:\wamp\www\think_blog\Application\Runtime\Cache\Admin\d68c1effdec15e36d2122297104abebb.php 第 32 行.
NOTIC: [8] Undefined index: tag D:\wamp\www\think_blog\Application\Runtime\Cache\Admin\d68c1effdec15e36d2122297104abebb.php 第 36 行.
NOTIC: [8] Undefined index: is_original D:\wamp\www\think_blog\Application\Runtime\Cache\Admin\d68c1effdec15e36d2122297104abebb.php 第 39 行.
NOTIC: [8] Undefined index: category D:\wamp\www\think_blog\Application\Runtime\Cache\Admin\d68c1effdec15e36d2122297104abebb.php 第 32 行.
NOTIC: [8] Undefined index: tag D:\wamp\www\think_blog\Application\Runtime\Cache\Admin\d68c1effdec15e36d2122297104abebb.php 第 36 行.
NOTIC: [8] Undefined index: is_original D:\wamp\www\think_blog\Application\Runtime\Cache\Admin\d68c1effdec15e36d2122297104abebb.php 第 39 行.
NOTIC: [8] Undefined index: category D:\wamp\www\think_blog\Application\Runtime\Cache\Admin\d68c1effdec15e36d2122297104abebb.php 第 32 行.
NOTIC: [8] Undefined index: tag D:\wamp\www\think_blog\Application\Runtime\Cache\Admin\d68c1effdec15e36d2122297104abebb.php 第 36 行.
NOTIC: [8] Undefined index: is_original D:\wamp\www\think_blog\Application\Runtime\Cache\Admin\d68c1effdec15e36d2122297104abebb.php 第 39 行.
NOTIC: [8] Undefined index: category D:\wamp\www\think_blog\Application\Runtime\Cache\Admin\d68c1effdec15e36d2122297104abebb.php 第 32 行.
NOTIC: [8] Undefined index: tag D:\wamp\www\think_blog\Application\Runtime\Cache\Admin\d68c1effdec15e36d2122297104abebb.php 第 36 行.
NOTIC: [8] Undefined index: is_original D:\wamp\www\think_blog\Application\Runtime\Cache\Admin\d68c1effdec15e36d2122297104abebb.php 第 39 行.
NOTIC: [8] Undefined index: category D:\wamp\www\think_blog\Application\Runtime\Cache\Admin\d68c1effdec15e36d2122297104abebb.php 第 32 行.
NOTIC: [8] Undefined index: tag D:\wamp\www\think_blog\Application\Runtime\Cache\Admin\d68c1effdec15e36d2122297104abebb.php 第 36 行.
NOTIC: [8] Undefined index: is_original D:\wamp\www\think_blog\Application\Runtime\Cache\Admin\d68c1effdec15e36d2122297104abebb.php 第 39 行.
NOTIC: [8] Undefined variable: page D:\wamp\www\think_blog\Application\Runtime\Cache\Admin\d68c1effdec15e36d2122297104abebb.php 第 62 行.
INFO: Run Behavior\ParseTemplateBehavior [ RunTime:0.020487s ]
INFO: [ view_parse ] --END-- [ RunTime:0.020599s ]
INFO: [ view_filter ] --START--
INFO: Run Behavior\WriteHtmlCacheBehavior [ RunTime:0.000622s ]
INFO: [ view_filter ] --END-- [ RunTime:0.000723s ]
INFO: [ app_end ] --START--
INFO: Run Behavior\ShowPageTraceBehavior [ RunTime:0.001067s ]
INFO: [ app_end ] --END-- [ RunTime:0.001224s ]

[ 2016-09-10T22:39:17+08:00 ] ::1 /think_blog/index.php/Admin/Article/index.html
INFO: [ app_init ] --START--
INFO: Run Behavior\BuildLiteBehavior [ RunTime:0.000035s ]
INFO: [ app_init ] --END-- [ RunTime:0.000724s ]
INFO: [ app_begin ] --START--
INFO: Run Behavior\ReadHtmlCacheBehavior [ RunTime:0.000723s ]
INFO: [ app_begin ] --END-- [ RunTime:0.000860s ]

[ 2016-09-10T22:39:51+08:00 ] ::1 /think_blog/index.php/Admin/Article/index.html
INFO: [ app_init ] --START--
INFO: Run Behavior\BuildLiteBehavior [ RunTime:0.000023s ]
INFO: [ app_init ] --END-- [ RunTime:0.000387s ]
INFO: [ app_begin ] --START--
INFO: Run Behavior\ReadHtmlCacheBehavior [ RunTime:0.000427s ]
INFO: [ app_begin ] --END-- [ RunTime:0.000532s ]
SQL: SHOW COLUMNS FROM `think_blog_article` [ RunTime:0.0041s ]
ERR: 1054:Unknown column 'think_blog_article_aid' in 'on clause'
 [ SQL语句 ] : SELECT * FROM `think_blog_article` INNER JOIN think_blog_article_tag ON aid=think_blog_article_aid  ORDER BY addtime desc 
ERR: 1054:Unknown column 'think_blog_article_aid' in 'on clause'
 [ SQL语句 ] : SELECT * FROM `think_blog_article` INNER JOIN think_blog_article_tag ON aid=think_blog_article_aid  ORDER BY addtime desc 

[ 2016-09-10T22:40:45+08:00 ] ::1 /think_blog/index.php/Admin/Article/index.html
INFO: [ app_init ] --START--
INFO: Run Behavior\BuildLiteBehavior [ RunTime:0.000025s ]
INFO: [ app_init ] --END-- [ RunTime:0.000413s ]
INFO: [ app_begin ] --START--
INFO: Run Behavior\ReadHtmlCacheBehavior [ RunTime:0.000662s ]
INFO: [ app_begin ] --END-- [ RunTime:0.000847s ]
SQL: SHOW COLUMNS FROM `think_blog_article` [ RunTime:0.0036s ]
SQL: SELECT * FROM `think_blog_article` INNER JOIN think_blog_article_tag ON aid=think_blog_article_tag.article_aid  ORDER BY addtime desc  [ RunTime:0.0238s ]
INFO: [ view_parse ] --START--
INFO: [ template_filter ] --START--
INFO: Run Behavior\ContentReplaceBehavior [ RunTime:0.000191s ]
INFO: [ template_filter ] --END-- [ RunTime:0.000391s ]
NOTIC: [8] Undefined index: category D:\wamp\www\think_blog\Application\Runtime\Cache\Admin\d68c1effdec15e36d2122297104abebb.php 第 32 行.
NOTIC: [8] Undefined index: tag D:\wamp\www\think_blog\Application\Runtime\Cache\Admin\d68c1effdec15e36d2122297104abebb.php 第 36 行.
NOTIC: [8] Undefined index: is_original D:\wamp\www\think_blog\Application\Runtime\Cache\Admin\d68c1effdec15e36d2122297104abebb.php 第 39 行.
NOTIC: [8] Undefined index: category D:\wamp\www\think_blog\Application\Runtime\Cache\Admin\d68c1effdec15e36d2122297104abebb.php 第 32 行.
NOTIC: [8] Undefined index: tag D:\wamp\www\think_blog\Application\Runtime\Cache\Admin\d68c1effdec15e36d2122297104abebb.php 第 36 行.
NOTIC: [8] Undefined index: is_original D:\wamp\www\think_blog\Application\Runtime\Cache\Admin\d68c1effdec15e36d2122297104abebb.php 第 39 行.
NOTIC: [8] Undefined index: category D:\wamp\www\think_blog\Application\Runtime\Cache\Admin\d68c1effdec15e36d2122297104abebb.php 第 32 行.
NOTIC: [8] Undefined index: tag D:\wamp\www\think_blog\Application\Runtime\Cache\Admin\d68c1effdec15e36d2122297104abebb.php 第 36 行.
NOTIC: [8] Undefined index: is_original D:\wamp\www\think_blog\Application\Runtime\Cache\Admin\d68c1effdec15e36d2122297104abebb.php 第 39 行.
NOTIC: [8] Undefined index: category D:\wamp\www\think_blog\Application\Runtime\Cache\Admin\d68c1effdec15e36d2122297104abebb.php 第 32 行.
NOTIC: [8] Undefined index: tag D:\wamp\www\think_blog\Application\Runtime\Cache\Admin\d68c1effdec15e36d2122297104abebb.php 第 36 行.
NOTIC: [8] Undefined index: is_original D:\wamp\www\think_blog\Application\Runtime\Cache\Admin\d68c1effdec15e36d2122297104abebb.php 第 39 行.
NOTIC: [8] Undefined index: category D:\wamp\www\think_blog\Application\Runtime\Cache\Admin\d68c1effdec15e36d2122297104abebb.php 第 32 行.
NOTIC: [8] Undefined index: tag D:\wamp\www\think_blog\Application\Runtime\Cache\Admin\d68c1effdec15e36d2122297104abebb.php 第 36 行.
NOTIC: [8] Undefined index: is_original D:\wamp\www\think_blog\Application\Runtime\Cache\Admin\d68c1effdec15e36d2122297104abebb.php 第 39 行.
NOTIC: [8] Undefined index: category D:\wamp\www\think_blog\Application\Runtime\Cache\Admin\d68c1effdec15e36d2122297104abebb.php 第 32 行.
NOTIC: [8] Undefined index: tag D:\wamp\www\think_blog\Application\Runtime\Cache\Admin\d68c1effdec15e36d2122297104abebb.php 第 36 行.
NOTIC: [8] Undefined index: is_original D:\wamp\www\think_blog\Application\Runtime\Cache\Admin\d68c1effdec15e36d2122297104abebb.php 第 39 行.
NOTIC: [8] Undefined index: category D:\wamp\www\think_blog\Application\Runtime\Cache\Admin\d68c1effdec15e36d2122297104abebb.php 第 32 行.
NOTIC: [8] Undefined index: tag D:\wamp\www\think_blog\Application\Runtime\Cache\Admin\d68c1effdec15e36d2122297104abebb.php 第 36 行.
NOTIC: [8] Undefined index: is_original D:\wamp\www\think_blog\Application\Runtime\Cache\Admin\d68c1effdec15e36d2122297104abebb.php 第 39 行.
NOTIC: [8] Undefined index: category D:\wamp\www\think_blog\Application\Runtime\Cache\Admin\d68c1effdec15e36d2122297104abebb.php 第 32 行.
NOTIC: [8] Undefined index: tag D:\wamp\www\think_blog\Application\Runtime\Cache\Admin\d68c1effdec15e36d2122297104abebb.php 第 36 行.
NOTIC: [8] Undefined index: is_original D:\wamp\www\think_blog\Application\Runtime\Cache\Admin\d68c1effdec15e36d2122297104abebb.php 第 39 行.
NOTIC: [8] Undefined index: category D:\wamp\www\think_blog\Application\Runtime\Cache\Admin\d68c1effdec15e36d2122297104abebb.php 第 32 行.
NOTIC: [8] Undefined index: tag D:\wamp\www\think_blog\Application\Runtime\Cache\Admin\d68c1effdec15e36d2122297104abebb.php 第 36 行.
NOTIC: [8] Undefined index: is_original D:\wamp\www\think_blog\Application\Runtime\Cache\Admin\d68c1effdec15e36d2122297104abebb.php 第 39 行.
NOTIC: [8] Undefined index: category D:\wamp\www\think_blog\Application\Runtime\Cache\Admin\d68c1effdec15e36d2122297104abebb.php 第 32 行.
NOTIC: [8] Undefined index: tag D:\wamp\www\think_blog\Application\Runtime\Cache\Admin\d68c1effdec15e36d2122297104abebb.php 第 36 行.
NOTIC: [8] Undefined index: is_original D:\wamp\www\think_blog\Application\Runtime\Cache\Admin\d68c1effdec15e36d2122297104abebb.php 第 39 行.
NOTIC: [8] Undefined index: category D:\wamp\www\think_blog\Application\Runtime\Cache\Admin\d68c1effdec15e36d2122297104abebb.php 第 32 行.
NOTIC: [8] Undefined index: tag D:\wamp\www\think_blog\Application\Runtime\Cache\Admin\d68c1effdec15e36d2122297104abebb.php 第 36 行.
NOTIC: [8] Undefined index: is_original D:\wamp\www\think_blog\Application\Runtime\Cache\Admin\d68c1effdec15e36d2122297104abebb.php 第 39 行.
NOTIC: [8] Undefined index: category D:\wamp\www\think_blog\Application\Runtime\Cache\Admin\d68c1effdec15e36d2122297104abebb.php 第 32 行.
NOTIC: [8] Undefined index: tag D:\wamp\www\think_blog\Application\Runtime\Cache\Admin\d68c1effdec15e36d2122297104abebb.php 第 36 行.
NOTIC: [8] Undefined index: is_original D:\wamp\www\think_blog\Application\Runtime\Cache\Admin\d68c1effdec15e36d2122297104abebb.php 第 39 行.
NOTIC: [8] Undefined index: category D:\wamp\www\think_blog\Application\Runtime\Cache\Admin\d68c1effdec15e36d2122297104abebb.php 第 32 行.
NOTIC: [8] Undefined index: tag D:\wamp\www\think_blog\Application\Runtime\Cache\Admin\d68c1effdec15e36d2122297104abebb.php 第 36 行.
NOTIC: [8] Undefined index: is_original D:\wamp\www\think_blog\Application\Runtime\Cache\Admin\d68c1effdec15e36d2122297104abebb.php 第 39 行.
NOTIC: [8] Undefined index: category D:\wamp\www\think_blog\Application\Runtime\Cache\Admin\d68c1effdec15e36d2122297104abebb.php 第 32 行.
NOTIC: [8] Undefined index: tag D:\wamp\www\think_blog\Application\Runtime\Cache\Admin\d68c1effdec15e36d2122297104abebb.php 第 36 行.
NOTIC: [8] Undefined index: is_original D:\wamp\www\think_blog\Application\Runtime\Cache\Admin\d68c1effdec15e36d2122297104abebb.php 第 39 行.
NOTIC: [8] Undefined index: category D:\wamp\www\think_blog\Application\Runtime\Cache\Admin\d68c1effdec15e36d2122297104abebb.php 第 32 行.
NOTIC: [8] Undefined index: tag D:\wamp\www\think_blog\Application\Runtime\Cache\Admin\d68c1effdec15e36d2122297104abebb.php 第 36 行.
NOTIC: [8] Undefined index: is_original D:\wamp\www\think_blog\Application\Runtime\Cache\Admin\d68c1effdec15e36d2122297104abebb.php 第 39 行.
NOTIC: [8] Undefined index: category D:\wamp\www\think_blog\Application\Runtime\Cache\Admin\d68c1effdec15e36d2122297104abebb.php 第 32 行.
NOTIC: [8] Undefined index: tag D:\wamp\www\think_blog\Application\Runtime\Cache\Admin\d68c1effdec15e36d2122297104abebb.php 第 36 行.
NOTIC: [8] Undefined index: is_original D:\wamp\www\think_blog\Application\Runtime\Cache\Admin\d68c1effdec15e36d2122297104abebb.php 第 39 行.
NOTIC: [8] Undefined index: category D:\wamp\www\think_blog\Application\Runtime\Cache\Admin\d68c1effdec15e36d2122297104abebb.php 第 32 行.
NOTIC: [8] Undefined index: tag D:\wamp\www\think_blog\Application\Runtime\Cache\Admin\d68c1effdec15e36d2122297104abebb.php 第 36 行.
NOTIC: [8] Undefined index: is_original D:\wamp\www\think_blog\Application\Runtime\Cache\Admin\d68c1effdec15e36d2122297104abebb.php 第 39 行.
NOTIC: [8] Undefined index: category D:\wamp\www\think_blog\Application\Runtime\Cache\Admin\d68c1effdec15e36d2122297104abebb.php 第 32 行.
NOTIC: [8] Undefined index: tag D:\wamp\www\think_blog\Application\Runtime\Cache\Admin\d68c1effdec15e36d2122297104abebb.php 第 36 行.
NOTIC: [8] Undefined index: is_original D:\wamp\www\think_blog\Application\Runtime\Cache\Admin\d68c1effdec15e36d2122297104abebb.php 第 39 行.
NOTIC: [8] Undefined index: category D:\wamp\www\think_blog\Application\Runtime\Cache\Admin\d68c1effdec15e36d2122297104abebb.php 第 32 行.
NOTIC: [8] Undefined index: tag D:\wamp\www\think_blog\Application\Runtime\Cache\Admin\d68c1effdec15e36d2122297104abebb.php 第 36 行.
NOTIC: [8] Undefined index: is_original D:\wamp\www\think_blog\Application\Runtime\Cache\Admin\d68c1effdec15e36d2122297104abebb.php 第 39 行.
NOTIC: [8] Undefined index: category D:\wamp\www\think_blog\Application\Runtime\Cache\Admin\d68c1effdec15e36d2122297104abebb.php 第 32 行.
NOTIC: [8] Undefined index: tag D:\wamp\www\think_blog\Application\Runtime\Cache\Admin\d68c1effdec15e36d2122297104abebb.php 第 36 行.
NOTIC: [8] Undefined index: is_original D:\wamp\www\think_blog\Application\Runtime\Cache\Admin\d68c1effdec15e36d2122297104abebb.php 第 39 行.
NOTIC: [8] Undefined index: category D:\wamp\www\think_blog\Application\Runtime\Cache\Admin\d68c1effdec15e36d2122297104abebb.php 第 32 行.
NOTIC: [8] Undefined index: tag D:\wamp\www\think_blog\Application\Runtime\Cache\Admin\d68c1effdec15e36d2122297104abebb.php 第 36 行.
NOTIC: [8] Undefined index: is_original D:\wamp\www\think_blog\Application\Runtime\Cache\Admin\d68c1effdec15e36d2122297104abebb.php 第 39 行.
NOTIC: [8] Undefined index: category D:\wamp\www\think_blog\Application\Runtime\Cache\Admin\d68c1effdec15e36d2122297104abebb.php 第 32 行.
NOTIC: [8] Undefined index: tag D:\wamp\www\think_blog\Application\Runtime\Cache\Admin\d68c1effdec15e36d2122297104abebb.php 第 36 行.
NOTIC: [8] Undefined index: is_original D:\wamp\www\think_blog\Application\Runtime\Cache\Admin\d68c1effdec15e36d2122297104abebb.php 第 39 行.
NOTIC: [8] Undefined index: category D:\wamp\www\think_blog\Application\Runtime\Cache\Admin\d68c1effdec15e36d2122297104abebb.php 第 32 行.
NOTIC: [8] Undefined index: tag D:\wamp\www\think_blog\Application\Runtime\Cache\Admin\d68c1effdec15e36d2122297104abebb.php 第 36 行.
NOTIC: [8] Undefined index: is_original D:\wamp\www\think_blog\Application\Runtime\Cache\Admin\d68c1effdec15e36d2122297104abebb.php 第 39 行.
NOTIC: [8] Undefined index: category D:\wamp\www\think_blog\Application\Runtime\Cache\Admin\d68c1effdec15e36d2122297104abebb.php 第 32 行.
NOTIC: [8] Undefined index: tag D:\wamp\www\think_blog\Application\Runtime\Cache\Admin\d68c1effdec15e36d2122297104abebb.php 第 36 行.
NOTIC: [8] Undefined index: is_original D:\wamp\www\think_blog\Application\Runtime\Cache\Admin\d68c1effdec15e36d2122297104abebb.php 第 39 行.
NOTIC: [8] Undefined index: category D:\wamp\www\think_blog\Application\Runtime\Cache\Admin\d68c1effdec15e36d2122297104abebb.php 第 32 行.
NOTIC: [8] Undefined index: tag D:\wamp\www\think_blog\Application\Runtime\Cache\Admin\d68c1effdec15e36d2122297104abebb.php 第 36 行.
NOTIC: [8] Undefined index: is_original D:\wamp\www\think_blog\Application\Runtime\Cache\Admin\d68c1effdec15e36d2122297104abebb.php 第 39 行.
NOTIC: [8] Undefined index: category D:\wamp\www\think_blog\Application\Runtime\Cache\Admin\d68c1effdec15e36d2122297104abebb.php 第 32 行.
NOTIC: [8] Undefined index: tag D:\wamp\www\think_blog\Application\Runtime\Cache\Admin\d68c1effdec15e36d2122297104abebb.php 第 36 行.
NOTIC: [8] Undefined index: is_original D:\wamp\www\think_blog\Application\Runtime\Cache\Admin\d68c1effdec15e36d2122297104abebb.php 第 39 行.
NOTIC: [8] Undefined index: category D:\wamp\www\think_blog\Application\Runtime\Cache\Admin\d68c1effdec15e36d2122297104abebb.php 第 32 行.
NOTIC: [8] Undefined index: tag D:\wamp\www\think_blog\Application\Runtime\Cache\Admin\d68c1effdec15e36d2122297104abebb.php 第 36 行.
NOTIC: [8] Undefined index: is_original D:\wamp\www\think_blog\Application\Runtime\Cache\Admin\d68c1effdec15e36d2122297104abebb.php 第 39 行.
NOTIC: [8] Undefined index: category D:\wamp\www\think_blog\Application\Runtime\Cache\Admin\d68c1effdec15e36d2122297104abebb.php 第 32 行.
NOTIC: [8] Undefined index: tag D:\wamp\www\think_blog\Application\Runtime\Cache\Admin\d68c1effdec15e36d2122297104abebb.php 第 36 行.
NOTIC: [8] Undefined index: is_original D:\wamp\www\think_blog\Application\Runtime\Cache\Admin\d68c1effdec15e36d2122297104abebb.php 第 39 行.
NOTIC: [8] Undefined index: category D:\wamp\www\think_blog\Application\Runtime\Cache\Admin\d68c1effdec15e36d2122297104abebb.php 第 32 行.
NOTIC: [8] Undefined index: tag D:\wamp\www\think_blog\Application\Runtime\Cache\Admin\d68c1effdec15e36d2122297104abebb.php 第 36 行.
NOTIC: [8] Undefined index: is_original D:\wamp\www\think_blog\Application\Runtime\Cache\Admin\d68c1effdec15e36d2122297104abebb.php 第 39 行.
NOTIC: [8] Undefined index: category D:\wamp\www\think_blog\Application\Runtime\Cache\Admin\d68c1effdec15e36d2122297104abebb.php 第 32 行.
NOTIC: [8] Undefined index: tag D:\wamp\www\think_blog\Application\Runtime\Cache\Admin\d68c1effdec15e36d2122297104abebb.php 第 36 行.
NOTIC: [8] Undefined index: is_original D:\wamp\www\think_blog\Application\Runtime\Cache\Admin\d68c1effdec15e36d2122297104abebb.php 第 39 行.
NOTIC: [8] Undefined index: category D:\wamp\www\think_blog\Application\Runtime\Cache\Admin\d68c1effdec15e36d2122297104abebb.php 第 32 行.
NOTIC: [8] Undefined index: tag D:\wamp\www\think_blog\Application\Runtime\Cache\Admin\d68c1effdec15e36d2122297104abebb.php 第 36 行.
NOTIC: [8] Undefined index: is_original D:\wamp\www\think_blog\Application\Runtime\Cache\Admin\d68c1effdec15e36d2122297104abebb.php 第 39 行.
NOTIC: [8] Undefined index: category D:\wamp\www\think_blog\Application\Runtime\Cache\Admin\d68c1effdec15e36d2122297104abebb.php 第 32 行.
NOTIC: [8] Undefined index: tag D:\wamp\www\think_blog\Application\Runtime\Cache\Admin\d68c1effdec15e36d2122297104abebb.php 第 36 行.
NOTIC: [8] Undefined index: is_original D:\wamp\www\think_blog\Application\Runtime\Cache\Admin\d68c1effdec15e36d2122297104abebb.php 第 39 行.
NOTIC: [8] Undefined index: category D:\wamp\www\think_blog\Application\Runtime\Cache\Admin\d68c1effdec15e36d2122297104abebb.php 第 32 行.
NOTIC: [8] Undefined index: tag D:\wamp\www\think_blog\Application\Runtime\Cache\Admin\d68c1effdec15e36d2122297104abebb.php 第 36 行.
NOTIC: [8] Undefined index: is_original D:\wamp\www\think_blog\Application\Runtime\Cache\Admin\d68c1effdec15e36d2122297104abebb.php 第 39 行.
NOTIC: [8] Undefined index: category D:\wamp\www\think_blog\Application\Runtime\Cache\Admin\d68c1effdec15e36d2122297104abebb.php 第 32 行.
NOTIC: [8] Undefined index: tag D:\wamp\www\think_blog\Application\Runtime\Cache\Admin\d68c1effdec15e36d2122297104abebb.php 第 36 行.
NOTIC: [8] Undefined index: is_original D:\wamp\www\think_blog\Application\Runtime\Cache\Admin\d68c1effdec15e36d2122297104abebb.php 第 39 行.
NOTIC: [8] Undefined index: category D:\wamp\www\think_blog\Application\Runtime\Cache\Admin\d68c1effdec15e36d2122297104abebb.php 第 32 行.
NOTIC: [8] Undefined index: tag D:\wamp\www\think_blog\Application\Runtime\Cache\Admin\d68c1effdec15e36d2122297104abebb.php 第 36 行.
NOTIC: [8] Undefined index: is_original D:\wamp\www\think_blog\Application\Runtime\Cache\Admin\d68c1effdec15e36d2122297104abebb.php 第 39 行.
NOTIC: [8] Undefined index: category D:\wamp\www\think_blog\Application\Runtime\Cache\Admin\d68c1effdec15e36d2122297104abebb.php 第 32 行.
NOTIC: [8] Undefined index: tag D:\wamp\www\think_blog\Application\Runtime\Cache\Admin\d68c1effdec15e36d2122297104abebb.php 第 36 行.
NOTIC: [8] Undefined index: is_original D:\wamp\www\think_blog\Application\Runtime\Cache\Admin\d68c1effdec15e36d2122297104abebb.php 第 39 行.
NOTIC: [8] Undefined index: category D:\wamp\www\think_blog\Application\Runtime\Cache\Admin\d68c1effdec15e36d2122297104abebb.php 第 32 行.
NOTIC: [8] Undefined index: tag D:\wamp\www\think_blog\Application\Runtime\Cache\Admin\d68c1effdec15e36d2122297104abebb.php 第 36 行.
NOTIC: [8] Undefined index: is_original D:\wamp\www\think_blog\Application\Runtime\Cache\Admin\d68c1effdec15e36d2122297104abebb.php 第 39 行.
NOTIC: [8] Undefined index: category D:\wamp\www\think_blog\Application\Runtime\Cache\Admin\d68c1effdec15e36d2122297104abebb.php 第 32 行.
NOTIC: [8] Undefined index: tag D:\wamp\www\think_blog\Application\Runtime\Cache\Admin\d68c1effdec15e36d2122297104abebb.php 第 36 行.
NOTIC: [8] Undefined index: is_original D:\wamp\www\think_blog\Application\Runtime\Cache\Admin\d68c1effdec15e36d2122297104abebb.php 第 39 行.
NOTIC: [8] Undefined index: category D:\wamp\www\think_blog\Application\Runtime\Cache\Admin\d68c1effdec15e36d2122297104abebb.php 第 32 行.
NOTIC: [8] Undefined index: tag D:\wamp\www\think_blog\Application\Runtime\Cache\Admin\d68c1effdec15e36d2122297104abebb.php 第 36 行.
NOTIC: [8] Undefined index: is_original D:\wamp\www\think_blog\Application\Runtime\Cache\Admin\d68c1effdec15e36d2122297104abebb.php 第 39 行.
NOTIC: [8] Undefined index: category D:\wamp\www\think_blog\Application\Runtime\Cache\Admin\d68c1effdec15e36d2122297104abebb.php 第 32 行.
NOTIC: [8] Undefined index: tag D:\wamp\www\think_blog\Application\Runtime\Cache\Admin\d68c1effdec15e36d2122297104abebb.php 第 36 行.
NOTIC: [8] Undefined index: is_original D:\wamp\www\think_blog\Application\Runtime\Cache\Admin\d68c1effdec15e36d2122297104abebb.php 第 39 行.
NOTIC: [8] Undefined index: category D:\wamp\www\think_blog\Application\Runtime\Cache\Admin\d68c1effdec15e36d2122297104abebb.php 第 32 行.
NOTIC: [8] Undefined index: tag D:\wamp\www\think_blog\Application\Runtime\Cache\Admin\d68c1effdec15e36d2122297104abebb.php 第 36 行.
NOTIC: [8] Undefined index: is_original D:\wamp\www\think_blog\Application\Runtime\Cache\Admin\d68c1effdec15e36d2122297104abebb.php 第 39 行.
NOTIC: [8] Undefined index: category D:\wamp\www\think_blog\Application\Runtime\Cache\Admin\d68c1effdec15e36d2122297104abebb.php 第 32 行.
NOTIC: [8] Undefined index: tag D:\wamp\www\think_blog\Application\Runtime\Cache\Admin\d68c1effdec15e36d2122297104abebb.php 第 36 行.
NOTIC: [8] Undefined index: is_original D:\wamp\www\think_blog\Application\Runtime\Cache\Admin\d68c1effdec15e36d2122297104abebb.php 第 39 行.
NOTIC: [8] Undefined index: category D:\wamp\www\think_blog\Application\Runtime\Cache\Admin\d68c1effdec15e36d2122297104abebb.php 第 32 行.
NOTIC: [8] Undefined index: tag D:\wamp\www\think_blog\Application\Runtime\Cache\Admin\d68c1effdec15e36d2122297104abebb.php 第 36 行.
NOTIC: [8] Undefined index: is_original D:\wamp\www\think_blog\Application\Runtime\Cache\Admin\d68c1effdec15e36d2122297104abebb.php 第 39 行.
NOTIC: [8] Undefined index: category D:\wamp\www\think_blog\Application\Runtime\Cache\Admin\d68c1effdec15e36d2122297104abebb.php 第 32 行.
NOTIC: [8] Undefined index: tag D:\wamp\www\think_blog\Application\Runtime\Cache\Admin\d68c1effdec15e36d2122297104abebb.php 第 36 行.
NOTIC: [8] Undefined index: is_original D:\wamp\www\think_blog\Application\Runtime\Cache\Admin\d68c1effdec15e36d2122297104abebb.php 第 39 行.
NOTIC: [8] Undefined index: category D:\wamp\www\think_blog\Application\Runtime\Cache\Admin\d68c1effdec15e36d2122297104abebb.php 第 32 行.
NOTIC: [8] Undefined index: tag D:\wamp\www\think_blog\Application\Runtime\Cache\Admin\d68c1effdec15e36d2122297104abebb.php 第 36 行.
NOTIC: [8] Undefined index: is_original D:\wamp\www\think_blog\Application\Runtime\Cache\Admin\d68c1effdec15e36d2122297104abebb.php 第 39 行.
NOTIC: [8] Undefined index: category D:\wamp\www\think_blog\Application\Runtime\Cache\Admin\d68c1effdec15e36d2122297104abebb.php 第 32 行.
NOTIC: [8] Undefined index: tag D:\wamp\www\think_blog\Application\Runtime\Cache\Admin\d68c1effdec15e36d2122297104abebb.php 第 36 行.
NOTIC: [8] Undefined index: is_original D:\wamp\www\think_blog\Application\Runtime\Cache\Admin\d68c1effdec15e36d2122297104abebb.php 第 39 行.
NOTIC: [8] Undefined index: category D:\wamp\www\think_blog\Application\Runtime\Cache\Admin\d68c1effdec15e36d2122297104abebb.php 第 32 行.
NOTIC: [8] Undefined index: tag D:\wamp\www\think_blog\Application\Runtime\Cache\Admin\d68c1effdec15e36d2122297104abebb.php 第 36 行.
NOTIC: [8] Undefined index: is_original D:\wamp\www\think_blog\Application\Runtime\Cache\Admin\d68c1effdec15e36d2122297104abebb.php 第 39 行.
NOTIC: [8] Undefined index: category D:\wamp\www\think_blog\Application\Runtime\Cache\Admin\d68c1effdec15e36d2122297104abebb.php 第 32 行.
NOTIC: [8] Undefined index: tag D:\wamp\www\think_blog\Application\Runtime\Cache\Admin\d68c1effdec15e36d2122297104abebb.php 第 36 行.
NOTIC: [8] Undefined index: is_original D:\wamp\www\think_blog\Application\Runtime\Cache\Admin\d68c1effdec15e36d2122297104abebb.php 第 39 行.
NOTIC: [8] Undefined index: category D:\wamp\www\think_blog\Application\Runtime\Cache\Admin\d68c1effdec15e36d2122297104abebb.php 第 32 行.
NOTIC: [8] Undefined index: tag D:\wamp\www\think_blog\Application\Runtime\Cache\Admin\d68c1effdec15e36d2122297104abebb.php 第 36 行.
NOTIC: [8] Undefined index: is_original D:\wamp\www\think_blog\Application\Runtime\Cache\Admin\d68c1effdec15e36d2122297104abebb.php 第 39 行.
NOTIC: [8] Undefined index: category D:\wamp\www\think_blog\Application\Runtime\Cache\Admin\d68c1effdec15e36d2122297104abebb.php 第 32 行.
NOTIC: [8] Undefined index: tag D:\wamp\www\think_blog\Application\Runtime\Cache\Admin\d68c1effdec15e36d2122297104abebb.php 第 36 行.
NOTIC: [8] Undefined index: is_original D:\wamp\www\think_blog\Application\Runtime\Cache\Admin\d68c1effdec15e36d2122297104abebb.php 第 39 行.
NOTIC: [8] Undefined index: category D:\wamp\www\think_blog\Application\Runtime\Cache\Admin\d68c1effdec15e36d2122297104abebb.php 第 32 行.
NOTIC: [8] Undefined index: tag D:\wamp\www\think_blog\Application\Runtime\Cache\Admin\d68c1effdec15e36d2122297104abebb.php 第 36 行.
NOTIC: [8] Undefined index: is_original D:\wamp\www\think_blog\Application\Runtime\Cache\Admin\d68c1effdec15e36d2122297104abebb.php 第 39 行.
NOTIC: [8] Undefined index: category D:\wamp\www\think_blog\Application\Runtime\Cache\Admin\d68c1effdec15e36d2122297104abebb.php 第 32 行.
NOTIC: [8] Undefined index: tag D:\wamp\www\think_blog\Application\Runtime\Cache\Admin\d68c1effdec15e36d2122297104abebb.php 第 36 行.
NOTIC: [8] Undefined index: is_original D:\wamp\www\think_blog\Application\Runtime\Cache\Admin\d68c1effdec15e36d2122297104abebb.php 第 39 行.
NOTIC: [8] Undefined index: category D:\wamp\www\think_blog\Application\Runtime\Cache\Admin\d68c1effdec15e36d2122297104abebb.php 第 32 行.
NOTIC: [8] Undefined index: tag D:\wamp\www\think_blog\Application\Runtime\Cache\Admin\d68c1effdec15e36d2122297104abebb.php 第 36 行.
NOTIC: [8] Undefined index: is_original D:\wamp\www\think_blog\Application\Runtime\Cache\Admin\d68c1effdec15e36d2122297104abebb.php 第 39 行.
NOTIC: [8] Undefined index: category D:\wamp\www\think_blog\Application\Runtime\Cache\Admin\d68c1effdec15e36d2122297104abebb.php 第 32 行.
NOTIC: [8] Undefined index: tag D:\wamp\www\think_blog\Application\Runtime\Cache\Admin\d68c1effdec15e36d2122297104abebb.php 第 36 行.
NOTIC: [8] Undefined index: is_original D:\wamp\www\think_blog\Application\Runtime\Cache\Admin\d68c1effdec15e36d2122297104abebb.php 第 39 行.
NOTIC: [8] Undefined index: category D:\wamp\www\think_blog\Application\Runtime\Cache\Admin\d68c1effdec15e36d2122297104abebb.php 第 32 行.
NOTIC: [8] Undefined index: tag D:\wamp\www\think_blog\Application\Runtime\Cache\Admin\d68c1effdec15e36d2122297104abebb.php 第 36 行.
NOTIC: [8] Undefined index: is_original D:\wamp\www\think_blog\Application\Runtime\Cache\Admin\d68c1effdec15e36d2122297104abebb.php 第 39 行.
NOTIC: [8] Undefined index: category D:\wamp\www\think_blog\Application\Runtime\Cache\Admin\d68c1effdec15e36d2122297104abebb.php 第 32 行.
NOTIC: [8] Undefined index: tag D:\wamp\www\think_blog\Application\Runtime\Cache\Admin\d68c1effdec15e36d2122297104abebb.php 第 36 行.
NOTIC: [8] Undefined index: is_original D:\wamp\www\think_blog\Application\Runtime\Cache\Admin\d68c1effdec15e36d2122297104abebb.php 第 39 行.
NOTIC: [8] Undefined index: category D:\wamp\www\think_blog\Application\Runtime\Cache\Admin\d68c1effdec15e36d2122297104abebb.php 第 32 行.
NOTIC: [8] Undefined index: tag D:\wamp\www\think_blog\Application\Runtime\Cache\Admin\d68c1effdec15e36d2122297104abebb.php 第 36 行.
NOTIC: [8] Undefined index: is_original D:\wamp\www\think_blog\Application\Runtime\Cache\Admin\d68c1effdec15e36d2122297104abebb.php 第 39 行.
NOTIC: [8] Undefined index: category D:\wamp\www\think_blog\Application\Runtime\Cache\Admin\d68c1effdec15e36d2122297104abebb.php 第 32 行.
NOTIC: [8] Undefined index: tag D:\wamp\www\think_blog\Application\Runtime\Cache\Admin\d68c1effdec15e36d2122297104abebb.php 第 36 行.
NOTIC: [8] Undefined index: is_original D:\wamp\www\think_blog\Application\Runtime\Cache\Admin\d68c1effdec15e36d2122297104abebb.php 第 39 行.
NOTIC: [8] Undefined index: category D:\wamp\www\think_blog\Application\Runtime\Cache\Admin\d68c1effdec15e36d2122297104abebb.php 第 32 行.
NOTIC: [8] Undefined index: tag D:\wamp\www\think_blog\Application\Runtime\Cache\Admin\d68c1effdec15e36d2122297104abebb.php 第 36 行.
NOTIC: [8] Undefined index: is_original D:\wamp\www\think_blog\Application\Runtime\Cache\Admin\d68c1effdec15e36d2122297104abebb.php 第 39 行.
NOTIC: [8] Undefined index: category D:\wamp\www\think_blog\Application\Runtime\Cache\Admin\d68c1effdec15e36d2122297104abebb.php 第 32 行.
NOTIC: [8] Undefined index: tag D:\wamp\www\think_blog\Application\Runtime\Cache\Admin\d68c1effdec15e36d2122297104abebb.php 第 36 行.
NOTIC: [8] Undefined index: is_original D:\wamp\www\think_blog\Application\Runtime\Cache\Admin\d68c1effdec15e36d2122297104abebb.php 第 39 行.
NOTIC: [8] Undefined variable: page D:\wamp\www\think_blog\Application\Runtime\Cache\Admin\d68c1effdec15e36d2122297104abebb.php 第 62 行.
INFO: Run Behavior\ParseTemplateBehavior [ RunTime:0.060192s ]
INFO: [ view_parse ] --END-- [ RunTime:0.060361s ]
INFO: [ view_filter ] --START--
INFO: Run Behavior\WriteHtmlCacheBehavior [ RunTime:0.002106s ]
INFO: [ view_filter ] --END-- [ RunTime:0.002284s ]
NOTIC: [2] Cannot modify header information - headers already sent by (output started at D:\wamp\www\think_blog\Application\Common\Common\function.php:19) D:\wamp\www\think_blog\ThinkPHP\Library\Think\View.class.php 第 91 行.
NOTIC: [2] Cannot modify header information - headers already sent by (output started at D:\wamp\www\think_blog\Application\Common\Common\function.php:19) D:\wamp\www\think_blog\ThinkPHP\Library\Think\View.class.php 第 92 行.
NOTIC: [2] Cannot modify header information - headers already sent by (output started at D:\wamp\www\think_blog\Application\Common\Common\function.php:19) D:\wamp\www\think_blog\ThinkPHP\Library\Think\View.class.php 第 93 行.
INFO: [ app_end ] --START--
INFO: Run Behavior\ShowPageTraceBehavior [ RunTime:0.006662s ]
INFO: [ app_end ] --END-- [ RunTime:0.007336s ]

