[ 2016-09-09T11:17:03+08:00 ] ::1 /think_blog/index.php/Admin/Index/index
INFO: [ app_init ] --START--
INFO: Run Behavior\BuildLiteBehavior [ RunTime:0.000040s ]
INFO: [ app_init ] --END-- [ RunTime:0.000673s ]
INFO: [ app_begin ] --START--
INFO: Run Behavior\ReadHtmlCacheBehavior [ RunTime:0.000864s ]
INFO: [ app_begin ] --END-- [ RunTime:0.001080s ]
INFO: [ view_parse ] --START--
INFO: [ template_filter ] --START--
INFO: Run Behavior\ContentReplaceBehavior [ RunTime:0.000181s ]
INFO: [ template_filter ] --END-- [ RunTime:0.000309s ]
INFO: Run Behavior\ParseTemplateBehavior [ RunTime:0.078181s ]
INFO: [ view_parse ] --END-- [ RunTime:0.078341s ]
INFO: [ view_filter ] --START--
INFO: Run Behavior\WriteHtmlCacheBehavior [ RunTime:0.000359s ]
INFO: [ view_filter ] --END-- [ RunTime:0.000459s ]
INFO: [ app_end ] --START--
INFO: Run Behavior\ShowPageTraceBehavior [ RunTime:0.001360s ]
INFO: [ app_end ] --END-- [ RunTime:0.001552s ]

[ 2016-09-09T11:17:04+08:00 ] ::1 /think_blog/index.php/Admin/Index/welcome.html
INFO: [ app_init ] --START--
INFO: Run Behavior\BuildLiteBehavior [ RunTime:0.000047s ]
INFO: [ app_init ] --END-- [ RunTime:0.000720s ]
INFO: [ app_begin ] --START--
INFO: Run Behavior\ReadHtmlCacheBehavior [ RunTime:0.000811s ]
INFO: [ app_begin ] --END-- [ RunTime:0.001013s ]
SQL: SHOW COLUMNS FROM `think_blog_article` [ RunTime:0.2487s ]
SQL: SELECT COUNT(*) AS tp_count FROM `think_blog_article` LIMIT 1   [ RunTime:0.0006s ]
SQL: SELECT COUNT(*) AS tp_count FROM `think_blog_article` WHERE `is_delete` = 1 LIMIT 1   [ RunTime:0.0005s ]
SQL: SELECT COUNT(*) AS tp_count FROM `think_blog_article` WHERE `is_show` = 0 LIMIT 1   [ RunTime:0.0003s ]
SQL: SHOW COLUMNS FROM `think_blog_chat` [ RunTime:0.0792s ]
SQL: SELECT COUNT(*) AS tp_count FROM `think_blog_chat` LIMIT 1   [ RunTime:0.0002s ]
SQL: SELECT COUNT(*) AS tp_count FROM `think_blog_chat` WHERE `is_delete` = 1 LIMIT 1   [ RunTime:0.0003s ]
SQL: SELECT COUNT(*) AS tp_count FROM `think_blog_chat` WHERE `is_show` = 0 LIMIT 1   [ RunTime:0.0003s ]
SQL: SHOW COLUMNS FROM `think_blog_comment` [ RunTime:0.1188s ]
SQL: SELECT COUNT(*) AS tp_count FROM `think_blog_comment` LIMIT 1   [ RunTime:0.0003s ]
INFO: [ view_parse ] --START--
INFO: [ template_filter ] --START--
INFO: Run Behavior\ContentReplaceBehavior [ RunTime:0.000121s ]
INFO: [ template_filter ] --END-- [ RunTime:0.000249s ]
INFO: Run Behavior\ParseTemplateBehavior [ RunTime:0.044678s ]
INFO: [ view_parse ] --END-- [ RunTime:0.044893s ]
INFO: [ view_filter ] --START--
INFO: Run Behavior\WriteHtmlCacheBehavior [ RunTime:0.000665s ]
INFO: [ view_filter ] --END-- [ RunTime:0.000972s ]
INFO: [ app_end ] --START--
INFO: Run Behavior\ShowPageTraceBehavior [ RunTime:0.000929s ]
INFO: [ app_end ] --END-- [ RunTime:0.001120s ]

[ 2016-09-09T11:17:06+08:00 ] ::1 /think_blog/index.php/Admin/Article/index.html
INFO: [ app_init ] --START--
INFO: Run Behavior\BuildLiteBehavior [ RunTime:0.000027s ]
INFO: [ app_init ] --END-- [ RunTime:0.000489s ]
INFO: [ app_begin ] --START--
INFO: Run Behavior\ReadHtmlCacheBehavior [ RunTime:0.000865s ]
INFO: [ app_begin ] --END-- [ RunTime:0.001061s ]
SQL: SHOW COLUMNS FROM `think_blog_article` [ RunTime:0.0094s ]
SQL: SELECT * FROM `think_blog_article` ORDER BY addtime desc  [ RunTime:0.0038s ]
INFO: [ view_parse ] --START--
INFO: [ template_filter ] --START--
INFO: Run Behavior\ContentReplaceBehavior [ RunTime:0.000107s ]
INFO: [ template_filter ] --END-- [ RunTime:0.000215s ]
NOTIC: [8] Undefined index: category D:\wamp\www\think_blog\Application\Runtime\Cache\Admin\d68c1effdec15e36d2122297104abebb.php 第 32 行.
NOTIC: [8] Undefined index: tag D:\wamp\www\think_blog\Application\Runtime\Cache\Admin\d68c1effdec15e36d2122297104abebb.php 第 36 行.
NOTIC: [8] Undefined index: is_original D:\wamp\www\think_blog\Application\Runtime\Cache\Admin\d68c1effdec15e36d2122297104abebb.php 第 39 行.
NOTIC: [8] Undefined index: category D:\wamp\www\think_blog\Application\Runtime\Cache\Admin\d68c1effdec15e36d2122297104abebb.php 第 32 行.
NOTIC: [8] Undefined index: tag D:\wamp\www\think_blog\Application\Runtime\Cache\Admin\d68c1effdec15e36d2122297104abebb.php 第 36 行.
NOTIC: [8] Undefined index: is_original D:\wamp\www\think_blog\Application\Runtime\Cache\Admin\d68c1effdec15e36d2122297104abebb.php 第 39 行.
NOTIC: [8] Undefined index: category D:\wamp\www\think_blog\Application\Runtime\Cache\Admin\d68c1effdec15e36d2122297104abebb.php 第 32 行.
NOTIC: [8] Undefined index: tag D:\wamp\www\think_blog\Application\Runtime\Cache\Admin\d68c1effdec15e36d2122297104abebb.php 第 36 行.
NOTIC: [8] Undefined index: is_original D:\wamp\www\think_blog\Application\Runtime\Cache\Admin\d68c1effdec15e36d2122297104abebb.php 第 39 行.
NOTIC: [8] Undefined index: category D:\wamp\www\think_blog\Application\Runtime\Cache\Admin\d68c1effdec15e36d2122297104abebb.php 第 32 行.
NOTIC: [8] Undefined index: tag D:\wamp\www\think_blog\Application\Runtime\Cache\Admin\d68c1effdec15e36d2122297104abebb.php 第 36 行.
NOTIC: [8] Undefined index: is_original D:\wamp\www\think_blog\Application\Runtime\Cache\Admin\d68c1effdec15e36d2122297104abebb.php 第 39 行.
NOTIC: [8] Undefined index: category D:\wamp\www\think_blog\Application\Runtime\Cache\Admin\d68c1effdec15e36d2122297104abebb.php 第 32 行.
NOTIC: [8] Undefined index: tag D:\wamp\www\think_blog\Application\Runtime\Cache\Admin\d68c1effdec15e36d2122297104abebb.php 第 36 行.
NOTIC: [8] Undefined index: is_original D:\wamp\www\think_blog\Application\Runtime\Cache\Admin\d68c1effdec15e36d2122297104abebb.php 第 39 行.
NOTIC: [8] Undefined index: category D:\wamp\www\think_blog\Application\Runtime\Cache\Admin\d68c1effdec15e36d2122297104abebb.php 第 32 行.
NOTIC: [8] Undefined index: tag D:\wamp\www\think_blog\Application\Runtime\Cache\Admin\d68c1effdec15e36d2122297104abebb.php 第 36 行.
NOTIC: [8] Undefined index: is_original D:\wamp\www\think_blog\Application\Runtime\Cache\Admin\d68c1effdec15e36d2122297104abebb.php 第 39 行.
NOTIC: [8] Undefined index: category D:\wamp\www\think_blog\Application\Runtime\Cache\Admin\d68c1effdec15e36d2122297104abebb.php 第 32 行.
NOTIC: [8] Undefined index: tag D:\wamp\www\think_blog\Application\Runtime\Cache\Admin\d68c1effdec15e36d2122297104abebb.php 第 36 行.
NOTIC: [8] Undefined index: is_original D:\wamp\www\think_blog\Application\Runtime\Cache\Admin\d68c1effdec15e36d2122297104abebb.php 第 39 行.
NOTIC: [8] Undefined index: category D:\wamp\www\think_blog\Application\Runtime\Cache\Admin\d68c1effdec15e36d2122297104abebb.php 第 32 行.
NOTIC: [8] Undefined index: tag D:\wamp\www\think_blog\Application\Runtime\Cache\Admin\d68c1effdec15e36d2122297104abebb.php 第 36 行.
NOTIC: [8] Undefined index: is_original D:\wamp\www\think_blog\Application\Runtime\Cache\Admin\d68c1effdec15e36d2122297104abebb.php 第 39 行.
NOTIC: [8] Undefined index: category D:\wamp\www\think_blog\Application\Runtime\Cache\Admin\d68c1effdec15e36d2122297104abebb.php 第 32 行.
NOTIC: [8] Undefined index: tag D:\wamp\www\think_blog\Application\Runtime\Cache\Admin\d68c1effdec15e36d2122297104abebb.php 第 36 行.
NOTIC: [8] Undefined index: is_original D:\wamp\www\think_blog\Application\Runtime\Cache\Admin\d68c1effdec15e36d2122297104abebb.php 第 39 行.
NOTIC: [8] Undefined index: category D:\wamp\www\think_blog\Application\Runtime\Cache\Admin\d68c1effdec15e36d2122297104abebb.php 第 32 行.
NOTIC: [8] Undefined index: tag D:\wamp\www\think_blog\Application\Runtime\Cache\Admin\d68c1effdec15e36d2122297104abebb.php 第 36 行.
NOTIC: [8] Undefined index: is_original D:\wamp\www\think_blog\Application\Runtime\Cache\Admin\d68c1effdec15e36d2122297104abebb.php 第 39 行.
NOTIC: [8] Undefined index: category D:\wamp\www\think_blog\Application\Runtime\Cache\Admin\d68c1effdec15e36d2122297104abebb.php 第 32 行.
NOTIC: [8] Undefined index: tag D:\wamp\www\think_blog\Application\Runtime\Cache\Admin\d68c1effdec15e36d2122297104abebb.php 第 36 行.
NOTIC: [8] Undefined index: is_original D:\wamp\www\think_blog\Application\Runtime\Cache\Admin\d68c1effdec15e36d2122297104abebb.php 第 39 行.
NOTIC: [8] Undefined index: category D:\wamp\www\think_blog\Application\Runtime\Cache\Admin\d68c1effdec15e36d2122297104abebb.php 第 32 行.
NOTIC: [8] Undefined index: tag D:\wamp\www\think_blog\Application\Runtime\Cache\Admin\d68c1effdec15e36d2122297104abebb.php 第 36 行.
NOTIC: [8] Undefined index: is_original D:\wamp\www\think_blog\Application\Runtime\Cache\Admin\d68c1effdec15e36d2122297104abebb.php 第 39 行.
NOTIC: [8] Undefined index: category D:\wamp\www\think_blog\Application\Runtime\Cache\Admin\d68c1effdec15e36d2122297104abebb.php 第 32 行.
NOTIC: [8] Undefined index: tag D:\wamp\www\think_blog\Application\Runtime\Cache\Admin\d68c1effdec15e36d2122297104abebb.php 第 36 行.
NOTIC: [8] Undefined index: is_original D:\wamp\www\think_blog\Application\Runtime\Cache\Admin\d68c1effdec15e36d2122297104abebb.php 第 39 行.
NOTIC: [8] Undefined index: category D:\wamp\www\think_blog\Application\Runtime\Cache\Admin\d68c1effdec15e36d2122297104abebb.php 第 32 行.
NOTIC: [8] Undefined index: tag D:\wamp\www\think_blog\Application\Runtime\Cache\Admin\d68c1effdec15e36d2122297104abebb.php 第 36 行.
NOTIC: [8] Undefined index: is_original D:\wamp\www\think_blog\Application\Runtime\Cache\Admin\d68c1effdec15e36d2122297104abebb.php 第 39 行.
NOTIC: [8] Undefined variable: page D:\wamp\www\think_blog\Application\Runtime\Cache\Admin\d68c1effdec15e36d2122297104abebb.php 第 62 行.
INFO: Run Behavior\ParseTemplateBehavior [ RunTime:0.048536s ]
INFO: [ view_parse ] --END-- [ RunTime:0.048693s ]
INFO: [ view_filter ] --START--
INFO: Run Behavior\WriteHtmlCacheBehavior [ RunTime:0.001987s ]
INFO: [ view_filter ] --END-- [ RunTime:0.002203s ]
INFO: [ app_end ] --START--
INFO: Run Behavior\ShowPageTraceBehavior [ RunTime:0.031547s ]
INFO: [ app_end ] --END-- [ RunTime:0.031921s ]

[ 2016-09-09T11:17:11+08:00 ] ::1 /think_blog/index.php/Admin/Tag/add.html
INFO: [ app_init ] --START--
INFO: Run Behavior\BuildLiteBehavior [ RunTime:0.000025s ]
INFO: [ app_init ] --END-- [ RunTime:0.000446s ]
INFO: [ app_begin ] --START--
INFO: Run Behavior\ReadHtmlCacheBehavior [ RunTime:0.000756s ]
INFO: [ app_begin ] --END-- [ RunTime:0.000947s ]
SQL: SHOW COLUMNS FROM `think_blog_tag` [ RunTime:0.0678s ]
INFO: [ view_parse ] --START--
INFO: [ template_filter ] --START--
INFO: Run Behavior\ContentReplaceBehavior [ RunTime:0.000097s ]
INFO: [ template_filter ] --END-- [ RunTime:0.000219s ]
INFO: Run Behavior\ParseTemplateBehavior [ RunTime:0.025693s ]
INFO: [ view_parse ] --END-- [ RunTime:0.025828s ]
INFO: [ view_filter ] --START--
INFO: Run Behavior\WriteHtmlCacheBehavior [ RunTime:0.000678s ]
INFO: [ view_filter ] --END-- [ RunTime:0.000916s ]
INFO: [ app_end ] --START--
INFO: Run Behavior\ShowPageTraceBehavior [ RunTime:0.000645s ]
INFO: [ app_end ] --END-- [ RunTime:0.000794s ]

[ 2016-09-09T11:17:12+08:00 ] ::1 /think_blog/index.php/Admin/Tag/index.html
INFO: [ app_init ] --START--
INFO: Run Behavior\BuildLiteBehavior [ RunTime:0.000024s ]
INFO: [ app_init ] --END-- [ RunTime:0.000432s ]
INFO: [ app_begin ] --START--
INFO: Run Behavior\ReadHtmlCacheBehavior [ RunTime:0.000829s ]
INFO: [ app_begin ] --END-- [ RunTime:0.001021s ]
SQL: SHOW COLUMNS FROM `think_blog_tag` [ RunTime:0.0093s ]
SQL: SELECT * FROM `think_blog_tag`  [ RunTime:0.0004s ]
SQL: SHOW COLUMNS FROM `think_blog_article_tag` [ RunTime:0.0903s ]
SQL: SELECT COUNT(*) AS tp_count FROM `think_blog_article_tag` WHERE `tag_tid` = 1 LIMIT 1   [ RunTime:0.0005s ]
SQL: SELECT COUNT(*) AS tp_count FROM `think_blog_article_tag` WHERE `tag_tid` = 2 LIMIT 1   [ RunTime:0.0005s ]
SQL: SELECT COUNT(*) AS tp_count FROM `think_blog_article_tag` WHERE `tag_tid` = 3 LIMIT 1   [ RunTime:0.0010s ]
SQL: SELECT COUNT(*) AS tp_count FROM `think_blog_article_tag` WHERE `tag_tid` = 4 LIMIT 1   [ RunTime:0.0003s ]
SQL: SELECT COUNT(*) AS tp_count FROM `think_blog_article_tag` WHERE `tag_tid` = 5 LIMIT 1   [ RunTime:0.0003s ]
SQL: SELECT COUNT(*) AS tp_count FROM `think_blog_article_tag` WHERE `tag_tid` = 6 LIMIT 1   [ RunTime:0.0003s ]
SQL: SELECT COUNT(*) AS tp_count FROM `think_blog_article_tag` WHERE `tag_tid` = 7 LIMIT 1   [ RunTime:0.0003s ]
SQL: SELECT COUNT(*) AS tp_count FROM `think_blog_article_tag` WHERE `tag_tid` = 8 LIMIT 1   [ RunTime:0.0003s ]
SQL: SELECT COUNT(*) AS tp_count FROM `think_blog_article_tag` WHERE `tag_tid` = 9 LIMIT 1   [ RunTime:0.0003s ]
SQL: SELECT COUNT(*) AS tp_count FROM `think_blog_article_tag` WHERE `tag_tid` = 10 LIMIT 1   [ RunTime:0.0003s ]
SQL: SELECT COUNT(*) AS tp_count FROM `think_blog_article_tag` WHERE `tag_tid` = 11 LIMIT 1   [ RunTime:0.0003s ]
SQL: SELECT COUNT(*) AS tp_count FROM `think_blog_article_tag` WHERE `tag_tid` = 12 LIMIT 1   [ RunTime:0.0003s ]
INFO: [ view_parse ] --START--
INFO: [ template_filter ] --START--
INFO: Run Behavior\ContentReplaceBehavior [ RunTime:0.000100s ]
INFO: [ template_filter ] --END-- [ RunTime:0.000209s ]
INFO: Run Behavior\ParseTemplateBehavior [ RunTime:0.036948s ]
INFO: [ view_parse ] --END-- [ RunTime:0.037126s ]
INFO: [ view_filter ] --START--
INFO: Run Behavior\WriteHtmlCacheBehavior [ RunTime:0.000618s ]
INFO: [ view_filter ] --END-- [ RunTime:0.000768s ]
INFO: [ app_end ] --START--
INFO: Run Behavior\ShowPageTraceBehavior [ RunTime:0.000836s ]
INFO: [ app_end ] --END-- [ RunTime:0.000973s ]

[ 2016-09-09T11:17:13+08:00 ] ::1 /think_blog/index.php/Admin/Article/index.html
INFO: [ app_init ] --START--
INFO: Run Behavior\BuildLiteBehavior [ RunTime:0.000024s ]
INFO: [ app_init ] --END-- [ RunTime:0.000420s ]
INFO: [ app_begin ] --START--
INFO: Run Behavior\ReadHtmlCacheBehavior [ RunTime:0.000445s ]
INFO: [ app_begin ] --END-- [ RunTime:0.000555s ]
SQL: SHOW COLUMNS FROM `think_blog_article` [ RunTime:0.0098s ]
SQL: SELECT * FROM `think_blog_article` ORDER BY addtime desc  [ RunTime:0.0005s ]
INFO: [ view_parse ] --START--
INFO: [ template_filter ] --START--
INFO: Run Behavior\ContentReplaceBehavior [ RunTime:0.000170s ]
INFO: [ template_filter ] --END-- [ RunTime:0.000321s ]
NOTIC: [8] Undefined index: category D:\wamp\www\think_blog\Application\Runtime\Cache\Admin\d68c1effdec15e36d2122297104abebb.php 第 32 行.
NOTIC: [8] Undefined index: tag D:\wamp\www\think_blog\Application\Runtime\Cache\Admin\d68c1effdec15e36d2122297104abebb.php 第 36 行.
NOTIC: [8] Undefined index: is_original D:\wamp\www\think_blog\Application\Runtime\Cache\Admin\d68c1effdec15e36d2122297104abebb.php 第 39 行.
NOTIC: [8] Undefined index: category D:\wamp\www\think_blog\Application\Runtime\Cache\Admin\d68c1effdec15e36d2122297104abebb.php 第 32 行.
NOTIC: [8] Undefined index: tag D:\wamp\www\think_blog\Application\Runtime\Cache\Admin\d68c1effdec15e36d2122297104abebb.php 第 36 行.
NOTIC: [8] Undefined index: is_original D:\wamp\www\think_blog\Application\Runtime\Cache\Admin\d68c1effdec15e36d2122297104abebb.php 第 39 行.
NOTIC: [8] Undefined index: category D:\wamp\www\think_blog\Application\Runtime\Cache\Admin\d68c1effdec15e36d2122297104abebb.php 第 32 行.
NOTIC: [8] Undefined index: tag D:\wamp\www\think_blog\Application\Runtime\Cache\Admin\d68c1effdec15e36d2122297104abebb.php 第 36 行.
NOTIC: [8] Undefined index: is_original D:\wamp\www\think_blog\Application\Runtime\Cache\Admin\d68c1effdec15e36d2122297104abebb.php 第 39 行.
NOTIC: [8] Undefined index: category D:\wamp\www\think_blog\Application\Runtime\Cache\Admin\d68c1effdec15e36d2122297104abebb.php 第 32 行.
NOTIC: [8] Undefined index: tag D:\wamp\www\think_blog\Application\Runtime\Cache\Admin\d68c1effdec15e36d2122297104abebb.php 第 36 行.
NOTIC: [8] Undefined index: is_original D:\wamp\www\think_blog\Application\Runtime\Cache\Admin\d68c1effdec15e36d2122297104abebb.php 第 39 行.
NOTIC: [8] Undefined index: category D:\wamp\www\think_blog\Application\Runtime\Cache\Admin\d68c1effdec15e36d2122297104abebb.php 第 32 行.
NOTIC: [8] Undefined index: tag D:\wamp\www\think_blog\Application\Runtime\Cache\Admin\d68c1effdec15e36d2122297104abebb.php 第 36 行.
NOTIC: [8] Undefined index: is_original D:\wamp\www\think_blog\Application\Runtime\Cache\Admin\d68c1effdec15e36d2122297104abebb.php 第 39 行.
NOTIC: [8] Undefined index: category D:\wamp\www\think_blog\Application\Runtime\Cache\Admin\d68c1effdec15e36d2122297104abebb.php 第 32 行.
NOTIC: [8] Undefined index: tag D:\wamp\www\think_blog\Application\Runtime\Cache\Admin\d68c1effdec15e36d2122297104abebb.php 第 36 行.
NOTIC: [8] Undefined index: is_original D:\wamp\www\think_blog\Application\Runtime\Cache\Admin\d68c1effdec15e36d2122297104abebb.php 第 39 行.
NOTIC: [8] Undefined index: category D:\wamp\www\think_blog\Application\Runtime\Cache\Admin\d68c1effdec15e36d2122297104abebb.php 第 32 行.
NOTIC: [8] Undefined index: tag D:\wamp\www\think_blog\Application\Runtime\Cache\Admin\d68c1effdec15e36d2122297104abebb.php 第 36 行.
NOTIC: [8] Undefined index: is_original D:\wamp\www\think_blog\Application\Runtime\Cache\Admin\d68c1effdec15e36d2122297104abebb.php 第 39 行.
NOTIC: [8] Undefined index: category D:\wamp\www\think_blog\Application\Runtime\Cache\Admin\d68c1effdec15e36d2122297104abebb.php 第 32 行.
NOTIC: [8] Undefined index: tag D:\wamp\www\think_blog\Application\Runtime\Cache\Admin\d68c1effdec15e36d2122297104abebb.php 第 36 行.
NOTIC: [8] Undefined index: is_original D:\wamp\www\think_blog\Application\Runtime\Cache\Admin\d68c1effdec15e36d2122297104abebb.php 第 39 行.
NOTIC: [8] Undefined index: category D:\wamp\www\think_blog\Application\Runtime\Cache\Admin\d68c1effdec15e36d2122297104abebb.php 第 32 行.
NOTIC: [8] Undefined index: tag D:\wamp\www\think_blog\Application\Runtime\Cache\Admin\d68c1effdec15e36d2122297104abebb.php 第 36 行.
NOTIC: [8] Undefined index: is_original D:\wamp\www\think_blog\Application\Runtime\Cache\Admin\d68c1effdec15e36d2122297104abebb.php 第 39 行.
NOTIC: [8] Undefined index: category D:\wamp\www\think_blog\Application\Runtime\Cache\Admin\d68c1effdec15e36d2122297104abebb.php 第 32 行.
NOTIC: [8] Undefined index: tag D:\wamp\www\think_blog\Application\Runtime\Cache\Admin\d68c1effdec15e36d2122297104abebb.php 第 36 行.
NOTIC: [8] Undefined index: is_original D:\wamp\www\think_blog\Application\Runtime\Cache\Admin\d68c1effdec15e36d2122297104abebb.php 第 39 行.
NOTIC: [8] Undefined index: category D:\wamp\www\think_blog\Application\Runtime\Cache\Admin\d68c1effdec15e36d2122297104abebb.php 第 32 行.
NOTIC: [8] Undefined index: tag D:\wamp\www\think_blog\Application\Runtime\Cache\Admin\d68c1effdec15e36d2122297104abebb.php 第 36 行.
NOTIC: [8] Undefined index: is_original D:\wamp\www\think_blog\Application\Runtime\Cache\Admin\d68c1effdec15e36d2122297104abebb.php 第 39 行.
NOTIC: [8] Undefined index: category D:\wamp\www\think_blog\Application\Runtime\Cache\Admin\d68c1effdec15e36d2122297104abebb.php 第 32 行.
NOTIC: [8] Undefined index: tag D:\wamp\www\think_blog\Application\Runtime\Cache\Admin\d68c1effdec15e36d2122297104abebb.php 第 36 行.
NOTIC: [8] Undefined index: is_original D:\wamp\www\think_blog\Application\Runtime\Cache\Admin\d68c1effdec15e36d2122297104abebb.php 第 39 行.
NOTIC: [8] Undefined index: category D:\wamp\www\think_blog\Application\Runtime\Cache\Admin\d68c1effdec15e36d2122297104abebb.php 第 32 行.
NOTIC: [8] Undefined index: tag D:\wamp\www\think_blog\Application\Runtime\Cache\Admin\d68c1effdec15e36d2122297104abebb.php 第 36 行.
NOTIC: [8] Undefined index: is_original D:\wamp\www\think_blog\Application\Runtime\Cache\Admin\d68c1effdec15e36d2122297104abebb.php 第 39 行.
NOTIC: [8] Undefined index: category D:\wamp\www\think_blog\Application\Runtime\Cache\Admin\d68c1effdec15e36d2122297104abebb.php 第 32 行.
NOTIC: [8] Undefined index: tag D:\wamp\www\think_blog\Application\Runtime\Cache\Admin\d68c1effdec15e36d2122297104abebb.php 第 36 行.
NOTIC: [8] Undefined index: is_original D:\wamp\www\think_blog\Application\Runtime\Cache\Admin\d68c1effdec15e36d2122297104abebb.php 第 39 行.
NOTIC: [8] Undefined variable: page D:\wamp\www\think_blog\Application\Runtime\Cache\Admin\d68c1effdec15e36d2122297104abebb.php 第 62 行.
INFO: Run Behavior\ParseTemplateBehavior [ RunTime:0.019476s ]
INFO: [ view_parse ] --END-- [ RunTime:0.019592s ]
INFO: [ view_filter ] --START--
INFO: Run Behavior\WriteHtmlCacheBehavior [ RunTime:0.000599s ]
INFO: [ view_filter ] --END-- [ RunTime:0.000698s ]
INFO: [ app_end ] --START--
INFO: Run Behavior\ShowPageTraceBehavior [ RunTime:0.002783s ]
INFO: [ app_end ] --END-- [ RunTime:0.003017s ]

[ 2016-09-09T11:41:16+08:00 ] ::1 /think_blog/index.php/Admin/Article/index.html
INFO: [ app_init ] --START--
INFO: Run Behavior\BuildLiteBehavior [ RunTime:0.000025s ]
INFO: [ app_init ] --END-- [ RunTime:0.000631s ]
INFO: [ app_begin ] --START--
INFO: Run Behavior\ReadHtmlCacheBehavior [ RunTime:0.001152s ]
INFO: [ app_begin ] --END-- [ RunTime:0.001282s ]
SQL: SHOW COLUMNS FROM `think_blog_article` [ RunTime:0.0111s ]
SQL: SELECT * FROM `think_blog_article` ORDER BY addtime desc  [ RunTime:0.0006s ]
NOTIC: [2] Missing argument 1 for Common\Model\ArticleModel::getDataByCid(), called in D:\wamp\www\think_blog\Application\Admin\Controller\ArticleController.class.php on line 19 and defined D:\wamp\www\think_blog\Application\Common\Model\ArticleModel.class.php 第 31 行.
NOTIC: [8] Undefined variable: cid D:\wamp\www\think_blog\Application\Common\Model\ArticleModel.class.php 第 36 行.
SQL: SELECT * FROM `think_blog_article` WHERE `is_show` = 1 AND `is_delete` = 0 ORDER BY addtime desc  [ RunTime:0.0008s ]
INFO: [ view_parse ] --START--
INFO: [ template_filter ] --START--
INFO: Run Behavior\ContentReplaceBehavior [ RunTime:0.000201s ]
INFO: [ template_filter ] --END-- [ RunTime:0.000407s ]
NOTIC: [8] Undefined index: category D:\wamp\www\think_blog\Application\Runtime\Cache\Admin\d68c1effdec15e36d2122297104abebb.php 第 32 行.
NOTIC: [8] Undefined index: tag D:\wamp\www\think_blog\Application\Runtime\Cache\Admin\d68c1effdec15e36d2122297104abebb.php 第 36 行.
NOTIC: [8] Undefined index: is_original D:\wamp\www\think_blog\Application\Runtime\Cache\Admin\d68c1effdec15e36d2122297104abebb.php 第 39 行.
NOTIC: [8] Undefined index: category D:\wamp\www\think_blog\Application\Runtime\Cache\Admin\d68c1effdec15e36d2122297104abebb.php 第 32 行.
NOTIC: [8] Undefined index: tag D:\wamp\www\think_blog\Application\Runtime\Cache\Admin\d68c1effdec15e36d2122297104abebb.php 第 36 行.
NOTIC: [8] Undefined index: is_original D:\wamp\www\think_blog\Application\Runtime\Cache\Admin\d68c1effdec15e36d2122297104abebb.php 第 39 行.
NOTIC: [8] Undefined index: category D:\wamp\www\think_blog\Application\Runtime\Cache\Admin\d68c1effdec15e36d2122297104abebb.php 第 32 行.
NOTIC: [8] Undefined index: tag D:\wamp\www\think_blog\Application\Runtime\Cache\Admin\d68c1effdec15e36d2122297104abebb.php 第 36 行.
NOTIC: [8] Undefined index: is_original D:\wamp\www\think_blog\Application\Runtime\Cache\Admin\d68c1effdec15e36d2122297104abebb.php 第 39 行.
NOTIC: [8] Undefined index: category D:\wamp\www\think_blog\Application\Runtime\Cache\Admin\d68c1effdec15e36d2122297104abebb.php 第 32 行.
NOTIC: [8] Undefined index: tag D:\wamp\www\think_blog\Application\Runtime\Cache\Admin\d68c1effdec15e36d2122297104abebb.php 第 36 行.
NOTIC: [8] Undefined index: is_original D:\wamp\www\think_blog\Application\Runtime\Cache\Admin\d68c1effdec15e36d2122297104abebb.php 第 39 行.
NOTIC: [8] Undefined index: category D:\wamp\www\think_blog\Application\Runtime\Cache\Admin\d68c1effdec15e36d2122297104abebb.php 第 32 行.
NOTIC: [8] Undefined index: tag D:\wamp\www\think_blog\Application\Runtime\Cache\Admin\d68c1effdec15e36d2122297104abebb.php 第 36 行.
NOTIC: [8] Undefined index: is_original D:\wamp\www\think_blog\Application\Runtime\Cache\Admin\d68c1effdec15e36d2122297104abebb.php 第 39 行.
NOTIC: [8] Undefined index: category D:\wamp\www\think_blog\Application\Runtime\Cache\Admin\d68c1effdec15e36d2122297104abebb.php 第 32 行.
NOTIC: [8] Undefined index: tag D:\wamp\www\think_blog\Application\Runtime\Cache\Admin\d68c1effdec15e36d2122297104abebb.php 第 36 行.
NOTIC: [8] Undefined index: is_original D:\wamp\www\think_blog\Application\Runtime\Cache\Admin\d68c1effdec15e36d2122297104abebb.php 第 39 行.
NOTIC: [8] Undefined index: category D:\wamp\www\think_blog\Application\Runtime\Cache\Admin\d68c1effdec15e36d2122297104abebb.php 第 32 行.
NOTIC: [8] Undefined index: tag D:\wamp\www\think_blog\Application\Runtime\Cache\Admin\d68c1effdec15e36d2122297104abebb.php 第 36 行.
NOTIC: [8] Undefined index: is_original D:\wamp\www\think_blog\Application\Runtime\Cache\Admin\d68c1effdec15e36d2122297104abebb.php 第 39 行.
NOTIC: [8] Undefined index: category D:\wamp\www\think_blog\Application\Runtime\Cache\Admin\d68c1effdec15e36d2122297104abebb.php 第 32 行.
NOTIC: [8] Undefined index: tag D:\wamp\www\think_blog\Application\Runtime\Cache\Admin\d68c1effdec15e36d2122297104abebb.php 第 36 行.
NOTIC: [8] Undefined index: is_original D:\wamp\www\think_blog\Application\Runtime\Cache\Admin\d68c1effdec15e36d2122297104abebb.php 第 39 行.
NOTIC: [8] Undefined index: category D:\wamp\www\think_blog\Application\Runtime\Cache\Admin\d68c1effdec15e36d2122297104abebb.php 第 32 行.
NOTIC: [8] Undefined index: tag D:\wamp\www\think_blog\Application\Runtime\Cache\Admin\d68c1effdec15e36d2122297104abebb.php 第 36 行.
NOTIC: [8] Undefined index: is_original D:\wamp\www\think_blog\Application\Runtime\Cache\Admin\d68c1effdec15e36d2122297104abebb.php 第 39 行.
NOTIC: [8] Undefined index: category D:\wamp\www\think_blog\Application\Runtime\Cache\Admin\d68c1effdec15e36d2122297104abebb.php 第 32 行.
NOTIC: [8] Undefined index: tag D:\wamp\www\think_blog\Application\Runtime\Cache\Admin\d68c1effdec15e36d2122297104abebb.php 第 36 行.
NOTIC: [8] Undefined index: is_original D:\wamp\www\think_blog\Application\Runtime\Cache\Admin\d68c1effdec15e36d2122297104abebb.php 第 39 行.
NOTIC: [8] Undefined index: category D:\wamp\www\think_blog\Application\Runtime\Cache\Admin\d68c1effdec15e36d2122297104abebb.php 第 32 行.
NOTIC: [8] Undefined index: tag D:\wamp\www\think_blog\Application\Runtime\Cache\Admin\d68c1effdec15e36d2122297104abebb.php 第 36 行.
NOTIC: [8] Undefined index: is_original D:\wamp\www\think_blog\Application\Runtime\Cache\Admin\d68c1effdec15e36d2122297104abebb.php 第 39 行.
NOTIC: [8] Undefined index: category D:\wamp\www\think_blog\Application\Runtime\Cache\Admin\d68c1effdec15e36d2122297104abebb.php 第 32 行.
NOTIC: [8] Undefined index: tag D:\wamp\www\think_blog\Application\Runtime\Cache\Admin\d68c1effdec15e36d2122297104abebb.php 第 36 行.
NOTIC: [8] Undefined index: is_original D:\wamp\www\think_blog\Application\Runtime\Cache\Admin\d68c1effdec15e36d2122297104abebb.php 第 39 行.
NOTIC: [8] Undefined index: category D:\wamp\www\think_blog\Application\Runtime\Cache\Admin\d68c1effdec15e36d2122297104abebb.php 第 32 行.
NOTIC: [8] Undefined index: tag D:\wamp\www\think_blog\Application\Runtime\Cache\Admin\d68c1effdec15e36d2122297104abebb.php 第 36 行.
NOTIC: [8] Undefined index: is_original D:\wamp\www\think_blog\Application\Runtime\Cache\Admin\d68c1effdec15e36d2122297104abebb.php 第 39 行.
NOTIC: [8] Undefined index: category D:\wamp\www\think_blog\Application\Runtime\Cache\Admin\d68c1effdec15e36d2122297104abebb.php 第 32 行.
NOTIC: [8] Undefined index: tag D:\wamp\www\think_blog\Application\Runtime\Cache\Admin\d68c1effdec15e36d2122297104abebb.php 第 36 行.
NOTIC: [8] Undefined index: is_original D:\wamp\www\think_blog\Application\Runtime\Cache\Admin\d68c1effdec15e36d2122297104abebb.php 第 39 行.
NOTIC: [8] Undefined variable: page D:\wamp\www\think_blog\Application\Runtime\Cache\Admin\d68c1effdec15e36d2122297104abebb.php 第 62 行.
INFO: Run Behavior\ParseTemplateBehavior [ RunTime:0.043890s ]
INFO: [ view_parse ] --END-- [ RunTime:0.044061s ]
INFO: [ view_filter ] --START--
INFO: Run Behavior\WriteHtmlCacheBehavior [ RunTime:0.001029s ]
INFO: [ view_filter ] --END-- [ RunTime:0.001142s ]
NOTIC: [2] Cannot modify header information - headers already sent by (output started at D:\wamp\www\think_blog\Application\Common\Common\function.php:19) D:\wamp\www\think_blog\ThinkPHP\Library\Think\View.class.php 第 91 行.
NOTIC: [2] Cannot modify header information - headers already sent by (output started at D:\wamp\www\think_blog\Application\Common\Common\function.php:19) D:\wamp\www\think_blog\ThinkPHP\Library\Think\View.class.php 第 92 行.
NOTIC: [2] Cannot modify header information - headers already sent by (output started at D:\wamp\www\think_blog\Application\Common\Common\function.php:19) D:\wamp\www\think_blog\ThinkPHP\Library\Think\View.class.php 第 93 行.
INFO: [ app_end ] --START--
INFO: Run Behavior\ShowPageTraceBehavior [ RunTime:0.001634s ]
INFO: [ app_end ] --END-- [ RunTime:0.001881s ]

