[ 2016-09-08T09:08:41+08:00 ] ::1 /think_blog/index.php/Admin/Index/index
INFO: [ app_init ] --START--
INFO: Run Behavior\BuildLiteBehavior [ RunTime:0.000046s ]
INFO: [ app_init ] --END-- [ RunTime:0.000878s ]
INFO: [ app_begin ] --START--
INFO: Run Behavior\ReadHtmlCacheBehavior [ RunTime:0.001208s ]
INFO: [ app_begin ] --END-- [ RunTime:0.001498s ]
INFO: [ view_parse ] --START--
INFO: [ template_filter ] --START--
INFO: Run Behavior\ContentReplaceBehavior [ RunTime:0.000381s ]
INFO: [ template_filter ] --END-- [ RunTime:0.000655s ]
INFO: Run Behavior\ParseTemplateBehavior [ RunTime:0.073387s ]
INFO: [ view_parse ] --END-- [ RunTime:0.073580s ]
INFO: [ view_filter ] --START--
INFO: Run Behavior\WriteHtmlCacheBehavior [ RunTime:0.000392s ]
INFO: [ view_filter ] --END-- [ RunTime:0.000490s ]
INFO: [ app_end ] --START--
INFO: Run Behavior\ShowPageTraceBehavior [ RunTime:0.001514s ]
INFO: [ app_end ] --END-- [ RunTime:0.001710s ]

[ 2016-09-08T09:08:41+08:00 ] ::1 /think_blog/index.php/Admin/Index/welcome.html
INFO: [ app_init ] --START--
INFO: Run Behavior\BuildLiteBehavior [ RunTime:0.000045s ]
INFO: [ app_init ] --END-- [ RunTime:0.000741s ]
INFO: [ app_begin ] --START--
INFO: Run Behavior\ReadHtmlCacheBehavior [ RunTime:0.000666s ]
INFO: [ app_begin ] --END-- [ RunTime:0.000861s ]

[ 2016-09-08T09:09:04+08:00 ] ::1 /think_blog/index.php/Admin/Index/index
INFO: [ app_init ] --START--
INFO: Run Behavior\BuildLiteBehavior [ RunTime:0.000045s ]
INFO: [ app_init ] --END-- [ RunTime:0.000892s ]
INFO: [ app_begin ] --START--
INFO: Run Behavior\ReadHtmlCacheBehavior [ RunTime:0.000789s ]
INFO: [ app_begin ] --END-- [ RunTime:0.000992s ]
INFO: [ view_parse ] --START--
INFO: [ template_filter ] --START--
INFO: Run Behavior\ContentReplaceBehavior [ RunTime:0.000178s ]
INFO: [ template_filter ] --END-- [ RunTime:0.000296s ]
INFO: Run Behavior\ParseTemplateBehavior [ RunTime:0.059319s ]
INFO: [ view_parse ] --END-- [ RunTime:0.059505s ]
INFO: [ view_filter ] --START--
INFO: Run Behavior\WriteHtmlCacheBehavior [ RunTime:0.000614s ]
INFO: [ view_filter ] --END-- [ RunTime:0.000780s ]
INFO: [ app_end ] --START--
INFO: Run Behavior\ShowPageTraceBehavior [ RunTime:0.002288s ]
INFO: [ app_end ] --END-- [ RunTime:0.002541s ]

[ 2016-09-08T09:09:05+08:00 ] ::1 /think_blog/index.php/Admin/Index/welcome.html
INFO: [ app_init ] --START--
INFO: Run Behavior\BuildLiteBehavior [ RunTime:0.000048s ]
INFO: [ app_init ] --END-- [ RunTime:0.000750s ]
INFO: [ app_begin ] --START--
INFO: Run Behavior\ReadHtmlCacheBehavior [ RunTime:0.000717s ]
INFO: [ app_begin ] --END-- [ RunTime:0.000912s ]
SQL: SHOW COLUMNS FROM `think_blog_article` [ RunTime:0.0400s ]
SQL: SELECT COUNT(*) AS tp_count FROM `think_blog_article` LIMIT 1   [ RunTime:0.0003s ]
SQL: SELECT COUNT(*) AS tp_count FROM `think_blog_article` WHERE `is_delete` = 1 LIMIT 1   [ RunTime:0.0004s ]
SQL: SELECT COUNT(*) AS tp_count FROM `think_blog_article` WHERE `is_show` = 0 LIMIT 1   [ RunTime:0.0004s ]
SQL: SHOW COLUMNS FROM `think_blog_chat` [ RunTime:0.0171s ]
SQL: SELECT COUNT(*) AS tp_count FROM `think_blog_chat` LIMIT 1   [ RunTime:0.0004s ]
SQL: SELECT COUNT(*) AS tp_count FROM `think_blog_chat` WHERE `is_delete` = 1 LIMIT 1   [ RunTime:0.0004s ]
SQL: SELECT COUNT(*) AS tp_count FROM `think_blog_chat` WHERE `is_show` = 0 LIMIT 1   [ RunTime:0.0004s ]
SQL: SHOW COLUMNS FROM `think_blog_comment` [ RunTime:0.0153s ]
SQL: SELECT COUNT(*) AS tp_count FROM `think_blog_comment` LIMIT 1   [ RunTime:0.0005s ]
INFO: [ view_parse ] --START--
INFO: [ template_filter ] --START--
INFO: Run Behavior\ContentReplaceBehavior [ RunTime:0.000190s ]
INFO: [ template_filter ] --END-- [ RunTime:0.000383s ]
INFO: Run Behavior\ParseTemplateBehavior [ RunTime:0.082824s ]
INFO: [ view_parse ] --END-- [ RunTime:0.083062s ]
INFO: [ view_filter ] --START--
INFO: Run Behavior\WriteHtmlCacheBehavior [ RunTime:0.000581s ]
INFO: [ view_filter ] --END-- [ RunTime:0.000766s ]
INFO: [ app_end ] --START--
INFO: Run Behavior\ShowPageTraceBehavior [ RunTime:0.000699s ]
INFO: [ app_end ] --END-- [ RunTime:0.000863s ]

[ 2016-09-08T09:09:08+08:00 ] ::1 /think_blog/index.php/Admin/Article/index.html
INFO: [ app_init ] --START--
INFO: Run Behavior\BuildLiteBehavior [ RunTime:0.000046s ]
INFO: [ app_init ] --END-- [ RunTime:0.000778s ]
INFO: [ app_begin ] --START--
INFO: Run Behavior\ReadHtmlCacheBehavior [ RunTime:0.001190s ]
INFO: [ app_begin ] --END-- [ RunTime:0.001419s ]
SQL: SHOW COLUMNS FROM `think_blog_article` [ RunTime:0.0153s ]
SQL: SELECT COUNT(*) AS tp_count FROM `think_blog_article` WHERE `is_delete` = 0 LIMIT 1   [ RunTime:0.0008s ]
SQL: SELECT * FROM `think_blog_article` WHERE `is_delete` = 0 ORDER BY addtime desc LIMIT 0,15   [ RunTime:0.0009s ]
ERR: Think\Model:error方法不存在！

[ 2016-09-08T09:11:12+08:00 ] ::1 /think_blog/index.php/Admin/Article/index.html
INFO: [ app_init ] --START--
INFO: Run Behavior\BuildLiteBehavior [ RunTime:0.000048s ]
INFO: [ app_init ] --END-- [ RunTime:0.000871s ]
INFO: [ app_begin ] --START--
INFO: Run Behavior\ReadHtmlCacheBehavior [ RunTime:0.000802s ]
INFO: [ app_begin ] --END-- [ RunTime:0.000938s ]
SQL: SHOW COLUMNS FROM `think_blog_article` [ RunTime:0.0250s ]
SQL: SELECT COUNT(*) AS tp_count FROM `think_blog_article` WHERE `is_delete` = 0 LIMIT 1   [ RunTime:0.0004s ]
SQL: SELECT * FROM `think_blog_article` WHERE `is_delete` = 0 ORDER BY addtime desc LIMIT 0,15   [ RunTime:0.0006s ]
SQL: SHOW COLUMNS FROM `think_blog_article_tag` [ RunTime:0.0397s ]
SQL: SHOW COLUMNS FROM `think_blog_article_tag` [ RunTime:0.0320s ]
ERR: 1064:You have an error in your SQL syntax; check the manual that corresponds to your MySQL server version for the right syntax to use near '.tid  WHERE `aid` = '15'' at line 1
 [ SQL语句 ] : SELECT * FROM `think_blog_article_tag` INNER JOIN think_blog_tagONthink_blog_articleTAG__.tid=think_blog_tag.tid  WHERE `aid` = '15' 
ERR: 1064:You have an error in your SQL syntax; check the manual that corresponds to your MySQL server version for the right syntax to use near '.tid  WHERE `aid` = '15'' at line 1
 [ SQL语句 ] : SELECT * FROM `think_blog_article_tag` INNER JOIN think_blog_tagONthink_blog_articleTAG__.tid=think_blog_tag.tid  WHERE `aid` = '15' 

[ 2016-09-08T09:14:20+08:00 ] ::1 /think_blog/index.php/Admin/Article/index.html
INFO: [ app_init ] --START--
INFO: Run Behavior\BuildLiteBehavior [ RunTime:0.000028s ]
INFO: [ app_init ] --END-- [ RunTime:0.000586s ]
INFO: [ app_begin ] --START--
INFO: Run Behavior\ReadHtmlCacheBehavior [ RunTime:0.001218s ]
INFO: [ app_begin ] --END-- [ RunTime:0.001440s ]
SQL: SHOW COLUMNS FROM `think_blog_article` [ RunTime:0.0099s ]
SQL: SELECT COUNT(*) AS tp_count FROM `think_blog_article` WHERE `is_delete` = 0 LIMIT 1   [ RunTime:0.0004s ]
SQL: SELECT * FROM `think_blog_article` WHERE `is_delete` = 0 ORDER BY addtime desc LIMIT 0,15   [ RunTime:0.0006s ]
SQL: SHOW COLUMNS FROM `think_blog_article_tag` [ RunTime:0.0076s ]
SQL: SHOW COLUMNS FROM `think_blog_article_tag` [ RunTime:0.0043s ]
ERR: 1064:You have an error in your SQL syntax; check the manual that corresponds to your MySQL server version for the right syntax to use near '.tid  WHERE `aid` = '15'' at line 1
 [ SQL语句 ] : SELECT * FROM `think_blog_article_tag` INNER JOIN think_blog_tagONthink_blog_articleTAG__.tid=think_blog_tag.tid  WHERE `aid` = '15' 
ERR: 1064:You have an error in your SQL syntax; check the manual that corresponds to your MySQL server version for the right syntax to use near '.tid  WHERE `aid` = '15'' at line 1
 [ SQL语句 ] : SELECT * FROM `think_blog_article_tag` INNER JOIN think_blog_tagONthink_blog_articleTAG__.tid=think_blog_tag.tid  WHERE `aid` = '15' 

[ 2016-09-08T09:15:06+08:00 ] ::1 /think_blog/index.php/Admin/Article/index.html
INFO: [ app_init ] --START--
INFO: Run Behavior\BuildLiteBehavior [ RunTime:0.000027s ]
INFO: [ app_init ] --END-- [ RunTime:0.000477s ]
INFO: [ app_begin ] --START--
INFO: Run Behavior\ReadHtmlCacheBehavior [ RunTime:0.000518s ]
INFO: [ app_begin ] --END-- [ RunTime:0.000644s ]
SQL: SHOW COLUMNS FROM `think_blog_article` [ RunTime:0.0099s ]
SQL: SELECT COUNT(*) AS tp_count FROM `think_blog_article` WHERE `is_delete` = 0 LIMIT 1   [ RunTime:0.0005s ]
SQL: SELECT * FROM `think_blog_article` WHERE `is_delete` = 0 ORDER BY addtime desc LIMIT 0,15   [ RunTime:0.0009s ]
SQL: SHOW COLUMNS FROM `think_blog_article_tag` [ RunTime:0.0279s ]
SQL: SHOW COLUMNS FROM `think_blog_article_tag` [ RunTime:0.0048s ]
ERR: 1064:You have an error in your SQL syntax; check the manual that corresponds to your MySQL server version for the right syntax to use near '.tid  WHERE `aid` = '15'' at line 1
 [ SQL语句 ] : SELECT * FROM `think_blog_article_tag` INNER JOIN think_blog_tagONthink_blog_articleTAG__.tid=think_blog_tag.tid  WHERE `aid` = '15' 
ERR: 1064:You have an error in your SQL syntax; check the manual that corresponds to your MySQL server version for the right syntax to use near '.tid  WHERE `aid` = '15'' at line 1
 [ SQL语句 ] : SELECT * FROM `think_blog_article_tag` INNER JOIN think_blog_tagONthink_blog_articleTAG__.tid=think_blog_tag.tid  WHERE `aid` = '15' 

[ 2016-09-08T09:17:44+08:00 ] ::1 /think_blog/index.php/Admin/Article/index.html
INFO: [ app_init ] --START--
INFO: Run Behavior\BuildLiteBehavior [ RunTime:0.000031s ]
INFO: [ app_init ] --END-- [ RunTime:0.000599s ]
INFO: [ app_begin ] --START--
INFO: Run Behavior\ReadHtmlCacheBehavior [ RunTime:0.000768s ]
INFO: [ app_begin ] --END-- [ RunTime:0.000899s ]

[ 2016-09-08T09:18:04+08:00 ] ::1 /think_blog/index.php/Admin/Article/index.html
INFO: [ app_init ] --START--
INFO: Run Behavior\BuildLiteBehavior [ RunTime:0.000025s ]
INFO: [ app_init ] --END-- [ RunTime:0.000440s ]
INFO: [ app_begin ] --START--
INFO: Run Behavior\ReadHtmlCacheBehavior [ RunTime:0.000451s ]
INFO: [ app_begin ] --END-- [ RunTime:0.000562s ]
SQL: SHOW COLUMNS FROM `think_blog_article` [ RunTime:0.0116s ]
SQL: SELECT COUNT(*) AS tp_count FROM `think_blog_article` WHERE `is_delete` = 0 LIMIT 1   [ RunTime:0.0005s ]

[ 2016-09-08T09:18:33+08:00 ] ::1 /think_blog/index.php/Admin/Article/index.html
INFO: [ app_init ] --START--
INFO: Run Behavior\BuildLiteBehavior [ RunTime:0.000024s ]
INFO: [ app_init ] --END-- [ RunTime:0.000406s ]
INFO: [ app_begin ] --START--
INFO: Run Behavior\ReadHtmlCacheBehavior [ RunTime:0.000428s ]
INFO: [ app_begin ] --END-- [ RunTime:0.000551s ]
SQL: SHOW COLUMNS FROM `think_blog_article` [ RunTime:0.0093s ]
SQL: SELECT COUNT(*) AS tp_count FROM `think_blog_article` WHERE `is_delete` = 0 LIMIT 1   [ RunTime:0.0003s ]
SQL: SELECT * FROM `think_blog_article` WHERE `is_delete` = 0 ORDER BY addtime desc LIMIT 0,15   [ RunTime:0.0006s ]
SQL: SHOW COLUMNS FROM `think_blog_article_tag` [ RunTime:0.0069s ]
SQL: SHOW COLUMNS FROM `think_blog_article_tag` [ RunTime:0.0043s ]
ERR: 1064:You have an error in your SQL syntax; check the manual that corresponds to your MySQL server version for the right syntax to use near '.tid  WHERE `aid` = '15'' at line 1
 [ SQL语句 ] : SELECT * FROM `think_blog_article_tag` INNER JOIN think_blog_tagONthink_blog_articleTAG__.tid=think_blog_tag.tid  WHERE `aid` = '15' 
ERR: 1064:You have an error in your SQL syntax; check the manual that corresponds to your MySQL server version for the right syntax to use near '.tid  WHERE `aid` = '15'' at line 1
 [ SQL语句 ] : SELECT * FROM `think_blog_article_tag` INNER JOIN think_blog_tagONthink_blog_articleTAG__.tid=think_blog_tag.tid  WHERE `aid` = '15' 

[ 2016-09-08T09:19:11+08:00 ] ::1 /think_blog/index.php/Admin/Article/index.html
INFO: [ app_init ] --START--
INFO: Run Behavior\BuildLiteBehavior [ RunTime:0.000047s ]
INFO: [ app_init ] --END-- [ RunTime:0.000731s ]
INFO: [ app_begin ] --START--
INFO: Run Behavior\ReadHtmlCacheBehavior [ RunTime:0.000542s ]
INFO: [ app_begin ] --END-- [ RunTime:0.000677s ]
SQL: SHOW COLUMNS FROM `think_blog_article` [ RunTime:0.0126s ]
SQL: SELECT COUNT(*) AS tp_count FROM `think_blog_article` WHERE `is_delete` = 0 LIMIT 1   [ RunTime:0.0004s ]
SQL: SELECT * FROM `think_blog_article` WHERE `is_delete` = 0 ORDER BY addtime desc LIMIT 0,15   [ RunTime:0.0006s ]
SQL: SHOW COLUMNS FROM `think_blog_article_tag` [ RunTime:0.0072s ]
SQL: SHOW COLUMNS FROM `think_blog_article_tag` [ RunTime:0.0041s ]
ERR: 1064:You have an error in your SQL syntax; check the manual that corresponds to your MySQL server version for the right syntax to use near '.tid  WHERE `aid` = '14'' at line 1
 [ SQL语句 ] : SELECT * FROM `think_blog_article_tag` INNER JOIN think_blog_tagONthink_blog_articleTAG__.tid=think_blog_tag.tid  WHERE `aid` = '14' 
ERR: 1064:You have an error in your SQL syntax; check the manual that corresponds to your MySQL server version for the right syntax to use near '.tid  WHERE `aid` = '14'' at line 1
 [ SQL语句 ] : SELECT * FROM `think_blog_article_tag` INNER JOIN think_blog_tagONthink_blog_articleTAG__.tid=think_blog_tag.tid  WHERE `aid` = '14' 

[ 2016-09-08T09:19:12+08:00 ] ::1 /think_blog/index.php/Admin/Article/index.html
INFO: [ app_init ] --START--
INFO: Run Behavior\BuildLiteBehavior [ RunTime:0.000048s ]
INFO: [ app_init ] --END-- [ RunTime:0.000409s ]
INFO: [ app_begin ] --START--
INFO: Run Behavior\ReadHtmlCacheBehavior [ RunTime:0.000629s ]
INFO: [ app_begin ] --END-- [ RunTime:0.000790s ]
SQL: SHOW COLUMNS FROM `think_blog_article` [ RunTime:0.0104s ]
SQL: SELECT COUNT(*) AS tp_count FROM `think_blog_article` WHERE `is_delete` = 0 LIMIT 1   [ RunTime:0.0003s ]
SQL: SELECT * FROM `think_blog_article` WHERE `is_delete` = 0 ORDER BY addtime desc LIMIT 0,15   [ RunTime:0.0006s ]
SQL: SHOW COLUMNS FROM `think_blog_article_tag` [ RunTime:0.0065s ]
SQL: SHOW COLUMNS FROM `think_blog_article_tag` [ RunTime:0.0041s ]
ERR: 1064:You have an error in your SQL syntax; check the manual that corresponds to your MySQL server version for the right syntax to use near '.tid  WHERE `aid` = '14'' at line 1
 [ SQL语句 ] : SELECT * FROM `think_blog_article_tag` INNER JOIN think_blog_tagONthink_blog_articleTAG__.tid=think_blog_tag.tid  WHERE `aid` = '14' 
ERR: 1064:You have an error in your SQL syntax; check the manual that corresponds to your MySQL server version for the right syntax to use near '.tid  WHERE `aid` = '14'' at line 1
 [ SQL语句 ] : SELECT * FROM `think_blog_article_tag` INNER JOIN think_blog_tagONthink_blog_articleTAG__.tid=think_blog_tag.tid  WHERE `aid` = '14' 

[ 2016-09-08T09:20:20+08:00 ] ::1 /think_blog/index.php/Admin/Article/index.html
INFO: [ app_init ] --START--
INFO: Run Behavior\BuildLiteBehavior [ RunTime:0.000023s ]
INFO: [ app_init ] --END-- [ RunTime:0.000485s ]
INFO: [ app_begin ] --START--
INFO: Run Behavior\ReadHtmlCacheBehavior [ RunTime:0.000636s ]
INFO: [ app_begin ] --END-- [ RunTime:0.000749s ]
SQL: SHOW COLUMNS FROM `think_blog_article` [ RunTime:0.0124s ]
SQL: SELECT COUNT(*) AS tp_count FROM `think_blog_article` WHERE `is_delete` = 0 LIMIT 1   [ RunTime:0.0004s ]
SQL: SELECT * FROM `think_blog_article` WHERE `is_delete` = 0 ORDER BY addtime desc LIMIT 0,15   [ RunTime:0.0006s ]
SQL: SHOW COLUMNS FROM `think_blog_article_tag` [ RunTime:0.0078s ]
SQL: SHOW COLUMNS FROM `think_blog_article_tag` [ RunTime:0.0048s ]
ERR: 1064:You have an error in your SQL syntax; check the manual that corresponds to your MySQL server version for the right syntax to use near '.tid  WHERE `aid` = '14'' at line 1
 [ SQL语句 ] : SELECT * FROM `think_blog_article_tag` INNER JOIN think_blog_tagONthink_blog_articleTAG__.tid=think_blog_tag.tid  WHERE `aid` = '14' 
ERR: 1064:You have an error in your SQL syntax; check the manual that corresponds to your MySQL server version for the right syntax to use near '.tid  WHERE `aid` = '14'' at line 1
 [ SQL语句 ] : SELECT * FROM `think_blog_article_tag` INNER JOIN think_blog_tagONthink_blog_articleTAG__.tid=think_blog_tag.tid  WHERE `aid` = '14' 

[ 2016-09-08T09:20:21+08:00 ] ::1 /think_blog/index.php/Admin/Article/index.html
INFO: [ app_init ] --START--
INFO: Run Behavior\BuildLiteBehavior [ RunTime:0.000029s ]
INFO: [ app_init ] --END-- [ RunTime:0.000482s ]
INFO: [ app_begin ] --START--
INFO: Run Behavior\ReadHtmlCacheBehavior [ RunTime:0.000419s ]
INFO: [ app_begin ] --END-- [ RunTime:0.000533s ]
SQL: SHOW COLUMNS FROM `think_blog_article` [ RunTime:0.0322s ]
SQL: SELECT COUNT(*) AS tp_count FROM `think_blog_article` WHERE `is_delete` = 0 LIMIT 1   [ RunTime:0.0004s ]
SQL: SELECT * FROM `think_blog_article` WHERE `is_delete` = 0 ORDER BY addtime desc LIMIT 0,15   [ RunTime:0.0008s ]
SQL: SHOW COLUMNS FROM `think_blog_article_tag` [ RunTime:0.0077s ]
SQL: SHOW COLUMNS FROM `think_blog_article_tag` [ RunTime:0.0051s ]
ERR: 1064:You have an error in your SQL syntax; check the manual that corresponds to your MySQL server version for the right syntax to use near '.tid  WHERE `aid` = '14'' at line 1
 [ SQL语句 ] : SELECT * FROM `think_blog_article_tag` INNER JOIN think_blog_tagONthink_blog_articleTAG__.tid=think_blog_tag.tid  WHERE `aid` = '14' 
ERR: 1064:You have an error in your SQL syntax; check the manual that corresponds to your MySQL server version for the right syntax to use near '.tid  WHERE `aid` = '14'' at line 1
 [ SQL语句 ] : SELECT * FROM `think_blog_article_tag` INNER JOIN think_blog_tagONthink_blog_articleTAG__.tid=think_blog_tag.tid  WHERE `aid` = '14' 

[ 2016-09-08T09:20:22+08:00 ] ::1 /think_blog/index.php/Admin/Article/index.html
INFO: [ app_init ] --START--
INFO: Run Behavior\BuildLiteBehavior [ RunTime:0.000028s ]
INFO: [ app_init ] --END-- [ RunTime:0.000468s ]
INFO: [ app_begin ] --START--
INFO: Run Behavior\ReadHtmlCacheBehavior [ RunTime:0.000490s ]
INFO: [ app_begin ] --END-- [ RunTime:0.000614s ]
SQL: SHOW COLUMNS FROM `think_blog_article` [ RunTime:0.0100s ]
SQL: SELECT COUNT(*) AS tp_count FROM `think_blog_article` WHERE `is_delete` = 0 LIMIT 1   [ RunTime:0.0003s ]
SQL: SELECT * FROM `think_blog_article` WHERE `is_delete` = 0 ORDER BY addtime desc LIMIT 0,15   [ RunTime:0.0005s ]
SQL: SHOW COLUMNS FROM `think_blog_article_tag` [ RunTime:0.0070s ]
SQL: SHOW COLUMNS FROM `think_blog_article_tag` [ RunTime:0.0036s ]
ERR: 1064:You have an error in your SQL syntax; check the manual that corresponds to your MySQL server version for the right syntax to use near '.tid  WHERE `aid` = '14'' at line 1
 [ SQL语句 ] : SELECT * FROM `think_blog_article_tag` INNER JOIN think_blog_tagONthink_blog_articleTAG__.tid=think_blog_tag.tid  WHERE `aid` = '14' 
ERR: 1064:You have an error in your SQL syntax; check the manual that corresponds to your MySQL server version for the right syntax to use near '.tid  WHERE `aid` = '14'' at line 1
 [ SQL语句 ] : SELECT * FROM `think_blog_article_tag` INNER JOIN think_blog_tagONthink_blog_articleTAG__.tid=think_blog_tag.tid  WHERE `aid` = '14' 

[ 2016-09-08T09:23:20+08:00 ] ::1 /think_blog/index.php/Admin/Article/index.html
INFO: [ app_init ] --START--
INFO: Run Behavior\BuildLiteBehavior [ RunTime:0.000042s ]
INFO: [ app_init ] --END-- [ RunTime:0.000763s ]
INFO: [ app_begin ] --START--
INFO: Run Behavior\ReadHtmlCacheBehavior [ RunTime:0.001426s ]
INFO: [ app_begin ] --END-- [ RunTime:0.001731s ]
SQL: SHOW COLUMNS FROM `think_blog_article` [ RunTime:0.0155s ]
SQL: SELECT COUNT(*) AS tp_count FROM `think_blog_article` WHERE `is_delete` = 0 LIMIT 1   [ RunTime:0.0005s ]
SQL: SELECT * FROM `think_blog_article` WHERE `is_delete` = 0 ORDER BY addtime desc LIMIT 0,15   [ RunTime:0.0006s ]
SQL: SHOW COLUMNS FROM `think_blog_article_tag` [ RunTime:0.0077s ]
SQL: SHOW COLUMNS FROM `think_blog_article_tag` [ RunTime:0.0043s ]
ERR: 1064:You have an error in your SQL syntax; check the manual that corresponds to your MySQL server version for the right syntax to use near '.tid  WHERE `aid` = '14'' at line 1
 [ SQL语句 ] : SELECT * FROM `think_blog_article_tag` INNER JOIN think_blog_tagONthink_blog_articleTAG__.tid=think_blog_tag.tid  WHERE `aid` = '14' 
ERR: 1064:You have an error in your SQL syntax; check the manual that corresponds to your MySQL server version for the right syntax to use near '.tid  WHERE `aid` = '14'' at line 1
 [ SQL语句 ] : SELECT * FROM `think_blog_article_tag` INNER JOIN think_blog_tagONthink_blog_articleTAG__.tid=think_blog_tag.tid  WHERE `aid` = '14' 

[ 2016-09-08T09:23:21+08:00 ] ::1 /think_blog/index.php/Admin/Article/index.html
INFO: [ app_init ] --START--
INFO: Run Behavior\BuildLiteBehavior [ RunTime:0.000027s ]
INFO: [ app_init ] --END-- [ RunTime:0.000478s ]
INFO: [ app_begin ] --START--
INFO: Run Behavior\ReadHtmlCacheBehavior [ RunTime:0.000497s ]
INFO: [ app_begin ] --END-- [ RunTime:0.000622s ]
SQL: SHOW COLUMNS FROM `think_blog_article` [ RunTime:0.0106s ]
SQL: SELECT COUNT(*) AS tp_count FROM `think_blog_article` WHERE `is_delete` = 0 LIMIT 1   [ RunTime:0.0004s ]
SQL: SELECT * FROM `think_blog_article` WHERE `is_delete` = 0 ORDER BY addtime desc LIMIT 0,15   [ RunTime:0.0006s ]
SQL: SHOW COLUMNS FROM `think_blog_article_tag` [ RunTime:0.0063s ]
SQL: SHOW COLUMNS FROM `think_blog_article_tag` [ RunTime:0.0041s ]
ERR: 1064:You have an error in your SQL syntax; check the manual that corresponds to your MySQL server version for the right syntax to use near '.tid  WHERE `aid` = '14'' at line 1
 [ SQL语句 ] : SELECT * FROM `think_blog_article_tag` INNER JOIN think_blog_tagONthink_blog_articleTAG__.tid=think_blog_tag.tid  WHERE `aid` = '14' 
ERR: 1064:You have an error in your SQL syntax; check the manual that corresponds to your MySQL server version for the right syntax to use near '.tid  WHERE `aid` = '14'' at line 1
 [ SQL语句 ] : SELECT * FROM `think_blog_article_tag` INNER JOIN think_blog_tagONthink_blog_articleTAG__.tid=think_blog_tag.tid  WHERE `aid` = '14' 

[ 2016-09-08T09:23:21+08:00 ] ::1 /think_blog/index.php/Admin/Article/index.html
INFO: [ app_init ] --START--
INFO: Run Behavior\BuildLiteBehavior [ RunTime:0.000025s ]
INFO: [ app_init ] --END-- [ RunTime:0.000417s ]
INFO: [ app_begin ] --START--
INFO: Run Behavior\ReadHtmlCacheBehavior [ RunTime:0.000498s ]
INFO: [ app_begin ] --END-- [ RunTime:0.000621s ]
SQL: SHOW COLUMNS FROM `think_blog_article` [ RunTime:0.0079s ]
SQL: SELECT COUNT(*) AS tp_count FROM `think_blog_article` WHERE `is_delete` = 0 LIMIT 1   [ RunTime:0.0005s ]
SQL: SELECT * FROM `think_blog_article` WHERE `is_delete` = 0 ORDER BY addtime desc LIMIT 0,15   [ RunTime:0.0008s ]
SQL: SHOW COLUMNS FROM `think_blog_article_tag` [ RunTime:0.0045s ]
SQL: SHOW COLUMNS FROM `think_blog_article_tag` [ RunTime:0.0059s ]
ERR: 1064:You have an error in your SQL syntax; check the manual that corresponds to your MySQL server version for the right syntax to use near '.tid  WHERE `aid` = '14'' at line 1
 [ SQL语句 ] : SELECT * FROM `think_blog_article_tag` INNER JOIN think_blog_tagONthink_blog_articleTAG__.tid=think_blog_tag.tid  WHERE `aid` = '14' 
ERR: 1064:You have an error in your SQL syntax; check the manual that corresponds to your MySQL server version for the right syntax to use near '.tid  WHERE `aid` = '14'' at line 1
 [ SQL语句 ] : SELECT * FROM `think_blog_article_tag` INNER JOIN think_blog_tagONthink_blog_articleTAG__.tid=think_blog_tag.tid  WHERE `aid` = '14' 

[ 2016-09-08T09:23:32+08:00 ] ::1 /think_blog/index.php/Admin/Article/index.html
INFO: [ app_init ] --START--
INFO: Run Behavior\BuildLiteBehavior [ RunTime:0.000026s ]
INFO: [ app_init ] --END-- [ RunTime:0.000427s ]
INFO: [ app_begin ] --START--
INFO: Run Behavior\ReadHtmlCacheBehavior [ RunTime:0.000505s ]
INFO: [ app_begin ] --END-- [ RunTime:0.000632s ]
SQL: SHOW COLUMNS FROM `think_blog_article` [ RunTime:0.0111s ]
SQL: SELECT COUNT(*) AS tp_count FROM `think_blog_article` WHERE `is_delete` = 0 LIMIT 1   [ RunTime:0.0005s ]
SQL: SELECT * FROM `think_blog_article` WHERE `is_delete` = 0 ORDER BY addtime desc LIMIT 0,15   [ RunTime:0.0008s ]
SQL: SHOW COLUMNS FROM `think_blog_article_tag` [ RunTime:0.0083s ]
SQL: SHOW COLUMNS FROM `think_blog_article_tag` [ RunTime:0.0056s ]
ERR: 1064:You have an error in your SQL syntax; check the manual that corresponds to your MySQL server version for the right syntax to use near '.tid  WHERE `aid` = '14'' at line 1
 [ SQL语句 ] : SELECT * FROM `think_blog_article_tag` INNER JOIN think_blog_tagONthink_blog_articleTAG__.tid=think_blog_tag.tid  WHERE `aid` = '14' 
ERR: 1064:You have an error in your SQL syntax; check the manual that corresponds to your MySQL server version for the right syntax to use near '.tid  WHERE `aid` = '14'' at line 1
 [ SQL语句 ] : SELECT * FROM `think_blog_article_tag` INNER JOIN think_blog_tagONthink_blog_articleTAG__.tid=think_blog_tag.tid  WHERE `aid` = '14' 

[ 2016-09-08T09:23:42+08:00 ] ::1 /think_blog/index.php/Admin/Article/index.html
INFO: [ app_init ] --START--
INFO: Run Behavior\BuildLiteBehavior [ RunTime:0.000025s ]
INFO: [ app_init ] --END-- [ RunTime:0.000423s ]
INFO: [ app_begin ] --START--
INFO: Run Behavior\ReadHtmlCacheBehavior [ RunTime:0.000460s ]
INFO: [ app_begin ] --END-- [ RunTime:0.000575s ]
SQL: SHOW COLUMNS FROM `think_blog_article` [ RunTime:0.0108s ]

[ 2016-09-08T09:23:54+08:00 ] ::1 /think_blog/index.php/Admin/Article/index.html
INFO: [ app_init ] --START--
INFO: Run Behavior\BuildLiteBehavior [ RunTime:0.000024s ]
INFO: [ app_init ] --END-- [ RunTime:0.000407s ]
INFO: [ app_begin ] --START--
INFO: Run Behavior\ReadHtmlCacheBehavior [ RunTime:0.000423s ]
INFO: [ app_begin ] --END-- [ RunTime:0.000541s ]
SQL: SHOW COLUMNS FROM `think_blog_article` [ RunTime:0.0101s ]
SQL: SELECT COUNT(*) AS tp_count FROM `think_blog_article` WHERE `is_delete` = 0 LIMIT 1   [ RunTime:0.0003s ]
SQL: SELECT * FROM `think_blog_article` WHERE `is_delete` = 0 ORDER BY addtime desc LIMIT 0,15   [ RunTime:0.0005s ]
SQL: SHOW COLUMNS FROM `think_blog_article_tag` [ RunTime:0.0064s ]
SQL: SHOW COLUMNS FROM `think_blog_article_tag` [ RunTime:0.0056s ]
ERR: 1064:You have an error in your SQL syntax; check the manual that corresponds to your MySQL server version for the right syntax to use near '.tid  WHERE `aid` = '14'' at line 1
 [ SQL语句 ] : SELECT * FROM `think_blog_article_tag` INNER JOIN think_blog_tagONthink_blog_articleTAG__.tid=think_blog_tag.tid  WHERE `aid` = '14' 
ERR: 1064:You have an error in your SQL syntax; check the manual that corresponds to your MySQL server version for the right syntax to use near '.tid  WHERE `aid` = '14'' at line 1
 [ SQL语句 ] : SELECT * FROM `think_blog_article_tag` INNER JOIN think_blog_tagONthink_blog_articleTAG__.tid=think_blog_tag.tid  WHERE `aid` = '14' 

[ 2016-09-08T09:24:35+08:00 ] ::1 /think_blog/index.php/Admin/Article/index.html
INFO: [ app_init ] --START--
INFO: Run Behavior\BuildLiteBehavior [ RunTime:0.000024s ]
INFO: [ app_init ] --END-- [ RunTime:0.000424s ]
INFO: [ app_begin ] --START--
INFO: Run Behavior\ReadHtmlCacheBehavior [ RunTime:0.000432s ]
INFO: [ app_begin ] --END-- [ RunTime:0.000541s ]
SQL: SHOW COLUMNS FROM `think_blog_article` [ RunTime:0.0124s ]
SQL: SELECT COUNT(*) AS tp_count FROM `think_blog_article` WHERE `is_delete` = 0 LIMIT 1   [ RunTime:0.0003s ]
SQL: SELECT * FROM `think_blog_article` WHERE `is_delete` = 0 ORDER BY addtime desc LIMIT 0,15   [ RunTime:0.0005s ]
SQL: SHOW COLUMNS FROM `think_blog_article_tag` [ RunTime:0.0079s ]
SQL: SHOW COLUMNS FROM `think_blog_article_tag` [ RunTime:0.0059s ]
ERR: 1064:You have an error in your SQL syntax; check the manual that corresponds to your MySQL server version for the right syntax to use near '.tid  WHERE `aid` = '14'' at line 1
 [ SQL语句 ] : SELECT * FROM `think_blog_article_tag` INNER JOIN think_blog_tagONthink_blog_articleTAG__.tid=think_blog_tag.tid  WHERE `aid` = '14' 
ERR: 1064:You have an error in your SQL syntax; check the manual that corresponds to your MySQL server version for the right syntax to use near '.tid  WHERE `aid` = '14'' at line 1
 [ SQL语句 ] : SELECT * FROM `think_blog_article_tag` INNER JOIN think_blog_tagONthink_blog_articleTAG__.tid=think_blog_tag.tid  WHERE `aid` = '14' 

[ 2016-09-08T09:24:58+08:00 ] ::1 /think_blog/index.php/Admin/Article/index.html
INFO: [ app_init ] --START--
INFO: Run Behavior\BuildLiteBehavior [ RunTime:0.000042s ]
INFO: [ app_init ] --END-- [ RunTime:0.000796s ]
INFO: [ app_begin ] --START--
INFO: Run Behavior\ReadHtmlCacheBehavior [ RunTime:0.000953s ]
INFO: [ app_begin ] --END-- [ RunTime:0.001242s ]
SQL: SHOW COLUMNS FROM `think_blog_article` [ RunTime:0.0130s ]
SQL: SELECT COUNT(*) AS tp_count FROM `think_blog_article` WHERE `is_delete` = 0 LIMIT 1   [ RunTime:0.0005s ]
SQL: SELECT * FROM `think_blog_article` WHERE `is_delete` = 0 ORDER BY addtime desc LIMIT 0,15   [ RunTime:0.0007s ]
SQL: SHOW COLUMNS FROM `think_blog_article_tag` [ RunTime:0.0075s ]
SQL: SHOW COLUMNS FROM `think_blog_article_tag` [ RunTime:0.0055s ]
ERR: 1064:You have an error in your SQL syntax; check the manual that corresponds to your MySQL server version for the right syntax to use near '.tid  WHERE `aid` = '14'' at line 1
 [ SQL语句 ] : SELECT * FROM `think_blog_article_tag` INNER JOIN think_blog_tagONthink_blog_articleTAG__.tid=think_blog_tag.tid  WHERE `aid` = '14' 
ERR: 1064:You have an error in your SQL syntax; check the manual that corresponds to your MySQL server version for the right syntax to use near '.tid  WHERE `aid` = '14'' at line 1
 [ SQL语句 ] : SELECT * FROM `think_blog_article_tag` INNER JOIN think_blog_tagONthink_blog_articleTAG__.tid=think_blog_tag.tid  WHERE `aid` = '14' 

[ 2016-09-08T09:25:07+08:00 ] ::1 /think_blog/index.php/Admin/Article/index.html
INFO: [ app_init ] --START--
INFO: Run Behavior\BuildLiteBehavior [ RunTime:0.000026s ]
INFO: [ app_init ] --END-- [ RunTime:0.000422s ]
INFO: [ app_begin ] --START--
INFO: Run Behavior\ReadHtmlCacheBehavior [ RunTime:0.000517s ]
INFO: [ app_begin ] --END-- [ RunTime:0.000637s ]
SQL: SHOW COLUMNS FROM `think_blog_article` [ RunTime:0.0101s ]
SQL: SELECT COUNT(*) AS tp_count FROM `think_blog_article` WHERE `is_delete` = 0 LIMIT 1   [ RunTime:0.0004s ]
SQL: SELECT * FROM `think_blog_article` WHERE `is_delete` = 0 ORDER BY addtime desc LIMIT 0,15   [ RunTime:0.0006s ]

[ 2016-09-08T09:30:18+08:00 ] ::1 /think_blog/index.php/Admin/Article/index.html
INFO: [ app_init ] --START--
INFO: Run Behavior\BuildLiteBehavior [ RunTime:0.000027s ]
INFO: [ app_init ] --END-- [ RunTime:0.000565s ]
INFO: [ app_begin ] --START--
INFO: Run Behavior\ReadHtmlCacheBehavior [ RunTime:0.000747s ]
INFO: [ app_begin ] --END-- [ RunTime:0.000878s ]
SQL: SHOW COLUMNS FROM `think_blog_article` [ RunTime:0.0102s ]
NOTIC: [8] Undefined variable: data D:\wamp\www\think_blog\Application\Admin\Controller\ArticleController.class.php 第 17 行.
INFO: [ view_parse ] --START--
INFO: [ template_filter ] --START--
INFO: Run Behavior\ContentReplaceBehavior [ RunTime:0.000115s ]
INFO: [ template_filter ] --END-- [ RunTime:0.000278s ]
NOTIC: [8] Undefined variable: page D:\wamp\www\think_blog\Application\Runtime\Cache\Admin\d68c1effdec15e36d2122297104abebb.php 第 62 行.
INFO: Run Behavior\ParseTemplateBehavior [ RunTime:0.070395s ]
INFO: [ view_parse ] --END-- [ RunTime:0.070509s ]
INFO: [ view_filter ] --START--
INFO: Run Behavior\WriteHtmlCacheBehavior [ RunTime:0.000595s ]
INFO: [ view_filter ] --END-- [ RunTime:0.000690s ]
INFO: [ app_end ] --START--
INFO: Run Behavior\ShowPageTraceBehavior [ RunTime:0.000790s ]
INFO: [ app_end ] --END-- [ RunTime:0.000909s ]

[ 2016-09-08T09:32:05+08:00 ] ::1 /think_blog/index.php/Admin/Article/index.html
INFO: [ app_init ] --START--
INFO: Run Behavior\BuildLiteBehavior [ RunTime:0.000023s ]
INFO: [ app_init ] --END-- [ RunTime:0.000410s ]
INFO: [ app_begin ] --START--
INFO: Run Behavior\ReadHtmlCacheBehavior [ RunTime:0.000663s ]
INFO: [ app_begin ] --END-- [ RunTime:0.000769s ]
SQL: SHOW COLUMNS FROM `think_blog_article` [ RunTime:0.0093s ]
SQL: SELECT * FROM `think_blog_article` ORDER BY addtime desc  [ RunTime:0.0007s ]
INFO: [ view_parse ] --START--
INFO: [ template_filter ] --START--
INFO: Run Behavior\ContentReplaceBehavior [ RunTime:0.000106s ]
INFO: [ template_filter ] --END-- [ RunTime:0.000214s ]
NOTIC: [8] Undefined index: category D:\wamp\www\think_blog\Application\Runtime\Cache\Admin\d68c1effdec15e36d2122297104abebb.php 第 32 行.
NOTIC: [8] Undefined index: tag D:\wamp\www\think_blog\Application\Runtime\Cache\Admin\d68c1effdec15e36d2122297104abebb.php 第 36 行.
NOTIC: [8] Undefined index: is_original D:\wamp\www\think_blog\Application\Runtime\Cache\Admin\d68c1effdec15e36d2122297104abebb.php 第 39 行.
NOTIC: [8] Undefined index: category D:\wamp\www\think_blog\Application\Runtime\Cache\Admin\d68c1effdec15e36d2122297104abebb.php 第 32 行.
NOTIC: [8] Undefined index: tag D:\wamp\www\think_blog\Application\Runtime\Cache\Admin\d68c1effdec15e36d2122297104abebb.php 第 36 行.
NOTIC: [8] Undefined index: is_original D:\wamp\www\think_blog\Application\Runtime\Cache\Admin\d68c1effdec15e36d2122297104abebb.php 第 39 行.
NOTIC: [8] Undefined index: category D:\wamp\www\think_blog\Application\Runtime\Cache\Admin\d68c1effdec15e36d2122297104abebb.php 第 32 行.
NOTIC: [8] Undefined index: tag D:\wamp\www\think_blog\Application\Runtime\Cache\Admin\d68c1effdec15e36d2122297104abebb.php 第 36 行.
NOTIC: [8] Undefined index: is_original D:\wamp\www\think_blog\Application\Runtime\Cache\Admin\d68c1effdec15e36d2122297104abebb.php 第 39 行.
NOTIC: [8] Undefined index: category D:\wamp\www\think_blog\Application\Runtime\Cache\Admin\d68c1effdec15e36d2122297104abebb.php 第 32 行.
NOTIC: [8] Undefined index: tag D:\wamp\www\think_blog\Application\Runtime\Cache\Admin\d68c1effdec15e36d2122297104abebb.php 第 36 行.
NOTIC: [8] Undefined index: is_original D:\wamp\www\think_blog\Application\Runtime\Cache\Admin\d68c1effdec15e36d2122297104abebb.php 第 39 行.
NOTIC: [8] Undefined index: category D:\wamp\www\think_blog\Application\Runtime\Cache\Admin\d68c1effdec15e36d2122297104abebb.php 第 32 行.
NOTIC: [8] Undefined index: tag D:\wamp\www\think_blog\Application\Runtime\Cache\Admin\d68c1effdec15e36d2122297104abebb.php 第 36 行.
NOTIC: [8] Undefined index: is_original D:\wamp\www\think_blog\Application\Runtime\Cache\Admin\d68c1effdec15e36d2122297104abebb.php 第 39 行.
NOTIC: [8] Undefined index: category D:\wamp\www\think_blog\Application\Runtime\Cache\Admin\d68c1effdec15e36d2122297104abebb.php 第 32 行.
NOTIC: [8] Undefined index: tag D:\wamp\www\think_blog\Application\Runtime\Cache\Admin\d68c1effdec15e36d2122297104abebb.php 第 36 行.
NOTIC: [8] Undefined index: is_original D:\wamp\www\think_blog\Application\Runtime\Cache\Admin\d68c1effdec15e36d2122297104abebb.php 第 39 行.
NOTIC: [8] Undefined index: category D:\wamp\www\think_blog\Application\Runtime\Cache\Admin\d68c1effdec15e36d2122297104abebb.php 第 32 行.
NOTIC: [8] Undefined index: tag D:\wamp\www\think_blog\Application\Runtime\Cache\Admin\d68c1effdec15e36d2122297104abebb.php 第 36 行.
NOTIC: [8] Undefined index: is_original D:\wamp\www\think_blog\Application\Runtime\Cache\Admin\d68c1effdec15e36d2122297104abebb.php 第 39 行.
NOTIC: [8] Undefined index: category D:\wamp\www\think_blog\Application\Runtime\Cache\Admin\d68c1effdec15e36d2122297104abebb.php 第 32 行.
NOTIC: [8] Undefined index: tag D:\wamp\www\think_blog\Application\Runtime\Cache\Admin\d68c1effdec15e36d2122297104abebb.php 第 36 行.
NOTIC: [8] Undefined index: is_original D:\wamp\www\think_blog\Application\Runtime\Cache\Admin\d68c1effdec15e36d2122297104abebb.php 第 39 行.
NOTIC: [8] Undefined index: category D:\wamp\www\think_blog\Application\Runtime\Cache\Admin\d68c1effdec15e36d2122297104abebb.php 第 32 行.
NOTIC: [8] Undefined index: tag D:\wamp\www\think_blog\Application\Runtime\Cache\Admin\d68c1effdec15e36d2122297104abebb.php 第 36 行.
NOTIC: [8] Undefined index: is_original D:\wamp\www\think_blog\Application\Runtime\Cache\Admin\d68c1effdec15e36d2122297104abebb.php 第 39 行.
NOTIC: [8] Undefined index: category D:\wamp\www\think_blog\Application\Runtime\Cache\Admin\d68c1effdec15e36d2122297104abebb.php 第 32 行.
NOTIC: [8] Undefined index: tag D:\wamp\www\think_blog\Application\Runtime\Cache\Admin\d68c1effdec15e36d2122297104abebb.php 第 36 行.
NOTIC: [8] Undefined index: is_original D:\wamp\www\think_blog\Application\Runtime\Cache\Admin\d68c1effdec15e36d2122297104abebb.php 第 39 行.
NOTIC: [8] Undefined index: category D:\wamp\www\think_blog\Application\Runtime\Cache\Admin\d68c1effdec15e36d2122297104abebb.php 第 32 行.
NOTIC: [8] Undefined index: tag D:\wamp\www\think_blog\Application\Runtime\Cache\Admin\d68c1effdec15e36d2122297104abebb.php 第 36 行.
NOTIC: [8] Undefined index: is_original D:\wamp\www\think_blog\Application\Runtime\Cache\Admin\d68c1effdec15e36d2122297104abebb.php 第 39 行.
NOTIC: [8] Undefined index: category D:\wamp\www\think_blog\Application\Runtime\Cache\Admin\d68c1effdec15e36d2122297104abebb.php 第 32 行.
NOTIC: [8] Undefined index: tag D:\wamp\www\think_blog\Application\Runtime\Cache\Admin\d68c1effdec15e36d2122297104abebb.php 第 36 行.
NOTIC: [8] Undefined index: is_original D:\wamp\www\think_blog\Application\Runtime\Cache\Admin\d68c1effdec15e36d2122297104abebb.php 第 39 行.
NOTIC: [8] Undefined index: category D:\wamp\www\think_blog\Application\Runtime\Cache\Admin\d68c1effdec15e36d2122297104abebb.php 第 32 行.
NOTIC: [8] Undefined index: tag D:\wamp\www\think_blog\Application\Runtime\Cache\Admin\d68c1effdec15e36d2122297104abebb.php 第 36 行.
NOTIC: [8] Undefined index: is_original D:\wamp\www\think_blog\Application\Runtime\Cache\Admin\d68c1effdec15e36d2122297104abebb.php 第 39 行.
NOTIC: [8] Undefined index: category D:\wamp\www\think_blog\Application\Runtime\Cache\Admin\d68c1effdec15e36d2122297104abebb.php 第 32 行.
NOTIC: [8] Undefined index: tag D:\wamp\www\think_blog\Application\Runtime\Cache\Admin\d68c1effdec15e36d2122297104abebb.php 第 36 行.
NOTIC: [8] Undefined index: is_original D:\wamp\www\think_blog\Application\Runtime\Cache\Admin\d68c1effdec15e36d2122297104abebb.php 第 39 行.
NOTIC: [8] Undefined variable: page D:\wamp\www\think_blog\Application\Runtime\Cache\Admin\d68c1effdec15e36d2122297104abebb.php 第 62 行.
INFO: Run Behavior\ParseTemplateBehavior [ RunTime:0.019048s ]
INFO: [ view_parse ] --END-- [ RunTime:0.019159s ]
INFO: [ view_filter ] --START--
INFO: Run Behavior\WriteHtmlCacheBehavior [ RunTime:0.000787s ]
INFO: [ view_filter ] --END-- [ RunTime:0.000883s ]
INFO: [ app_end ] --START--
INFO: Run Behavior\ShowPageTraceBehavior [ RunTime:0.001312s ]
INFO: [ app_end ] --END-- [ RunTime:0.001511s ]

