[ 2016-09-19T11:37:28+08:00 ] ::1 /think_blog/index.php?m=admin
INFO: [ app_init ] --START--
INFO: Run Behavior\BuildLiteBehavior [ RunTime:0.000022s ]
INFO: [ app_init ] --END-- [ RunTime:0.000391s ]
INFO: [ app_begin ] --START--
INFO: Run Behavior\ReadHtmlCacheBehavior [ RunTime:0.000491s ]
INFO: [ app_begin ] --END-- [ RunTime:0.000615s ]
INFO: [ view_parse ] --START--
INFO: [ template_filter ] --START--
INFO: Run Behavior\ContentReplaceBehavior [ RunTime:0.013556s ]
INFO: [ template_filter ] --END-- [ RunTime:0.013913s ]
INFO: Run Behavior\ParseTemplateBehavior [ RunTime:0.207862s ]
INFO: [ view_parse ] --END-- [ RunTime:0.208122s ]
INFO: [ view_filter ] --START--
INFO: Run Behavior\WriteHtmlCacheBehavior [ RunTime:0.002717s ]
INFO: [ view_filter ] --END-- [ RunTime:0.002960s ]
INFO: [ app_end ] --START--
INFO: Run Behavior\ShowPageTraceBehavior [ RunTime:0.001846s ]
INFO: [ app_end ] --END-- [ RunTime:0.002154s ]

[ 2016-09-19T11:37:29+08:00 ] ::1 /think_blog/index.php/Admin/Index/welcome.html
INFO: [ app_init ] --START--
INFO: Run Behavior\BuildLiteBehavior [ RunTime:0.000027s ]
INFO: [ app_init ] --END-- [ RunTime:0.000492s ]
INFO: [ app_begin ] --START--
INFO: Run Behavior\ReadHtmlCacheBehavior [ RunTime:0.000708s ]
INFO: [ app_begin ] --END-- [ RunTime:0.000870s ]
SQL: SHOW COLUMNS FROM `think_blog_article` [ RunTime:0.0043s ]
SQL: SELECT COUNT(*) AS tp_count FROM `think_blog_article` LIMIT 1   [ RunTime:0.0003s ]
SQL: SELECT COUNT(*) AS tp_count FROM `think_blog_article` WHERE `is_delete` = 1 LIMIT 1   [ RunTime:0.0004s ]
SQL: SELECT COUNT(*) AS tp_count FROM `think_blog_article` WHERE `is_show` = 0 LIMIT 1   [ RunTime:0.0003s ]
SQL: SHOW COLUMNS FROM `think_blog_chat` [ RunTime:0.1312s ]
SQL: SELECT COUNT(*) AS tp_count FROM `think_blog_chat` LIMIT 1   [ RunTime:0.0003s ]
SQL: SELECT COUNT(*) AS tp_count FROM `think_blog_chat` WHERE `is_delete` = 1 LIMIT 1   [ RunTime:0.0005s ]
SQL: SELECT COUNT(*) AS tp_count FROM `think_blog_chat` WHERE `is_show` = 0 LIMIT 1   [ RunTime:0.0003s ]
SQL: SHOW COLUMNS FROM `think_blog_comment` [ RunTime:0.0368s ]
SQL: SELECT COUNT(*) AS tp_count FROM `think_blog_comment` LIMIT 1   [ RunTime:0.0005s ]
INFO: [ view_parse ] --START--
INFO: [ template_filter ] --START--
INFO: Run Behavior\ContentReplaceBehavior [ RunTime:0.038867s ]
INFO: [ template_filter ] --END-- [ RunTime:0.039028s ]
INFO: Run Behavior\ParseTemplateBehavior [ RunTime:0.057727s ]
INFO: [ view_parse ] --END-- [ RunTime:0.058081s ]
INFO: [ view_filter ] --START--
INFO: Run Behavior\WriteHtmlCacheBehavior [ RunTime:0.000863s ]
INFO: [ view_filter ] --END-- [ RunTime:0.001039s ]
INFO: [ app_end ] --START--
INFO: Run Behavior\ShowPageTraceBehavior [ RunTime:0.001145s ]
INFO: [ app_end ] --END-- [ RunTime:0.001328s ]

[ 2016-09-19T11:37:33+08:00 ] ::1 /think_blog/index.php/Admin/Category/add.html
INFO: [ app_init ] --START--
INFO: Run Behavior\BuildLiteBehavior [ RunTime:0.000023s ]
INFO: [ app_init ] --END-- [ RunTime:0.000395s ]
INFO: [ app_begin ] --START--
INFO: Run Behavior\ReadHtmlCacheBehavior [ RunTime:0.000395s ]
INFO: [ app_begin ] --END-- [ RunTime:0.000527s ]
SQL: SHOW COLUMNS FROM `think_blog_category` [ RunTime:0.0037s ]
SQL: SELECT * FROM `think_blog_category` ORDER BY csort  [ RunTime:0.0006s ]
INFO: [ view_parse ] --START--
INFO: [ template_filter ] --START--
INFO: Run Behavior\ContentReplaceBehavior [ RunTime:0.000103s ]
INFO: [ template_filter ] --END-- [ RunTime:0.000215s ]
NOTIC: [8] Undefined variable: cid D:\wamp\www\think_blog\Application\Runtime\Cache\Admin\8a25fd7a872c6677dccd5d28490b6ff3.php 第 25 行.
NOTIC: [8] Undefined variable: cid D:\wamp\www\think_blog\Application\Runtime\Cache\Admin\8a25fd7a872c6677dccd5d28490b6ff3.php 第 25 行.
NOTIC: [8] Undefined variable: cid D:\wamp\www\think_blog\Application\Runtime\Cache\Admin\8a25fd7a872c6677dccd5d28490b6ff3.php 第 25 行.
NOTIC: [8] Undefined variable: cid D:\wamp\www\think_blog\Application\Runtime\Cache\Admin\8a25fd7a872c6677dccd5d28490b6ff3.php 第 25 行.
NOTIC: [8] Undefined variable: cid D:\wamp\www\think_blog\Application\Runtime\Cache\Admin\8a25fd7a872c6677dccd5d28490b6ff3.php 第 25 行.
NOTIC: [8] Undefined variable: cid D:\wamp\www\think_blog\Application\Runtime\Cache\Admin\8a25fd7a872c6677dccd5d28490b6ff3.php 第 25 行.
NOTIC: [8] Undefined variable: cid D:\wamp\www\think_blog\Application\Runtime\Cache\Admin\8a25fd7a872c6677dccd5d28490b6ff3.php 第 25 行.
NOTIC: [8] Undefined variable: cid D:\wamp\www\think_blog\Application\Runtime\Cache\Admin\8a25fd7a872c6677dccd5d28490b6ff3.php 第 25 行.
NOTIC: [8] Undefined variable: cid D:\wamp\www\think_blog\Application\Runtime\Cache\Admin\8a25fd7a872c6677dccd5d28490b6ff3.php 第 25 行.
NOTIC: [8] Undefined variable: cid D:\wamp\www\think_blog\Application\Runtime\Cache\Admin\8a25fd7a872c6677dccd5d28490b6ff3.php 第 25 行.
INFO: Run Behavior\ParseTemplateBehavior [ RunTime:0.011692s ]
INFO: [ view_parse ] --END-- [ RunTime:0.011839s ]
INFO: [ view_filter ] --START--
INFO: Run Behavior\WriteHtmlCacheBehavior [ RunTime:0.000590s ]
INFO: [ view_filter ] --END-- [ RunTime:0.000684s ]
INFO: [ app_end ] --START--
INFO: Run Behavior\ShowPageTraceBehavior [ RunTime:0.000692s ]
INFO: [ app_end ] --END-- [ RunTime:0.000787s ]

[ 2016-09-19T11:37:34+08:00 ] ::1 /think_blog/index.php/Admin/Tag/index.html
INFO: [ app_init ] --START--
INFO: Run Behavior\BuildLiteBehavior [ RunTime:0.000037s ]
INFO: [ app_init ] --END-- [ RunTime:0.000638s ]
INFO: [ app_begin ] --START--
INFO: Run Behavior\ReadHtmlCacheBehavior [ RunTime:0.001054s ]
INFO: [ app_begin ] --END-- [ RunTime:0.001324s ]
SQL: SHOW COLUMNS FROM `think_blog_tag` [ RunTime:0.0030s ]
SQL: SELECT * FROM `think_blog_tag`  [ RunTime:0.0003s ]
SQL: SHOW COLUMNS FROM `think_blog_article_tag` [ RunTime:0.0035s ]
SQL: SELECT COUNT(*) AS tp_count FROM `think_blog_article_tag` WHERE `tag_tid` = 1 LIMIT 1   [ RunTime:0.0004s ]
SQL: SELECT COUNT(*) AS tp_count FROM `think_blog_article_tag` WHERE `tag_tid` = 2 LIMIT 1   [ RunTime:0.0003s ]
SQL: SELECT COUNT(*) AS tp_count FROM `think_blog_article_tag` WHERE `tag_tid` = 3 LIMIT 1   [ RunTime:0.0002s ]
SQL: SELECT COUNT(*) AS tp_count FROM `think_blog_article_tag` WHERE `tag_tid` = 4 LIMIT 1   [ RunTime:0.0002s ]
SQL: SELECT COUNT(*) AS tp_count FROM `think_blog_article_tag` WHERE `tag_tid` = 5 LIMIT 1   [ RunTime:0.0002s ]
SQL: SELECT COUNT(*) AS tp_count FROM `think_blog_article_tag` WHERE `tag_tid` = 6 LIMIT 1   [ RunTime:0.0002s ]
SQL: SELECT COUNT(*) AS tp_count FROM `think_blog_article_tag` WHERE `tag_tid` = 7 LIMIT 1   [ RunTime:0.0002s ]
SQL: SELECT COUNT(*) AS tp_count FROM `think_blog_article_tag` WHERE `tag_tid` = 8 LIMIT 1   [ RunTime:0.0002s ]
SQL: SELECT COUNT(*) AS tp_count FROM `think_blog_article_tag` WHERE `tag_tid` = 9 LIMIT 1   [ RunTime:0.0002s ]
SQL: SELECT COUNT(*) AS tp_count FROM `think_blog_article_tag` WHERE `tag_tid` = 10 LIMIT 1   [ RunTime:0.0002s ]
SQL: SELECT COUNT(*) AS tp_count FROM `think_blog_article_tag` WHERE `tag_tid` = 11 LIMIT 1   [ RunTime:0.0002s ]
SQL: SELECT COUNT(*) AS tp_count FROM `think_blog_article_tag` WHERE `tag_tid` = 12 LIMIT 1   [ RunTime:0.0002s ]
INFO: [ view_parse ] --START--
INFO: [ template_filter ] --START--
INFO: Run Behavior\ContentReplaceBehavior [ RunTime:0.000104s ]
INFO: [ template_filter ] --END-- [ RunTime:0.000218s ]
INFO: Run Behavior\ParseTemplateBehavior [ RunTime:0.012174s ]
INFO: [ view_parse ] --END-- [ RunTime:0.012284s ]
INFO: [ view_filter ] --START--
INFO: Run Behavior\WriteHtmlCacheBehavior [ RunTime:0.000523s ]
INFO: [ view_filter ] --END-- [ RunTime:0.000664s ]
INFO: [ app_end ] --START--
INFO: Run Behavior\ShowPageTraceBehavior [ RunTime:0.001058s ]
INFO: [ app_end ] --END-- [ RunTime:0.001345s ]

[ 2016-09-19T11:37:36+08:00 ] ::1 /think_blog/index.php/Admin/Tag/add.html
INFO: [ app_init ] --START--
INFO: Run Behavior\BuildLiteBehavior [ RunTime:0.000030s ]
INFO: [ app_init ] --END-- [ RunTime:0.000504s ]
INFO: [ app_begin ] --START--
INFO: Run Behavior\ReadHtmlCacheBehavior [ RunTime:0.000582s ]
INFO: [ app_begin ] --END-- [ RunTime:0.000725s ]
SQL: SHOW COLUMNS FROM `think_blog_tag` [ RunTime:0.0034s ]
INFO: [ view_parse ] --START--
INFO: [ template_filter ] --START--
INFO: Run Behavior\ContentReplaceBehavior [ RunTime:0.000142s ]
INFO: [ template_filter ] --END-- [ RunTime:0.000328s ]
INFO: Run Behavior\ParseTemplateBehavior [ RunTime:0.010649s ]
INFO: [ view_parse ] --END-- [ RunTime:0.010789s ]
INFO: [ view_filter ] --START--
INFO: Run Behavior\WriteHtmlCacheBehavior [ RunTime:0.000613s ]
INFO: [ view_filter ] --END-- [ RunTime:0.000717s ]
INFO: [ app_end ] --START--
INFO: Run Behavior\ShowPageTraceBehavior [ RunTime:0.000732s ]
INFO: [ app_end ] --END-- [ RunTime:0.000831s ]

[ 2016-09-19T11:37:38+08:00 ] ::1 /think_blog/index.php/Admin/Article/index.html
INFO: [ app_init ] --START--
INFO: Run Behavior\BuildLiteBehavior [ RunTime:0.000069s ]
INFO: [ app_init ] --END-- [ RunTime:0.001161s ]
INFO: [ app_begin ] --START--
INFO: Run Behavior\ReadHtmlCacheBehavior [ RunTime:0.000641s ]
INFO: [ app_begin ] --END-- [ RunTime:0.000817s ]
SQL: SHOW COLUMNS FROM `think_blog_article` [ RunTime:0.0040s ]
SQL: SELECT * FROM `think_blog_article` INNER JOIN think_blog_category ON category_cid=cid   ORDER BY addtime desc  [ RunTime:0.0009s ]
SQL: SHOW COLUMNS FROM `think_blog_tag` [ RunTime:0.0025s ]
SQL: SELECT * FROM `think_blog_tag` INNER JOIN think_blog_article_tag at ON tid=tag_tid   [ RunTime:0.0006s ]
INFO: [ view_parse ] --START--
INFO: [ template_filter ] --START--
INFO: Run Behavior\ContentReplaceBehavior [ RunTime:0.000119s ]
INFO: [ template_filter ] --END-- [ RunTime:0.000241s ]
NOTIC: [8] Undefined index: is_original D:\wamp\www\think_blog\Application\Runtime\Cache\Admin\d68c1effdec15e36d2122297104abebb.php 第 39 行.
NOTIC: [8] Undefined index: is_original D:\wamp\www\think_blog\Application\Runtime\Cache\Admin\d68c1effdec15e36d2122297104abebb.php 第 39 行.
NOTIC: [8] Undefined index: is_original D:\wamp\www\think_blog\Application\Runtime\Cache\Admin\d68c1effdec15e36d2122297104abebb.php 第 39 行.
NOTIC: [8] Undefined index: is_original D:\wamp\www\think_blog\Application\Runtime\Cache\Admin\d68c1effdec15e36d2122297104abebb.php 第 39 行.
NOTIC: [8] Undefined index: is_original D:\wamp\www\think_blog\Application\Runtime\Cache\Admin\d68c1effdec15e36d2122297104abebb.php 第 39 行.
NOTIC: [8] Undefined index: is_original D:\wamp\www\think_blog\Application\Runtime\Cache\Admin\d68c1effdec15e36d2122297104abebb.php 第 39 行.
NOTIC: [8] Undefined index: is_original D:\wamp\www\think_blog\Application\Runtime\Cache\Admin\d68c1effdec15e36d2122297104abebb.php 第 39 行.
NOTIC: [8] Undefined index: is_original D:\wamp\www\think_blog\Application\Runtime\Cache\Admin\d68c1effdec15e36d2122297104abebb.php 第 39 行.
NOTIC: [8] Undefined index: is_original D:\wamp\www\think_blog\Application\Runtime\Cache\Admin\d68c1effdec15e36d2122297104abebb.php 第 39 行.
NOTIC: [8] Undefined index: is_original D:\wamp\www\think_blog\Application\Runtime\Cache\Admin\d68c1effdec15e36d2122297104abebb.php 第 39 行.
NOTIC: [8] Undefined index: is_original D:\wamp\www\think_blog\Application\Runtime\Cache\Admin\d68c1effdec15e36d2122297104abebb.php 第 39 行.
NOTIC: [8] Undefined index: tags D:\wamp\www\think_blog\Application\Runtime\Cache\Admin\d68c1effdec15e36d2122297104abebb.php 第 36 行.
NOTIC: [8] Undefined index: is_original D:\wamp\www\think_blog\Application\Runtime\Cache\Admin\d68c1effdec15e36d2122297104abebb.php 第 39 行.
NOTIC: [8] Undefined variable: page D:\wamp\www\think_blog\Application\Runtime\Cache\Admin\d68c1effdec15e36d2122297104abebb.php 第 62 行.
INFO: Run Behavior\ParseTemplateBehavior [ RunTime:0.020846s ]
INFO: [ view_parse ] --END-- [ RunTime:0.021034s ]
INFO: [ view_filter ] --START--
INFO: Run Behavior\WriteHtmlCacheBehavior [ RunTime:0.000876s ]
INFO: [ view_filter ] --END-- [ RunTime:0.001048s ]
INFO: [ app_end ] --START--
INFO: Run Behavior\ShowPageTraceBehavior [ RunTime:0.001101s ]
INFO: [ app_end ] --END-- [ RunTime:0.001258s ]

[ 2016-09-19T11:37:43+08:00 ] ::1 /think_blog/index.php/Admin/Category/index.html
INFO: [ app_init ] --START--
INFO: Run Behavior\BuildLiteBehavior [ RunTime:0.000025s ]
INFO: [ app_init ] --END-- [ RunTime:0.000604s ]
INFO: [ app_begin ] --START--
INFO: Run Behavior\ReadHtmlCacheBehavior [ RunTime:0.000417s ]
INFO: [ app_begin ] --END-- [ RunTime:0.000522s ]
SQL: SHOW COLUMNS FROM `think_blog_category` [ RunTime:0.0031s ]
SQL: SELECT * FROM `think_blog_category` ORDER BY csort  [ RunTime:0.0004s ]
INFO: [ view_parse ] --START--
INFO: [ template_filter ] --START--
INFO: Run Behavior\ContentReplaceBehavior [ RunTime:0.000121s ]
INFO: [ template_filter ] --END-- [ RunTime:0.000247s ]
INFO: Run Behavior\ParseTemplateBehavior [ RunTime:0.014305s ]
INFO: [ view_parse ] --END-- [ RunTime:0.014442s ]
INFO: [ view_filter ] --START--
INFO: Run Behavior\WriteHtmlCacheBehavior [ RunTime:0.000570s ]
INFO: [ view_filter ] --END-- [ RunTime:0.000667s ]
INFO: [ app_end ] --START--
INFO: Run Behavior\ShowPageTraceBehavior [ RunTime:0.000916s ]
INFO: [ app_end ] --END-- [ RunTime:0.001034s ]

[ 2016-09-19T11:37:46+08:00 ] ::1 /think_blog/index.php/Admin/Category/add.html
INFO: [ app_init ] --START--
INFO: Run Behavior\BuildLiteBehavior [ RunTime:0.000051s ]
INFO: [ app_init ] --END-- [ RunTime:0.000784s ]
INFO: [ app_begin ] --START--
INFO: Run Behavior\ReadHtmlCacheBehavior [ RunTime:0.000997s ]
INFO: [ app_begin ] --END-- [ RunTime:0.001222s ]
SQL: SHOW COLUMNS FROM `think_blog_category` [ RunTime:0.0030s ]
SQL: SELECT * FROM `think_blog_category` ORDER BY csort  [ RunTime:0.0004s ]
INFO: [ view_parse ] --START--
INFO: [ template_filter ] --START--
INFO: Run Behavior\ContentReplaceBehavior [ RunTime:0.000120s ]
INFO: [ template_filter ] --END-- [ RunTime:0.000268s ]
NOTIC: [8] Undefined variable: cid D:\wamp\www\think_blog\Application\Runtime\Cache\Admin\8a25fd7a872c6677dccd5d28490b6ff3.php 第 25 行.
NOTIC: [8] Undefined variable: cid D:\wamp\www\think_blog\Application\Runtime\Cache\Admin\8a25fd7a872c6677dccd5d28490b6ff3.php 第 25 行.
NOTIC: [8] Undefined variable: cid D:\wamp\www\think_blog\Application\Runtime\Cache\Admin\8a25fd7a872c6677dccd5d28490b6ff3.php 第 25 行.
NOTIC: [8] Undefined variable: cid D:\wamp\www\think_blog\Application\Runtime\Cache\Admin\8a25fd7a872c6677dccd5d28490b6ff3.php 第 25 行.
NOTIC: [8] Undefined variable: cid D:\wamp\www\think_blog\Application\Runtime\Cache\Admin\8a25fd7a872c6677dccd5d28490b6ff3.php 第 25 行.
NOTIC: [8] Undefined variable: cid D:\wamp\www\think_blog\Application\Runtime\Cache\Admin\8a25fd7a872c6677dccd5d28490b6ff3.php 第 25 行.
NOTIC: [8] Undefined variable: cid D:\wamp\www\think_blog\Application\Runtime\Cache\Admin\8a25fd7a872c6677dccd5d28490b6ff3.php 第 25 行.
NOTIC: [8] Undefined variable: cid D:\wamp\www\think_blog\Application\Runtime\Cache\Admin\8a25fd7a872c6677dccd5d28490b6ff3.php 第 25 行.
NOTIC: [8] Undefined variable: cid D:\wamp\www\think_blog\Application\Runtime\Cache\Admin\8a25fd7a872c6677dccd5d28490b6ff3.php 第 25 行.
NOTIC: [8] Undefined variable: cid D:\wamp\www\think_blog\Application\Runtime\Cache\Admin\8a25fd7a872c6677dccd5d28490b6ff3.php 第 25 行.
INFO: Run Behavior\ParseTemplateBehavior [ RunTime:0.010563s ]
INFO: [ view_parse ] --END-- [ RunTime:0.010719s ]
INFO: [ view_filter ] --START--
INFO: Run Behavior\WriteHtmlCacheBehavior [ RunTime:0.000628s ]
INFO: [ view_filter ] --END-- [ RunTime:0.000725s ]
INFO: [ app_end ] --START--
INFO: Run Behavior\ShowPageTraceBehavior [ RunTime:0.000746s ]
INFO: [ app_end ] --END-- [ RunTime:0.000841s ]

[ 2016-09-19T11:37:49+08:00 ] ::1 /think_blog/index.php/Admin/Comment/index.html
INFO: [ app_init ] --START--
INFO: Run Behavior\BuildLiteBehavior [ RunTime:0.000032s ]
INFO: [ app_init ] --END-- [ RunTime:0.000634s ]
INFO: [ app_begin ] --START--
INFO: Run Behavior\ReadHtmlCacheBehavior [ RunTime:0.000473s ]
INFO: [ app_begin ] --END-- [ RunTime:0.000586s ]
ERR: 无法加载控制器:Comment

[ 2016-09-19T11:37:50+08:00 ] ::1 /think_blog/index.php/Admin/Article/add.html
INFO: [ app_init ] --START--
INFO: Run Behavior\BuildLiteBehavior [ RunTime:0.000033s ]
INFO: [ app_init ] --END-- [ RunTime:0.000546s ]
INFO: [ app_begin ] --START--
INFO: Run Behavior\ReadHtmlCacheBehavior [ RunTime:0.000593s ]
INFO: [ app_begin ] --END-- [ RunTime:0.000742s ]
SQL: SHOW COLUMNS FROM `think_blog_article` [ RunTime:0.0031s ]
SQL: SHOW COLUMNS FROM `think_blog_category` [ RunTime:0.0030s ]
SQL: SELECT * FROM `think_blog_category` ORDER BY csort  [ RunTime:0.0004s ]
SQL: SHOW COLUMNS FROM `think_blog_tag` [ RunTime:0.0031s ]
SQL: SELECT * FROM `think_blog_tag`  [ RunTime:0.0003s ]
SQL: SHOW COLUMNS FROM `think_blog_article_tag` [ RunTime:0.0024s ]
SQL: SELECT COUNT(*) AS tp_count FROM `think_blog_article_tag` WHERE `tag_tid` = 1 LIMIT 1   [ RunTime:0.0003s ]
SQL: SELECT COUNT(*) AS tp_count FROM `think_blog_article_tag` WHERE `tag_tid` = 2 LIMIT 1   [ RunTime:0.0002s ]
SQL: SELECT COUNT(*) AS tp_count FROM `think_blog_article_tag` WHERE `tag_tid` = 3 LIMIT 1   [ RunTime:0.0002s ]
SQL: SELECT COUNT(*) AS tp_count FROM `think_blog_article_tag` WHERE `tag_tid` = 4 LIMIT 1   [ RunTime:0.0002s ]
SQL: SELECT COUNT(*) AS tp_count FROM `think_blog_article_tag` WHERE `tag_tid` = 5 LIMIT 1   [ RunTime:0.0002s ]
SQL: SELECT COUNT(*) AS tp_count FROM `think_blog_article_tag` WHERE `tag_tid` = 6 LIMIT 1   [ RunTime:0.0002s ]
SQL: SELECT COUNT(*) AS tp_count FROM `think_blog_article_tag` WHERE `tag_tid` = 7 LIMIT 1   [ RunTime:0.0002s ]
SQL: SELECT COUNT(*) AS tp_count FROM `think_blog_article_tag` WHERE `tag_tid` = 8 LIMIT 1   [ RunTime:0.0002s ]
SQL: SELECT COUNT(*) AS tp_count FROM `think_blog_article_tag` WHERE `tag_tid` = 9 LIMIT 1   [ RunTime:0.0002s ]
SQL: SELECT COUNT(*) AS tp_count FROM `think_blog_article_tag` WHERE `tag_tid` = 10 LIMIT 1   [ RunTime:0.0002s ]
SQL: SELECT COUNT(*) AS tp_count FROM `think_blog_article_tag` WHERE `tag_tid` = 11 LIMIT 1   [ RunTime:0.0002s ]
SQL: SELECT COUNT(*) AS tp_count FROM `think_blog_article_tag` WHERE `tag_tid` = 12 LIMIT 1   [ RunTime:0.0002s ]
INFO: [ view_parse ] --START--
INFO: [ template_filter ] --START--
INFO: Run Behavior\ContentReplaceBehavior [ RunTime:0.000148s ]
INFO: [ template_filter ] --END-- [ RunTime:0.000270s ]
INFO: Run Behavior\ParseTemplateBehavior [ RunTime:0.011707s ]
INFO: [ view_parse ] --END-- [ RunTime:0.011817s ]
INFO: [ view_filter ] --START--
INFO: Run Behavior\WriteHtmlCacheBehavior [ RunTime:0.000511s ]
INFO: [ view_filter ] --END-- [ RunTime:0.000602s ]
INFO: [ app_end ] --START--
INFO: Run Behavior\ShowPageTraceBehavior [ RunTime:0.000660s ]
INFO: [ app_end ] --END-- [ RunTime:0.000759s ]

[ 2016-09-19T11:37:52+08:00 ] ::1 /think_blog/index.php/Admin/Recycle/article.html
INFO: [ app_init ] --START--
INFO: Run Behavior\BuildLiteBehavior [ RunTime:0.000054s ]
INFO: [ app_init ] --END-- [ RunTime:0.001685s ]
INFO: [ app_begin ] --START--
INFO: Run Behavior\ReadHtmlCacheBehavior [ RunTime:0.000786s ]
INFO: [ app_begin ] --END-- [ RunTime:0.000987s ]
ERR: 无法加载控制器:Recycle

[ 2016-09-19T11:37:53+08:00 ] ::1 /think_blog/index.php/Admin/Article/add.html
INFO: [ app_init ] --START--
INFO: Run Behavior\BuildLiteBehavior [ RunTime:0.000042s ]
INFO: [ app_init ] --END-- [ RunTime:0.000708s ]
INFO: [ app_begin ] --START--
INFO: Run Behavior\ReadHtmlCacheBehavior [ RunTime:0.000933s ]
INFO: [ app_begin ] --END-- [ RunTime:0.001224s ]
SQL: SHOW COLUMNS FROM `think_blog_article` [ RunTime:0.0055s ]
SQL: SHOW COLUMNS FROM `think_blog_category` [ RunTime:0.0032s ]
SQL: SELECT * FROM `think_blog_category` ORDER BY csort  [ RunTime:0.0006s ]
SQL: SHOW COLUMNS FROM `think_blog_tag` [ RunTime:0.0029s ]
SQL: SELECT * FROM `think_blog_tag`  [ RunTime:0.0003s ]
SQL: SHOW COLUMNS FROM `think_blog_article_tag` [ RunTime:0.0043s ]
SQL: SELECT COUNT(*) AS tp_count FROM `think_blog_article_tag` WHERE `tag_tid` = 1 LIMIT 1   [ RunTime:0.0004s ]
SQL: SELECT COUNT(*) AS tp_count FROM `think_blog_article_tag` WHERE `tag_tid` = 2 LIMIT 1   [ RunTime:0.0003s ]
SQL: SELECT COUNT(*) AS tp_count FROM `think_blog_article_tag` WHERE `tag_tid` = 3 LIMIT 1   [ RunTime:0.0003s ]
SQL: SELECT COUNT(*) AS tp_count FROM `think_blog_article_tag` WHERE `tag_tid` = 4 LIMIT 1   [ RunTime:0.0002s ]
SQL: SELECT COUNT(*) AS tp_count FROM `think_blog_article_tag` WHERE `tag_tid` = 5 LIMIT 1   [ RunTime:0.0002s ]
SQL: SELECT COUNT(*) AS tp_count FROM `think_blog_article_tag` WHERE `tag_tid` = 6 LIMIT 1   [ RunTime:0.0004s ]
SQL: SELECT COUNT(*) AS tp_count FROM `think_blog_article_tag` WHERE `tag_tid` = 7 LIMIT 1   [ RunTime:0.0003s ]
SQL: SELECT COUNT(*) AS tp_count FROM `think_blog_article_tag` WHERE `tag_tid` = 8 LIMIT 1   [ RunTime:0.0002s ]
SQL: SELECT COUNT(*) AS tp_count FROM `think_blog_article_tag` WHERE `tag_tid` = 9 LIMIT 1   [ RunTime:0.0002s ]
SQL: SELECT COUNT(*) AS tp_count FROM `think_blog_article_tag` WHERE `tag_tid` = 10 LIMIT 1   [ RunTime:0.0002s ]
SQL: SELECT COUNT(*) AS tp_count FROM `think_blog_article_tag` WHERE `tag_tid` = 11 LIMIT 1   [ RunTime:0.0002s ]
SQL: SELECT COUNT(*) AS tp_count FROM `think_blog_article_tag` WHERE `tag_tid` = 12 LIMIT 1   [ RunTime:0.0002s ]
INFO: [ view_parse ] --START--
INFO: [ template_filter ] --START--
INFO: Run Behavior\ContentReplaceBehavior [ RunTime:0.000131s ]
INFO: [ template_filter ] --END-- [ RunTime:0.000241s ]
INFO: Run Behavior\ParseTemplateBehavior [ RunTime:0.011555s ]
INFO: [ view_parse ] --END-- [ RunTime:0.011686s ]
INFO: [ view_filter ] --START--
INFO: Run Behavior\WriteHtmlCacheBehavior [ RunTime:0.000968s ]
INFO: [ view_filter ] --END-- [ RunTime:0.001100s ]
INFO: [ app_end ] --START--
INFO: Run Behavior\ShowPageTraceBehavior [ RunTime:0.000736s ]
INFO: [ app_end ] --END-- [ RunTime:0.000848s ]

[ 2016-09-19T11:37:54+08:00 ] ::1 /think_blog/index.php/Admin/Tag/index.html
INFO: [ app_init ] --START--
INFO: Run Behavior\BuildLiteBehavior [ RunTime:0.000040s ]
INFO: [ app_init ] --END-- [ RunTime:0.000650s ]
INFO: [ app_begin ] --START--
INFO: Run Behavior\ReadHtmlCacheBehavior [ RunTime:0.000824s ]
INFO: [ app_begin ] --END-- [ RunTime:0.001037s ]
SQL: SHOW COLUMNS FROM `think_blog_tag` [ RunTime:0.0039s ]
SQL: SELECT * FROM `think_blog_tag`  [ RunTime:0.0005s ]
SQL: SHOW COLUMNS FROM `think_blog_article_tag` [ RunTime:0.0051s ]
SQL: SELECT COUNT(*) AS tp_count FROM `think_blog_article_tag` WHERE `tag_tid` = 1 LIMIT 1   [ RunTime:0.0005s ]
SQL: SELECT COUNT(*) AS tp_count FROM `think_blog_article_tag` WHERE `tag_tid` = 2 LIMIT 1   [ RunTime:0.0004s ]
SQL: SELECT COUNT(*) AS tp_count FROM `think_blog_article_tag` WHERE `tag_tid` = 3 LIMIT 1   [ RunTime:0.0004s ]
SQL: SELECT COUNT(*) AS tp_count FROM `think_blog_article_tag` WHERE `tag_tid` = 4 LIMIT 1   [ RunTime:0.0004s ]
SQL: SELECT COUNT(*) AS tp_count FROM `think_blog_article_tag` WHERE `tag_tid` = 5 LIMIT 1   [ RunTime:0.0003s ]
SQL: SELECT COUNT(*) AS tp_count FROM `think_blog_article_tag` WHERE `tag_tid` = 6 LIMIT 1   [ RunTime:0.0003s ]
SQL: SELECT COUNT(*) AS tp_count FROM `think_blog_article_tag` WHERE `tag_tid` = 7 LIMIT 1   [ RunTime:0.0003s ]
SQL: SELECT COUNT(*) AS tp_count FROM `think_blog_article_tag` WHERE `tag_tid` = 8 LIMIT 1   [ RunTime:0.0003s ]
SQL: SELECT COUNT(*) AS tp_count FROM `think_blog_article_tag` WHERE `tag_tid` = 9 LIMIT 1   [ RunTime:0.0003s ]
SQL: SELECT COUNT(*) AS tp_count FROM `think_blog_article_tag` WHERE `tag_tid` = 10 LIMIT 1   [ RunTime:0.0003s ]
SQL: SELECT COUNT(*) AS tp_count FROM `think_blog_article_tag` WHERE `tag_tid` = 11 LIMIT 1   [ RunTime:0.0003s ]
SQL: SELECT COUNT(*) AS tp_count FROM `think_blog_article_tag` WHERE `tag_tid` = 12 LIMIT 1   [ RunTime:0.0003s ]
INFO: [ view_parse ] --START--
INFO: [ template_filter ] --START--
INFO: Run Behavior\ContentReplaceBehavior [ RunTime:0.000484s ]
INFO: [ template_filter ] --END-- [ RunTime:0.000780s ]
INFO: Run Behavior\ParseTemplateBehavior [ RunTime:0.024876s ]
INFO: [ view_parse ] --END-- [ RunTime:0.025077s ]
INFO: [ view_filter ] --START--
INFO: Run Behavior\WriteHtmlCacheBehavior [ RunTime:0.001074s ]
INFO: [ view_filter ] --END-- [ RunTime:0.001250s ]
INFO: [ app_end ] --START--
INFO: Run Behavior\ShowPageTraceBehavior [ RunTime:0.001259s ]
INFO: [ app_end ] --END-- [ RunTime:0.001442s ]

[ 2016-09-19T11:37:56+08:00 ] ::1 /think_blog/index.php/Admin/Article/index.html
INFO: [ app_init ] --START--
INFO: Run Behavior\BuildLiteBehavior [ RunTime:0.000025s ]
INFO: [ app_init ] --END-- [ RunTime:0.000400s ]
INFO: [ app_begin ] --START--
INFO: Run Behavior\ReadHtmlCacheBehavior [ RunTime:0.000481s ]
INFO: [ app_begin ] --END-- [ RunTime:0.000602s ]
SQL: SHOW COLUMNS FROM `think_blog_article` [ RunTime:0.0035s ]
SQL: SELECT * FROM `think_blog_article` INNER JOIN think_blog_category ON category_cid=cid   ORDER BY addtime desc  [ RunTime:0.0006s ]
SQL: SHOW COLUMNS FROM `think_blog_tag` [ RunTime:0.0027s ]
SQL: SELECT * FROM `think_blog_tag` INNER JOIN think_blog_article_tag at ON tid=tag_tid   [ RunTime:0.0006s ]
INFO: [ view_parse ] --START--
INFO: [ template_filter ] --START--
INFO: Run Behavior\ContentReplaceBehavior [ RunTime:0.000124s ]
INFO: [ template_filter ] --END-- [ RunTime:0.000247s ]
NOTIC: [8] Undefined index: is_original D:\wamp\www\think_blog\Application\Runtime\Cache\Admin\d68c1effdec15e36d2122297104abebb.php 第 39 行.
NOTIC: [8] Undefined index: is_original D:\wamp\www\think_blog\Application\Runtime\Cache\Admin\d68c1effdec15e36d2122297104abebb.php 第 39 行.
NOTIC: [8] Undefined index: is_original D:\wamp\www\think_blog\Application\Runtime\Cache\Admin\d68c1effdec15e36d2122297104abebb.php 第 39 行.
NOTIC: [8] Undefined index: is_original D:\wamp\www\think_blog\Application\Runtime\Cache\Admin\d68c1effdec15e36d2122297104abebb.php 第 39 行.
NOTIC: [8] Undefined index: is_original D:\wamp\www\think_blog\Application\Runtime\Cache\Admin\d68c1effdec15e36d2122297104abebb.php 第 39 行.
NOTIC: [8] Undefined index: is_original D:\wamp\www\think_blog\Application\Runtime\Cache\Admin\d68c1effdec15e36d2122297104abebb.php 第 39 行.
NOTIC: [8] Undefined index: is_original D:\wamp\www\think_blog\Application\Runtime\Cache\Admin\d68c1effdec15e36d2122297104abebb.php 第 39 行.
NOTIC: [8] Undefined index: is_original D:\wamp\www\think_blog\Application\Runtime\Cache\Admin\d68c1effdec15e36d2122297104abebb.php 第 39 行.
NOTIC: [8] Undefined index: is_original D:\wamp\www\think_blog\Application\Runtime\Cache\Admin\d68c1effdec15e36d2122297104abebb.php 第 39 行.
NOTIC: [8] Undefined index: is_original D:\wamp\www\think_blog\Application\Runtime\Cache\Admin\d68c1effdec15e36d2122297104abebb.php 第 39 行.
NOTIC: [8] Undefined index: is_original D:\wamp\www\think_blog\Application\Runtime\Cache\Admin\d68c1effdec15e36d2122297104abebb.php 第 39 行.
NOTIC: [8] Undefined index: tags D:\wamp\www\think_blog\Application\Runtime\Cache\Admin\d68c1effdec15e36d2122297104abebb.php 第 36 行.
NOTIC: [8] Undefined index: is_original D:\wamp\www\think_blog\Application\Runtime\Cache\Admin\d68c1effdec15e36d2122297104abebb.php 第 39 行.
NOTIC: [8] Undefined variable: page D:\wamp\www\think_blog\Application\Runtime\Cache\Admin\d68c1effdec15e36d2122297104abebb.php 第 62 行.
INFO: Run Behavior\ParseTemplateBehavior [ RunTime:0.018928s ]
INFO: [ view_parse ] --END-- [ RunTime:0.019068s ]
INFO: [ view_filter ] --START--
INFO: Run Behavior\WriteHtmlCacheBehavior [ RunTime:0.000640s ]
INFO: [ view_filter ] --END-- [ RunTime:0.000777s ]
INFO: [ app_end ] --START--
INFO: Run Behavior\ShowPageTraceBehavior [ RunTime:0.001472s ]
INFO: [ app_end ] --END-- [ RunTime:0.001669s ]

[ 2016-09-19T11:37:57+08:00 ] ::1 /think_blog/index.php/Admin/Article/add.html
INFO: [ app_init ] --START--
INFO: Run Behavior\BuildLiteBehavior [ RunTime:0.000088s ]
INFO: [ app_init ] --END-- [ RunTime:0.000896s ]
INFO: [ app_begin ] --START--
INFO: Run Behavior\ReadHtmlCacheBehavior [ RunTime:0.000437s ]
INFO: [ app_begin ] --END-- [ RunTime:0.000543s ]
SQL: SHOW COLUMNS FROM `think_blog_article` [ RunTime:0.0641s ]
SQL: SHOW COLUMNS FROM `think_blog_category` [ RunTime:0.0537s ]
SQL: SELECT * FROM `think_blog_category` ORDER BY csort  [ RunTime:0.0005s ]
SQL: SHOW COLUMNS FROM `think_blog_tag` [ RunTime:0.0028s ]
SQL: SELECT * FROM `think_blog_tag`  [ RunTime:0.0004s ]
SQL: SHOW COLUMNS FROM `think_blog_article_tag` [ RunTime:0.0023s ]
SQL: SELECT COUNT(*) AS tp_count FROM `think_blog_article_tag` WHERE `tag_tid` = 1 LIMIT 1   [ RunTime:0.0003s ]
SQL: SELECT COUNT(*) AS tp_count FROM `think_blog_article_tag` WHERE `tag_tid` = 2 LIMIT 1   [ RunTime:0.0002s ]
SQL: SELECT COUNT(*) AS tp_count FROM `think_blog_article_tag` WHERE `tag_tid` = 3 LIMIT 1   [ RunTime:0.0002s ]
SQL: SELECT COUNT(*) AS tp_count FROM `think_blog_article_tag` WHERE `tag_tid` = 4 LIMIT 1   [ RunTime:0.0003s ]
SQL: SELECT COUNT(*) AS tp_count FROM `think_blog_article_tag` WHERE `tag_tid` = 5 LIMIT 1   [ RunTime:0.0003s ]
SQL: SELECT COUNT(*) AS tp_count FROM `think_blog_article_tag` WHERE `tag_tid` = 6 LIMIT 1   [ RunTime:0.0004s ]
SQL: SELECT COUNT(*) AS tp_count FROM `think_blog_article_tag` WHERE `tag_tid` = 7 LIMIT 1   [ RunTime:0.0003s ]
SQL: SELECT COUNT(*) AS tp_count FROM `think_blog_article_tag` WHERE `tag_tid` = 8 LIMIT 1   [ RunTime:0.0003s ]
SQL: SELECT COUNT(*) AS tp_count FROM `think_blog_article_tag` WHERE `tag_tid` = 9 LIMIT 1   [ RunTime:0.0002s ]
SQL: SELECT COUNT(*) AS tp_count FROM `think_blog_article_tag` WHERE `tag_tid` = 10 LIMIT 1   [ RunTime:0.0004s ]
SQL: SELECT COUNT(*) AS tp_count FROM `think_blog_article_tag` WHERE `tag_tid` = 11 LIMIT 1   [ RunTime:0.0005s ]
SQL: SELECT COUNT(*) AS tp_count FROM `think_blog_article_tag` WHERE `tag_tid` = 12 LIMIT 1   [ RunTime:0.0004s ]
INFO: [ view_parse ] --START--
INFO: [ template_filter ] --START--
INFO: Run Behavior\ContentReplaceBehavior [ RunTime:0.000230s ]
INFO: [ template_filter ] --END-- [ RunTime:0.000441s ]
INFO: Run Behavior\ParseTemplateBehavior [ RunTime:0.016243s ]
INFO: [ view_parse ] --END-- [ RunTime:0.016433s ]
INFO: [ view_filter ] --START--
INFO: Run Behavior\WriteHtmlCacheBehavior [ RunTime:0.000743s ]
INFO: [ view_filter ] --END-- [ RunTime:0.000904s ]
INFO: [ app_end ] --START--
INFO: Run Behavior\ShowPageTraceBehavior [ RunTime:0.000954s ]
INFO: [ app_end ] --END-- [ RunTime:0.001107s ]

